Loading plugins phase: Elapsed time ==> 0s.219ms
<CYPRESSTAG name="CyDsfit arguments...">
cydsfit arguments: -.fdsnotice -.fdswarpdepfile=warp_dependencies.txt -.fdselabdepfile=elab_dependencies.txt -.fdsbldfile=generated_files.txt -.fdsreffile=referenced_files.txt -p C:\Users\Kurty\Documents\Heart Rate Monitor PSoC\HR-Mon\Heart Rate Monitor Workspace\HRMon.cydsn\HRMon.cyprj -d CY8C5888LTI-LP097 -s C:\Users\Kurty\Documents\Heart Rate Monitor PSoC\HR-Mon\Heart Rate Monitor Workspace\HRMon.cydsn\Generated_Source\PSoC5 -- -yv2 -q10 -ygs -o2 -v3 -.fftcfgtype=LE
</CYPRESSTAG>
<CYPRESSTAG name="Design elaboration results...">
</CYPRESSTAG>
Elaboration phase: Elapsed time ==> 2s.084ms
<CYPRESSTAG name="HDL generation results...">
</CYPRESSTAG>
HDL generation phase: Elapsed time ==> 0s.045ms
<CYPRESSTAG name="Synthesis results...">

     | | | | | | |
   _________________
  -|               |-
  -|               |-
  -|               |-
  -|    CYPRESS    |-
  -|               |-
  -|               |-   Warp Verilog Synthesis Compiler: Version 6.3 IR 41
  -|               |-   Copyright (C) 1991-2001 Cypress Semiconductor
   |_______________|
     | | | | | | |

======================================================================
Compiling:  HRMon.v
Program  :   C:\Program Files (x86)\Cypress\PSoC Creator\4.4\PSoC Creator\warp\bin\warp.exe
Options  :    -yv2 -q10 -ygs -o2 -v3 -.fftcfgtype=LE -ya -.fftprj=C:\Users\Kurty\Documents\Heart Rate Monitor PSoC\HR-Mon\Heart Rate Monitor Workspace\HRMon.cydsn\HRMon.cyprj -dcpsoc3 HRMon.v -verilog
======================================================================

======================================================================
Compiling:  HRMon.v
Program  :   C:\Program Files (x86)\Cypress\PSoC Creator\4.4\PSoC Creator\warp\bin\warp.exe
Options  :    -yv2 -q10 -ygs -o2 -v3 -.fftcfgtype=LE -ya -.fftprj=C:\Users\Kurty\Documents\Heart Rate Monitor PSoC\HR-Mon\Heart Rate Monitor Workspace\HRMon.cydsn\HRMon.cyprj -dcpsoc3 HRMon.v -verilog
======================================================================

======================================================================
Compiling:  HRMon.v
Program  :   vlogfe
Options  :    -yv2 -q10 -ygs -o2 -v3 -.fftcfgtype=LE -ya -.fftprj=C:\Users\Kurty\Documents\Heart Rate Monitor PSoC\HR-Mon\Heart Rate Monitor Workspace\HRMon.cydsn\HRMon.cyprj -dcpsoc3 -verilog HRMon.v
======================================================================

vlogfe V6.3 IR 41:  Verilog parser
Wed May 12 10:49:51 2021


======================================================================
Compiling:  HRMon.v
Program  :   vpp
Options  :    -yv2 -q10 HRMon.v
======================================================================

vpp V6.3 IR 41:  Verilog Pre-Processor
Wed May 12 10:49:51 2021

Flattening file 'C:\Program Files (x86)\Cypress\PSoC Creator\4.4\PSoC Creator\psoc\content\CyPrimitives\cyprimitives.cylib\CyControlReg_v1_80\CyControlReg_v1_80.v'
Flattening file 'C:\Program Files (x86)\Cypress\PSoC Creator\4.4\PSoC Creator\warp\lib\common\cypress.v'
Flattening file 'C:\Program Files (x86)\Cypress\PSoC Creator\4.4\PSoC Creator\warp\lib\common\cy_psoc3_inc.v'
Flattening file 'C:\Program Files (x86)\Cypress\PSoC Creator\4.4\PSoC Creator\psoc\content\CyPrimitives\cyprimitives.cylib\ZeroTerminal\ZeroTerminal.v'
Flattening file 'C:\Program Files (x86)\Cypress\PSoC Creator\4.4\PSoC Creator\psoc\content\CyPrimitives\cyprimitives.cylib\cy_virtualmux_v1_0\cy_virtualmux_v1_0.v'
Flattening file 'C:\Program Files (x86)\Cypress\PSoC Creator\4.4\PSoC Creator\psoc\content\CyComponentLibrary\CyComponentLibrary.cylib\B_Timer_v2_80\B_Timer_v2_80.v'
Flattening file 'C:\Program Files (x86)\Cypress\PSoC Creator\4.4\PSoC Creator\warp\lib\common\cypress.v'
Flattening file 'C:\Program Files (x86)\Cypress\PSoC Creator\4.4\PSoC Creator\psoc\content\CyPrimitives\cyprimitives.cylib\OneTerminal\OneTerminal.v'

vpp:  No errors.

Library 'work' => directory 'lcpsoc3'
General_symbol_table
General_symbol_table
Linking 'C:\Program Files (x86)\Cypress\PSoC Creator\4.4\PSoC Creator\warp\lib\common\std.vhd'.
Linking 'C:\Program Files (x86)\Cypress\PSoC Creator\4.4\PSoC Creator\warp\lib\common\cypress.vhd'.
Linking 'C:\Program Files (x86)\Cypress\PSoC Creator\4.4\PSoC Creator\warp\lib\common\work\cypress.vif'.
Linking 'C:\Program Files (x86)\Cypress\PSoC Creator\4.4\PSoC Creator\warp\lib\ieee\work\stdlogic.vif'.
Linking 'C:\Program Files (x86)\Cypress\PSoC Creator\4.4\PSoC Creator\warp\lib\common\stdlogic\lpmpkg.vif'.
Linking 'C:\Program Files (x86)\Cypress\PSoC Creator\4.4\PSoC Creator\warp\lib\common\stdlogic\rtlpkg.vif'.
Linking 'C:\Program Files (x86)\Cypress\PSoC Creator\4.4\PSoC Creator\warp\lib\common\stdlogic\mod_cnst.vif'.
Linking 'C:\Program Files (x86)\Cypress\PSoC Creator\4.4\PSoC Creator\warp\lib\common\stdlogic\mod_mthv.vif'.
Linking 'C:\Program Files (x86)\Cypress\PSoC Creator\4.4\PSoC Creator\warp\lib\common\stdlogic\mod_genv.vif'.
Using control file 'HRMon.ctl'.
C:\Program Files (x86)\Cypress\PSoC Creator\4.4\PSoC Creator\psoc\content\CyComponentLibrary\CyComponentLibrary.cylib\B_Timer_v2_80\B_Timer_v2_80.v (line 368, col 46):  Note: Substituting module 'cmp_vv_vv' for '='.
C:\Program Files (x86)\Cypress\PSoC Creator\4.4\PSoC Creator\psoc\content\CyComponentLibrary\CyComponentLibrary.cylib\B_Timer_v2_80\B_Timer_v2_80.v (line 374, col 62):  Note: Substituting module 'add_vv_vv' for '+'.
Linking 'C:\Program Files (x86)\Cypress\PSoC Creator\4.4\PSoC Creator\warp\lib\common\stdlogic\cy_psoc3pkg.vif'.
Linking 'C:\Program Files (x86)\Cypress\PSoC Creator\4.4\PSoC Creator\warp\lib\common\stdlogic\cy_psoc3.vif'.

vlogfe:  No errors.


======================================================================
Compiling:  HRMon.v
Program  :   tovif
Options  :    -yv2 -q10 -ygs -o2 -v3 -.fftcfgtype=LE -ya -.fftprj=C:\Users\Kurty\Documents\Heart Rate Monitor PSoC\HR-Mon\Heart Rate Monitor Workspace\HRMon.cydsn\HRMon.cyprj -dcpsoc3 -verilog HRMon.v
======================================================================

tovif V6.3 IR 41:  High-level synthesis
Wed May 12 10:49:51 2021

Linking 'C:\Program Files (x86)\Cypress\PSoC Creator\4.4\PSoC Creator\warp\lib\common\std.vhd'.
Linking 'C:\Program Files (x86)\Cypress\PSoC Creator\4.4\PSoC Creator\warp\lib\common\cypress.vhd'.
Linking 'C:\Program Files (x86)\Cypress\PSoC Creator\4.4\PSoC Creator\warp\lib\common\work\cypress.vif'.
Linking 'C:\Program Files (x86)\Cypress\PSoC Creator\4.4\PSoC Creator\warp\lib\ieee\work\stdlogic.vif'.
Linking 'C:\Program Files (x86)\Cypress\PSoC Creator\4.4\PSoC Creator\warp\lib\common\stdlogic\lpmpkg.vif'.
Linking 'C:\Program Files (x86)\Cypress\PSoC Creator\4.4\PSoC Creator\warp\lib\common\stdlogic\rtlpkg.vif'.
Linking 'C:\Program Files (x86)\Cypress\PSoC Creator\4.4\PSoC Creator\warp\lib\common\stdlogic\mod_cnst.vif'.
Linking 'C:\Program Files (x86)\Cypress\PSoC Creator\4.4\PSoC Creator\warp\lib\common\stdlogic\mod_mthv.vif'.
Linking 'C:\Program Files (x86)\Cypress\PSoC Creator\4.4\PSoC Creator\warp\lib\common\stdlogic\mod_genv.vif'.
Linking 'C:\Users\Kurty\Documents\Heart Rate Monitor PSoC\HR-Mon\Heart Rate Monitor Workspace\HRMon.cydsn\codegentemp\HRMon.ctl'.
Linking 'C:\Program Files (x86)\Cypress\PSoC Creator\4.4\PSoC Creator\psoc\content\CyPrimitives\cyprimitives.cylib\CyControlReg_v1_80\CyControlReg_v1_80.v'.
Linking 'C:\Program Files (x86)\Cypress\PSoC Creator\4.4\PSoC Creator\warp\lib\common\cypress.v'.
Linking 'C:\Program Files (x86)\Cypress\PSoC Creator\4.4\PSoC Creator\warp\lib\common\cy_psoc3_inc.v'.
Linking 'C:\Users\Kurty\Documents\Heart Rate Monitor PSoC\HR-Mon\Heart Rate Monitor Workspace\HRMon.cydsn\codegentemp\HRMon.v'.
Linking 'C:\Program Files (x86)\Cypress\PSoC Creator\4.4\PSoC Creator\psoc\content\CyPrimitives\cyprimitives.cylib\ZeroTerminal\ZeroTerminal.v'.
Linking 'C:\Program Files (x86)\Cypress\PSoC Creator\4.4\PSoC Creator\psoc\content\CyPrimitives\cyprimitives.cylib\cy_virtualmux_v1_0\cy_virtualmux_v1_0.v'.
Linking 'C:\Program Files (x86)\Cypress\PSoC Creator\4.4\PSoC Creator\psoc\content\CyComponentLibrary\CyComponentLibrary.cylib\B_Timer_v2_80\B_Timer_v2_80.v'.
Linking 'C:\Program Files (x86)\Cypress\PSoC Creator\4.4\PSoC Creator\psoc\content\CyPrimitives\cyprimitives.cylib\OneTerminal\OneTerminal.v'.
Linking 'C:\Program Files (x86)\Cypress\PSoC Creator\4.4\PSoC Creator\warp\lib\common\stdlogic\cy_psoc3pkg.vif'.
Linking 'C:\Program Files (x86)\Cypress\PSoC Creator\4.4\PSoC Creator\warp\lib\common\stdlogic\cy_psoc3.vif'.

tovif:  No errors.


======================================================================
Compiling:  HRMon.v
Program  :   topld
Options  :    -yv2 -q10 -ygs -o2 -v3 -.fftcfgtype=LE -ya -.fftprj=C:\Users\Kurty\Documents\Heart Rate Monitor PSoC\HR-Mon\Heart Rate Monitor Workspace\HRMon.cydsn\HRMon.cyprj -dcpsoc3 -verilog HRMon.v
======================================================================

topld V6.3 IR 41:  Synthesis and optimization
Wed May 12 10:49:51 2021

Linking 'C:\Program Files (x86)\Cypress\PSoC Creator\4.4\PSoC Creator\warp\lib\common\std.vhd'.
Linking 'C:\Program Files (x86)\Cypress\PSoC Creator\4.4\PSoC Creator\warp\lib\common\cypress.vhd'.
Linking 'C:\Program Files (x86)\Cypress\PSoC Creator\4.4\PSoC Creator\warp\lib\common\work\cypress.vif'.
Linking 'C:\Program Files (x86)\Cypress\PSoC Creator\4.4\PSoC Creator\warp\lib\ieee\work\stdlogic.vif'.
Linking 'C:\Program Files (x86)\Cypress\PSoC Creator\4.4\PSoC Creator\warp\lib\common\stdlogic\lpmpkg.vif'.
Linking 'C:\Program Files (x86)\Cypress\PSoC Creator\4.4\PSoC Creator\warp\lib\common\stdlogic\rtlpkg.vif'.
Linking 'C:\Program Files (x86)\Cypress\PSoC Creator\4.4\PSoC Creator\warp\lib\common\stdlogic\mod_cnst.vif'.
Linking 'C:\Program Files (x86)\Cypress\PSoC Creator\4.4\PSoC Creator\warp\lib\common\stdlogic\mod_mthv.vif'.
Linking 'C:\Program Files (x86)\Cypress\PSoC Creator\4.4\PSoC Creator\warp\lib\common\stdlogic\mod_genv.vif'.
Linking 'C:\Users\Kurty\Documents\Heart Rate Monitor PSoC\HR-Mon\Heart Rate Monitor Workspace\HRMon.cydsn\codegentemp\HRMon.ctl'.
Linking 'C:\Program Files (x86)\Cypress\PSoC Creator\4.4\PSoC Creator\psoc\content\CyPrimitives\cyprimitives.cylib\CyControlReg_v1_80\CyControlReg_v1_80.v'.
Linking 'C:\Program Files (x86)\Cypress\PSoC Creator\4.4\PSoC Creator\warp\lib\common\cypress.v'.
Linking 'C:\Program Files (x86)\Cypress\PSoC Creator\4.4\PSoC Creator\warp\lib\common\cy_psoc3_inc.v'.
Linking 'C:\Users\Kurty\Documents\Heart Rate Monitor PSoC\HR-Mon\Heart Rate Monitor Workspace\HRMon.cydsn\codegentemp\HRMon.v'.
Linking 'C:\Program Files (x86)\Cypress\PSoC Creator\4.4\PSoC Creator\psoc\content\CyPrimitives\cyprimitives.cylib\ZeroTerminal\ZeroTerminal.v'.
Linking 'C:\Program Files (x86)\Cypress\PSoC Creator\4.4\PSoC Creator\psoc\content\CyPrimitives\cyprimitives.cylib\cy_virtualmux_v1_0\cy_virtualmux_v1_0.v'.
Linking 'C:\Program Files (x86)\Cypress\PSoC Creator\4.4\PSoC Creator\psoc\content\CyComponentLibrary\CyComponentLibrary.cylib\B_Timer_v2_80\B_Timer_v2_80.v'.
Linking 'C:\Program Files (x86)\Cypress\PSoC Creator\4.4\PSoC Creator\psoc\content\CyPrimitives\cyprimitives.cylib\OneTerminal\OneTerminal.v'.
Linking 'C:\Program Files (x86)\Cypress\PSoC Creator\4.4\PSoC Creator\warp\lib\common\stdlogic\cy_psoc3pkg.vif'.
Linking 'C:\Program Files (x86)\Cypress\PSoC Creator\4.4\PSoC Creator\warp\lib\common\stdlogic\cy_psoc3.vif'.
Linking 'C:\Program Files (x86)\Cypress\PSoC Creator\4.4\PSoC Creator\warp\lib\lcpsoc3\stdlogic\cpsoc3.vif'.

----------------------------------------------------------
Detecting unused logic.
----------------------------------------------------------
    User names
	Net_20
	Net_21
	Net_22
	Net_23
	\One_Hz_Timer:Net_260\
	Net_42
	\One_Hz_Timer:TimerUDB:ctrl_ten\
	\One_Hz_Timer:TimerUDB:ctrl_cmode_0\
	\One_Hz_Timer:TimerUDB:ctrl_tmode_1\
	\One_Hz_Timer:TimerUDB:ctrl_tmode_0\
	\One_Hz_Timer:TimerUDB:ctrl_ic_1\
	\One_Hz_Timer:TimerUDB:ctrl_ic_0\
	Net_36
	\One_Hz_Timer:TimerUDB:zeros_3\
	\One_Hz_Timer:TimerUDB:zeros_2\
	\One_Hz_Timer:Net_102\
	\One_Hz_Timer:Net_266\


Deleted 17 User equations/components.
Deleted 0 Synthesized equations/components.

------------------------------------------------------
Alias Detection
------------------------------------------------------
Aliasing \Seven_Segment_Reg:rst\ to \Seven_Segment_Reg:clk\
Aliasing tmpOE__Seven_Segment_net_5 to tmpOE__Seven_Segment_net_6
Aliasing tmpOE__Seven_Segment_net_4 to tmpOE__Seven_Segment_net_6
Aliasing tmpOE__Seven_Segment_net_3 to tmpOE__Seven_Segment_net_6
Aliasing tmpOE__Seven_Segment_net_2 to tmpOE__Seven_Segment_net_6
Aliasing tmpOE__Seven_Segment_net_1 to tmpOE__Seven_Segment_net_6
Aliasing tmpOE__Seven_Segment_net_0 to tmpOE__Seven_Segment_net_6
Aliasing zero to \Seven_Segment_Reg:clk\
Aliasing one to tmpOE__Seven_Segment_net_6
Aliasing tmpOE__Decimal_place_net_0 to tmpOE__Seven_Segment_net_6
Aliasing tmpOE__Digit_0_net_0 to tmpOE__Seven_Segment_net_6
Aliasing tmpOE__Digit_1_net_0 to tmpOE__Seven_Segment_net_6
Aliasing tmpOE__Digit_2_net_0 to tmpOE__Seven_Segment_net_6
Aliasing tmpOE__Digit_3_net_0 to tmpOE__Seven_Segment_net_6
Aliasing \Digit_Reg:clk\ to \Seven_Segment_Reg:clk\
Aliasing \Digit_Reg:rst\ to \Seven_Segment_Reg:clk\
Aliasing \One_Hz_Timer:TimerUDB:ctrl_cmode_1\ to \Seven_Segment_Reg:clk\
Aliasing \One_Hz_Timer:TimerUDB:trigger_enable\ to tmpOE__Seven_Segment_net_6
Aliasing \One_Hz_Timer:TimerUDB:status_6\ to \Seven_Segment_Reg:clk\
Aliasing \One_Hz_Timer:TimerUDB:status_5\ to \Seven_Segment_Reg:clk\
Aliasing \One_Hz_Timer:TimerUDB:status_4\ to \Seven_Segment_Reg:clk\
Aliasing \One_Hz_Timer:TimerUDB:status_0\ to \One_Hz_Timer:TimerUDB:tc_i\
Aliasing Net_34 to \Seven_Segment_Reg:clk\
Aliasing \One_Hz_Timer:TimerUDB:capture_last\\D\ to \Seven_Segment_Reg:clk\
Aliasing \One_Hz_Timer:TimerUDB:hwEnable_reg\\D\ to \One_Hz_Timer:TimerUDB:run_mode\
Aliasing \One_Hz_Timer:TimerUDB:capture_out_reg_i\\D\ to \One_Hz_Timer:TimerUDB:capt_fifo_load_int\
Removing Lhs of wire \Seven_Segment_Reg:rst\[1] = \Seven_Segment_Reg:clk\[0]
Removing Rhs of wire Net_11[2] = \Seven_Segment_Reg:control_out_0\[3]
Removing Rhs of wire Net_11[2] = \Seven_Segment_Reg:control_0\[26]
Removing Rhs of wire Net_12[4] = \Seven_Segment_Reg:control_out_1\[5]
Removing Rhs of wire Net_12[4] = \Seven_Segment_Reg:control_1\[25]
Removing Rhs of wire Net_13[6] = \Seven_Segment_Reg:control_out_2\[7]
Removing Rhs of wire Net_13[6] = \Seven_Segment_Reg:control_2\[24]
Removing Rhs of wire Net_14[8] = \Seven_Segment_Reg:control_out_3\[9]
Removing Rhs of wire Net_14[8] = \Seven_Segment_Reg:control_3\[23]
Removing Rhs of wire Net_15[10] = \Seven_Segment_Reg:control_out_4\[11]
Removing Rhs of wire Net_15[10] = \Seven_Segment_Reg:control_4\[22]
Removing Rhs of wire Net_16[12] = \Seven_Segment_Reg:control_out_5\[13]
Removing Rhs of wire Net_16[12] = \Seven_Segment_Reg:control_5\[21]
Removing Rhs of wire Net_17[14] = \Seven_Segment_Reg:control_out_6\[15]
Removing Rhs of wire Net_17[14] = \Seven_Segment_Reg:control_6\[20]
Removing Rhs of wire Net_18[16] = \Seven_Segment_Reg:control_out_7\[17]
Removing Rhs of wire Net_18[16] = \Seven_Segment_Reg:control_7\[19]
Removing Lhs of wire tmpOE__Seven_Segment_net_5[29] = tmpOE__Seven_Segment_net_6[28]
Removing Lhs of wire tmpOE__Seven_Segment_net_4[30] = tmpOE__Seven_Segment_net_6[28]
Removing Lhs of wire tmpOE__Seven_Segment_net_3[31] = tmpOE__Seven_Segment_net_6[28]
Removing Lhs of wire tmpOE__Seven_Segment_net_2[32] = tmpOE__Seven_Segment_net_6[28]
Removing Lhs of wire tmpOE__Seven_Segment_net_1[33] = tmpOE__Seven_Segment_net_6[28]
Removing Lhs of wire tmpOE__Seven_Segment_net_0[34] = tmpOE__Seven_Segment_net_6[28]
Removing Rhs of wire zero[50] = \Seven_Segment_Reg:clk\[0]
Removing Lhs of wire one[51] = tmpOE__Seven_Segment_net_6[28]
Removing Lhs of wire tmpOE__Decimal_place_net_0[54] = tmpOE__Seven_Segment_net_6[28]
Removing Lhs of wire tmpOE__Digit_0_net_0[60] = tmpOE__Seven_Segment_net_6[28]
Removing Rhs of wire Net_89[61] = \Digit_Reg:control_out_0\[89]
Removing Rhs of wire Net_89[61] = \Digit_Reg:control_0\[109]
Removing Lhs of wire tmpOE__Digit_1_net_0[67] = tmpOE__Seven_Segment_net_6[28]
Removing Rhs of wire Net_90[68] = \Digit_Reg:control_out_1\[90]
Removing Rhs of wire Net_90[68] = \Digit_Reg:control_1\[108]
Removing Lhs of wire tmpOE__Digit_2_net_0[74] = tmpOE__Seven_Segment_net_6[28]
Removing Rhs of wire Net_91[75] = \Digit_Reg:control_out_2\[91]
Removing Rhs of wire Net_91[75] = \Digit_Reg:control_2\[107]
Removing Lhs of wire tmpOE__Digit_3_net_0[81] = tmpOE__Seven_Segment_net_6[28]
Removing Rhs of wire Net_92[82] = \Digit_Reg:control_out_3\[92]
Removing Rhs of wire Net_92[82] = \Digit_Reg:control_3\[106]
Removing Lhs of wire \Digit_Reg:clk\[87] = zero[50]
Removing Lhs of wire \Digit_Reg:rst\[88] = zero[50]
Removing Rhs of wire Net_46[111] = \One_Hz_Timer:Net_53\[115]
Removing Rhs of wire Net_46[111] = \One_Hz_Timer:TimerUDB:tc_reg_i\[148]
Removing Lhs of wire \One_Hz_Timer:TimerUDB:ctrl_enable\[130] = \One_Hz_Timer:TimerUDB:control_7\[122]
Removing Lhs of wire \One_Hz_Timer:TimerUDB:ctrl_cmode_1\[132] = zero[50]
Removing Rhs of wire \One_Hz_Timer:TimerUDB:timer_enable\[141] = \One_Hz_Timer:TimerUDB:runmode_enable\[153]
Removing Rhs of wire \One_Hz_Timer:TimerUDB:run_mode\[142] = \One_Hz_Timer:TimerUDB:hwEnable\[143]
Removing Lhs of wire \One_Hz_Timer:TimerUDB:run_mode\[142] = \One_Hz_Timer:TimerUDB:control_7\[122]
Removing Lhs of wire \One_Hz_Timer:TimerUDB:trigger_enable\[145] = tmpOE__Seven_Segment_net_6[28]
Removing Lhs of wire \One_Hz_Timer:TimerUDB:tc_i\[147] = \One_Hz_Timer:TimerUDB:status_tc\[144]
Removing Lhs of wire \One_Hz_Timer:TimerUDB:capt_fifo_load_int\[152] = \One_Hz_Timer:TimerUDB:capt_fifo_load\[140]
Removing Lhs of wire \One_Hz_Timer:TimerUDB:status_6\[155] = zero[50]
Removing Lhs of wire \One_Hz_Timer:TimerUDB:status_5\[156] = zero[50]
Removing Lhs of wire \One_Hz_Timer:TimerUDB:status_4\[157] = zero[50]
Removing Lhs of wire \One_Hz_Timer:TimerUDB:status_0\[158] = \One_Hz_Timer:TimerUDB:status_tc\[144]
Removing Lhs of wire \One_Hz_Timer:TimerUDB:status_1\[159] = \One_Hz_Timer:TimerUDB:capt_fifo_load\[140]
Removing Rhs of wire \One_Hz_Timer:TimerUDB:status_2\[160] = \One_Hz_Timer:TimerUDB:fifo_full\[161]
Removing Rhs of wire \One_Hz_Timer:TimerUDB:status_3\[162] = \One_Hz_Timer:TimerUDB:fifo_nempty\[163]
Removing Lhs of wire Net_34[165] = zero[50]
Removing Lhs of wire \One_Hz_Timer:TimerUDB:cs_addr_2\[166] = zero[50]
Removing Lhs of wire \One_Hz_Timer:TimerUDB:cs_addr_1\[167] = \One_Hz_Timer:TimerUDB:trig_reg\[154]
Removing Lhs of wire \One_Hz_Timer:TimerUDB:cs_addr_0\[168] = \One_Hz_Timer:TimerUDB:per_zero\[146]
Removing Lhs of wire \One_Hz_Timer:TimerUDB:capture_last\\D\[252] = zero[50]
Removing Lhs of wire \One_Hz_Timer:TimerUDB:tc_reg_i\\D\[253] = \One_Hz_Timer:TimerUDB:status_tc\[144]
Removing Lhs of wire \One_Hz_Timer:TimerUDB:hwEnable_reg\\D\[254] = \One_Hz_Timer:TimerUDB:control_7\[122]
Removing Lhs of wire \One_Hz_Timer:TimerUDB:capture_out_reg_i\\D\[255] = \One_Hz_Timer:TimerUDB:capt_fifo_load\[140]

------------------------------------------------------
Aliased 0 equations, 65 wires.
------------------------------------------------------

----------------------------------------------------------
Circuit simplification
----------------------------------------------------------

Substituting virtuals - pass 1:

Note:  Expanding virtual equation for 'zero' (cost = 0):
zero <=  ('0') ;

Note:  Expanding virtual equation for 'tmpOE__Seven_Segment_net_6' (cost = 0):
tmpOE__Seven_Segment_net_6 <=  ('1') ;

Note:  Expanding virtual equation for '\One_Hz_Timer:TimerUDB:fifo_load_polarized\' (cost = 0):
\One_Hz_Timer:TimerUDB:fifo_load_polarized\ <=  ('0') ;

Note:  Expanding virtual equation for '\One_Hz_Timer:TimerUDB:timer_enable\' (cost = 0):
\One_Hz_Timer:TimerUDB:timer_enable\ <= (\One_Hz_Timer:TimerUDB:control_7\);


Substituting virtuals - pass 2:


----------------------------------------------------------
Circuit simplification results:

	Expanded 4 signals.
	Turned 0 signals into soft nodes.
	Maximum default expansion cost was set at 3.
----------------------------------------------------------

------------------------------------------------------
Alias Detection
------------------------------------------------------
Aliasing \One_Hz_Timer:TimerUDB:capt_fifo_load\ to zero
Removing Lhs of wire \One_Hz_Timer:TimerUDB:capt_fifo_load\[140] = zero[50]
Removing Lhs of wire \One_Hz_Timer:TimerUDB:trig_reg\[154] = \One_Hz_Timer:TimerUDB:control_7\[122]

------------------------------------------------------
Aliased 0 equations, 2 wires.
------------------------------------------------------

----------------------------------------------------------
Circuit simplification
----------------------------------------------------------

Eliminating unused logic - pass 1:


Eliminating unused logic - pass 2:


Substituting virtuals - pass 1:


----------------------------------------------------------
Circuit simplification results:

	Expanded 0 signals.
	Turned 0 signals into soft nodes.
	Maximum default expansion cost was set at 3.
----------------------------------------------------------

topld:  No errors.

CYPRESS_DIR    : C:\Program Files (x86)\Cypress\PSoC Creator\4.4\PSoC Creator\warp
Warp Program   : C:\Program Files (x86)\Cypress\PSoC Creator\4.4\PSoC Creator\warp\bin\warp.exe
Warp Arguments : -yv2 -q10 -ygs -o2 -v3 -.fftcfgtype=LE -ya "-.fftprj=C:\Users\Kurty\Documents\Heart Rate Monitor PSoC\HR-Mon\Heart Rate Monitor Workspace\HRMon.cydsn\HRMon.cyprj" -dcpsoc3 HRMon.v -verilog
</CYPRESSTAG>
Warp synthesis phase: Elapsed time ==> 1s.044ms
<CYPRESSTAG name="Fitter results...">
<CYPRESSTAG name="Fitter startup details...">
cyp3fit: V4.4.0.80, Family: PSoC3, Started at: Wednesday, 12 May 2021 10:49:51
Options: -yv2 -q10 -ygs -o2 -v3 -.fftcfgtype=LE -ya -.fftprj=C:\Users\Kurty\Documents\Heart Rate Monitor PSoC\HR-Mon\Heart Rate Monitor Workspace\HRMon.cydsn\HRMon.cyprj -d CY8C5888LTI-LP097 HRMon.v -verilog
</CYPRESSTAG>
<CYPRESSTAG name="Design parsing">
Design parsing phase: Elapsed time ==> 0s.013ms
</CYPRESSTAG>
<CYPRESSTAG name="Tech Mapping">
<CYPRESSTAG name="Initial Mapping" icon="FILE_RPT_TECHM">
    Converted constant MacroCell: \One_Hz_Timer:TimerUDB:capture_last\ from registered to combinatorial
    Converted constant MacroCell: \One_Hz_Timer:TimerUDB:capture_out_reg_i\ from registered to combinatorial
Assigning clock timer_clock to clock ILO because it is a pass-through
<CYPRESSTAG name="Global Clock Selection" icon="FILE_RPT_TECHM">
</CYPRESSTAG>

Removing unused cells resulting from optimization
Done removing unused cells.
<CYPRESSTAG name="UDB Clock/Enable Remapping Results">
    UDB Clk/Enable \One_Hz_Timer:TimerUDB:clock_enable_block\: with output requested to be synchronous
        ClockIn: ILO was determined to be a routed clock that is asynchronous
        EnableIn: Constant 1 was determined to be synchronous to ClockIn
        ClockOut: BUS_CLK, EnableOut: ClockBlock_1k__SYNC:synccell.out
    UDB Clk/Enable \One_Hz_Timer:TimerUDB:sCTRLReg:SyncCtl:cy_psoc3_udb_Ctl_Clk_Sync\: with output requested to be synchronous
        ClockIn: ILO was determined to be a routed clock that is asynchronous
        EnableIn: Constant 1 was determined to be synchronous to ClockIn
        ClockOut: BUS_CLK, EnableOut: ClockBlock_1k__SYNC_1:synccell.out
</CYPRESSTAG>
ADD: pft.M0040: information: The following 4 pin(s) will be assigned a location by the fitter: Digit_0(0), Digit_1(0), Digit_2(0), Digit_3(0)


Removing unused cells resulting from optimization
Done removing unused cells.
<CYPRESSTAG name="Duplicate Macrocell detection">
</CYPRESSTAG>
</CYPRESSTAG>
<CYPRESSTAG name="Duplicate Macrocell detection">
</CYPRESSTAG>
<CYPRESSTAG name="Design Equations" icon="FILE_RPT_EQUATION">

------------------------------------------------------------
Design Equations
------------------------------------------------------------
    <CYPRESSTAG name="Pin listing">

    ------------------------------------------------------------
    Pin listing
    ------------------------------------------------------------

    Pin : Name = Seven_Segment(0)
        Attributes:
            In Group/Port: True
            In Sync Option: AUTO
            Out Sync Option: NOSYNC
            Interrupt generated: False
            Interrupt mode: NONE
            Drive mode: CMOS_OUT
            VTrip: EITHER
            Slew: FAST
            Input Sync needed: False
            Output Sync needed: False
            SC shield enabled: False
            POR State: ANY
            LCD Mode: COMMON
            Register Mode: RegComb
            CaSense Mode: NEITHER
            Treat as pin: False
            Is OE Registered: False
            Uses Analog: False
            Can contain Digital: True
            Is SIO: False
            SIO Output Buf: NONREGULATED
            SIO Input Buf: SINGLE_ENDED
            SIO HiFreq: LOW
            SIO Hyst: DISABLED
            SIO Vtrip: MULTIPLIER_0_5
            SIO Multiplier Index: 0
            SIO RefSel: VCC_IO
            Required Capabilities: DIGITAL, ROUTABLE
            Initial Value: 0
            IO Voltage: 0
        PORT MAP (
            pa_out => Seven_Segment(0)__PA ,
            pin_input => Net_11 ,
            pad => Seven_Segment(0)_PAD );
        Properties:
        {
        }

    Pin : Name = Seven_Segment(1)
        Attributes:
            In Group/Port: True
            In Sync Option: AUTO
            Out Sync Option: NOSYNC
            Interrupt generated: False
            Interrupt mode: NONE
            Drive mode: CMOS_OUT
            VTrip: EITHER
            Slew: FAST
            Input Sync needed: False
            Output Sync needed: False
            SC shield enabled: False
            POR State: ANY
            LCD Mode: COMMON
            Register Mode: RegComb
            CaSense Mode: NEITHER
            Treat as pin: False
            Is OE Registered: False
            Uses Analog: False
            Can contain Digital: True
            Is SIO: False
            SIO Output Buf: NONREGULATED
            SIO Input Buf: SINGLE_ENDED
            SIO HiFreq: LOW
            SIO Hyst: DISABLED
            SIO Vtrip: MULTIPLIER_0_5
            SIO Multiplier Index: 0
            SIO RefSel: VCC_IO
            Required Capabilities: DIGITAL, ROUTABLE
            Initial Value: 0
            IO Voltage: 0
        PORT MAP (
            pa_out => Seven_Segment(1)__PA ,
            pin_input => Net_12 ,
            pad => Seven_Segment(1)_PAD );
        Properties:
        {
        }

    Pin : Name = Seven_Segment(2)
        Attributes:
            In Group/Port: True
            In Sync Option: AUTO
            Out Sync Option: NOSYNC
            Interrupt generated: False
            Interrupt mode: NONE
            Drive mode: CMOS_OUT
            VTrip: EITHER
            Slew: FAST
            Input Sync needed: False
            Output Sync needed: False
            SC shield enabled: False
            POR State: ANY
            LCD Mode: COMMON
            Register Mode: RegComb
            CaSense Mode: NEITHER
            Treat as pin: False
            Is OE Registered: False
            Uses Analog: False
            Can contain Digital: True
            Is SIO: False
            SIO Output Buf: NONREGULATED
            SIO Input Buf: SINGLE_ENDED
            SIO HiFreq: LOW
            SIO Hyst: DISABLED
            SIO Vtrip: MULTIPLIER_0_5
            SIO Multiplier Index: 0
            SIO RefSel: VCC_IO
            Required Capabilities: DIGITAL, ROUTABLE
            Initial Value: 0
            IO Voltage: 0
        PORT MAP (
            pa_out => Seven_Segment(2)__PA ,
            pin_input => Net_13 ,
            pad => Seven_Segment(2)_PAD );
        Properties:
        {
        }

    Pin : Name = Seven_Segment(3)
        Attributes:
            In Group/Port: True
            In Sync Option: AUTO
            Out Sync Option: NOSYNC
            Interrupt generated: False
            Interrupt mode: NONE
            Drive mode: CMOS_OUT
            VTrip: EITHER
            Slew: FAST
            Input Sync needed: False
            Output Sync needed: False
            SC shield enabled: False
            POR State: ANY
            LCD Mode: COMMON
            Register Mode: RegComb
            CaSense Mode: NEITHER
            Treat as pin: False
            Is OE Registered: False
            Uses Analog: False
            Can contain Digital: True
            Is SIO: False
            SIO Output Buf: NONREGULATED
            SIO Input Buf: SINGLE_ENDED
            SIO HiFreq: LOW
            SIO Hyst: DISABLED
            SIO Vtrip: MULTIPLIER_0_5
            SIO Multiplier Index: 0
            SIO RefSel: VCC_IO
            Required Capabilities: DIGITAL, ROUTABLE
            Initial Value: 0
            IO Voltage: 0
        PORT MAP (
            pa_out => Seven_Segment(3)__PA ,
            pin_input => Net_14 ,
            pad => Seven_Segment(3)_PAD );
        Properties:
        {
        }

    Pin : Name = Seven_Segment(4)
        Attributes:
            In Group/Port: True
            In Sync Option: AUTO
            Out Sync Option: NOSYNC
            Interrupt generated: False
            Interrupt mode: NONE
            Drive mode: CMOS_OUT
            VTrip: EITHER
            Slew: FAST
            Input Sync needed: False
            Output Sync needed: False
            SC shield enabled: False
            POR State: ANY
            LCD Mode: COMMON
            Register Mode: RegComb
            CaSense Mode: NEITHER
            Treat as pin: False
            Is OE Registered: False
            Uses Analog: False
            Can contain Digital: True
            Is SIO: False
            SIO Output Buf: NONREGULATED
            SIO Input Buf: SINGLE_ENDED
            SIO HiFreq: LOW
            SIO Hyst: DISABLED
            SIO Vtrip: MULTIPLIER_0_5
            SIO Multiplier Index: 0
            SIO RefSel: VCC_IO
            Required Capabilities: DIGITAL, ROUTABLE
            Initial Value: 0
            IO Voltage: 0
        PORT MAP (
            pa_out => Seven_Segment(4)__PA ,
            pin_input => Net_15 ,
            pad => Seven_Segment(4)_PAD );
        Properties:
        {
        }

    Pin : Name = Seven_Segment(5)
        Attributes:
            In Group/Port: True
            In Sync Option: AUTO
            Out Sync Option: NOSYNC
            Interrupt generated: False
            Interrupt mode: NONE
            Drive mode: CMOS_OUT
            VTrip: EITHER
            Slew: FAST
            Input Sync needed: False
            Output Sync needed: False
            SC shield enabled: False
            POR State: ANY
            LCD Mode: COMMON
            Register Mode: RegComb
            CaSense Mode: NEITHER
            Treat as pin: False
            Is OE Registered: False
            Uses Analog: False
            Can contain Digital: True
            Is SIO: False
            SIO Output Buf: NONREGULATED
            SIO Input Buf: SINGLE_ENDED
            SIO HiFreq: LOW
            SIO Hyst: DISABLED
            SIO Vtrip: MULTIPLIER_0_5
            SIO Multiplier Index: 0
            SIO RefSel: VCC_IO
            Required Capabilities: DIGITAL, ROUTABLE
            Initial Value: 0
            IO Voltage: 0
        PORT MAP (
            pa_out => Seven_Segment(5)__PA ,
            pin_input => Net_16 ,
            pad => Seven_Segment(5)_PAD );
        Properties:
        {
        }

    Pin : Name = Seven_Segment(6)
        Attributes:
            In Group/Port: True
            In Sync Option: AUTO
            Out Sync Option: NOSYNC
            Interrupt generated: False
            Interrupt mode: NONE
            Drive mode: CMOS_OUT
            VTrip: EITHER
            Slew: FAST
            Input Sync needed: False
            Output Sync needed: False
            SC shield enabled: False
            POR State: ANY
            LCD Mode: COMMON
            Register Mode: RegComb
            CaSense Mode: NEITHER
            Treat as pin: False
            Is OE Registered: False
            Uses Analog: False
            Can contain Digital: True
            Is SIO: False
            SIO Output Buf: NONREGULATED
            SIO Input Buf: SINGLE_ENDED
            SIO HiFreq: LOW
            SIO Hyst: DISABLED
            SIO Vtrip: MULTIPLIER_0_5
            SIO Multiplier Index: 0
            SIO RefSel: VCC_IO
            Required Capabilities: DIGITAL, ROUTABLE
            Initial Value: 0
            IO Voltage: 0
        PORT MAP (
            pa_out => Seven_Segment(6)__PA ,
            pin_input => Net_17 ,
            pad => Seven_Segment(6)_PAD );
        Properties:
        {
        }

    Pin : Name = Decimal_place(0)
        Attributes:
            In Group/Port: True
            In Sync Option: AUTO
            Out Sync Option: NOSYNC
            Interrupt generated: False
            Interrupt mode: NONE
            Drive mode: CMOS_OUT
            VTrip: EITHER
            Slew: FAST
            Input Sync needed: False
            Output Sync needed: False
            SC shield enabled: False
            POR State: ANY
            LCD Mode: COMMON
            Register Mode: RegComb
            CaSense Mode: NEITHER
            Treat as pin: True
            Is OE Registered: False
            Uses Analog: False
            Can contain Digital: True
            Is SIO: False
            SIO Output Buf: NONREGULATED
            SIO Input Buf: SINGLE_ENDED
            SIO HiFreq: LOW
            SIO Hyst: DISABLED
            SIO Vtrip: MULTIPLIER_0_5
            SIO Multiplier Index: 0
            SIO RefSel: VCC_IO
            Required Capabilities: DIGITAL, ROUTABLE
            Initial Value: 0
            IO Voltage: 0
        PORT MAP (
            pa_out => Decimal_place(0)__PA ,
            pin_input => Net_18 ,
            pad => Decimal_place(0)_PAD );
        Properties:
        {
        }

    Pin : Name = Digit_0(0)
        Attributes:
            In Group/Port: True
            In Sync Option: AUTO
            Out Sync Option: NOSYNC
            Interrupt generated: False
            Interrupt mode: NONE
            Drive mode: CMOS_OUT
            VTrip: EITHER
            Slew: FAST
            Input Sync needed: False
            Output Sync needed: False
            SC shield enabled: False
            POR State: ANY
            LCD Mode: COMMON
            Register Mode: RegComb
            CaSense Mode: NEITHER
            Treat as pin: True
            Is OE Registered: False
            Uses Analog: False
            Can contain Digital: True
            Is SIO: False
            SIO Output Buf: NONREGULATED
            SIO Input Buf: SINGLE_ENDED
            SIO HiFreq: LOW
            SIO Hyst: DISABLED
            SIO Vtrip: MULTIPLIER_0_5
            SIO Multiplier Index: 0
            SIO RefSel: VCC_IO
            Required Capabilities: DIGITAL, ROUTABLE
            Initial Value: 0
            IO Voltage: 0
        PORT MAP (
            pa_out => Digit_0(0)__PA ,
            pin_input => Net_89 ,
            pad => Digit_0(0)_PAD );

    Pin : Name = Digit_1(0)
        Attributes:
            In Group/Port: True
            In Sync Option: AUTO
            Out Sync Option: NOSYNC
            Interrupt generated: False
            Interrupt mode: NONE
            Drive mode: CMOS_OUT
            VTrip: EITHER
            Slew: FAST
            Input Sync needed: False
            Output Sync needed: False
            SC shield enabled: False
            POR State: ANY
            LCD Mode: COMMON
            Register Mode: RegComb
            CaSense Mode: NEITHER
            Treat as pin: True
            Is OE Registered: False
            Uses Analog: False
            Can contain Digital: True
            Is SIO: False
            SIO Output Buf: NONREGULATED
            SIO Input Buf: SINGLE_ENDED
            SIO HiFreq: LOW
            SIO Hyst: DISABLED
            SIO Vtrip: MULTIPLIER_0_5
            SIO Multiplier Index: 0
            SIO RefSel: VCC_IO
            Required Capabilities: DIGITAL, ROUTABLE
            Initial Value: 0
            IO Voltage: 0
        PORT MAP (
            pa_out => Digit_1(0)__PA ,
            pin_input => Net_90 ,
            pad => Digit_1(0)_PAD );

    Pin : Name = Digit_2(0)
        Attributes:
            In Group/Port: True
            In Sync Option: AUTO
            Out Sync Option: NOSYNC
            Interrupt generated: False
            Interrupt mode: NONE
            Drive mode: CMOS_OUT
            VTrip: EITHER
            Slew: FAST
            Input Sync needed: False
            Output Sync needed: False
            SC shield enabled: False
            POR State: ANY
            LCD Mode: COMMON
            Register Mode: RegComb
            CaSense Mode: NEITHER
            Treat as pin: True
            Is OE Registered: False
            Uses Analog: False
            Can contain Digital: True
            Is SIO: False
            SIO Output Buf: NONREGULATED
            SIO Input Buf: SINGLE_ENDED
            SIO HiFreq: LOW
            SIO Hyst: DISABLED
            SIO Vtrip: MULTIPLIER_0_5
            SIO Multiplier Index: 0
            SIO RefSel: VCC_IO
            Required Capabilities: DIGITAL, ROUTABLE
            Initial Value: 0
            IO Voltage: 0
        PORT MAP (
            pa_out => Digit_2(0)__PA ,
            pin_input => Net_91 ,
            pad => Digit_2(0)_PAD );

    Pin : Name = Digit_3(0)
        Attributes:
            In Group/Port: True
            In Sync Option: AUTO
            Out Sync Option: NOSYNC
            Interrupt generated: False
            Interrupt mode: NONE
            Drive mode: CMOS_OUT
            VTrip: EITHER
            Slew: FAST
            Input Sync needed: False
            Output Sync needed: False
            SC shield enabled: False
            POR State: ANY
            LCD Mode: COMMON
            Register Mode: RegComb
            CaSense Mode: NEITHER
            Treat as pin: True
            Is OE Registered: False
            Uses Analog: False
            Can contain Digital: True
            Is SIO: False
            SIO Output Buf: NONREGULATED
            SIO Input Buf: SINGLE_ENDED
            SIO HiFreq: LOW
            SIO Hyst: DISABLED
            SIO Vtrip: MULTIPLIER_0_5
            SIO Multiplier Index: 0
            SIO RefSel: VCC_IO
            Required Capabilities: DIGITAL, ROUTABLE
            Initial Value: 0
            IO Voltage: 0
        PORT MAP (
            pa_out => Digit_3(0)__PA ,
            pin_input => Net_92 ,
            pad => Digit_3(0)_PAD );
    </CYPRESSTAG>
    <CYPRESSTAG name="Macrocell listing" icon="FILE_RPT_EQUATION">

    ------------------------------------------------------------
    Macrocell listing
    ------------------------------------------------------------

    MacroCell: Name=\One_Hz_Timer:TimerUDB:status_tc\, Mode=(Combinatorial)
        Total # of inputs        : 2
        Total # of product terms : 1
            Clock Enable: True
        Main Equation            : 1 pterm
        (
              \One_Hz_Timer:TimerUDB:control_7\ * 
              \One_Hz_Timer:TimerUDB:per_zero\
        );
        Output = \One_Hz_Timer:TimerUDB:status_tc\ (fanout=1)

    MacroCell: Name=Net_46, Mode=(D-Register)
        Total # of inputs        : 2
        Total # of product terms : 1
        List of special equations: 
            Clock  = (ClockBlock_BUS_CLK) => Global
            Clock Enable: PosEdge(ClockBlock_1k__SYNC_OUT)
        Main Equation            : 1 pterm
        (
              \One_Hz_Timer:TimerUDB:control_7\ * 
              \One_Hz_Timer:TimerUDB:per_zero\
        );
        Output = Net_46 (fanout=1)
    </CYPRESSTAG>
    <CYPRESSTAG name="Datapath listing">

    ------------------------------------------------------------
    Datapath listing
    ------------------------------------------------------------

    datapathcell: Name =\One_Hz_Timer:TimerUDB:sT16:timerdp:u0\
        PORT MAP (
            clock => ClockBlock_BUS_CLK ,
            cs_addr_1 => \One_Hz_Timer:TimerUDB:control_7\ ,
            cs_addr_0 => \One_Hz_Timer:TimerUDB:per_zero\ ,
            chain_out => \One_Hz_Timer:TimerUDB:sT16:timerdp:carry\ ,
            clk_en => ClockBlock_1k__SYNC_OUT );
        Properties:
        {
            a0_init = "00000000"
            a1_init = "00000000"
            ce0_sync = 1
            ce1_sync = 1
            cl0_sync = 1
            cl1_sync = 1
            cmsb_sync = 1
            co_msb_sync = 1
            cy_dpconfig = "0000000001000000000000000100000001000000010000000000000010000000000000001000000000000000100000000000000010000000000000001000000011111111000000001111111111111111000000000000000000000001000000000000000000011000"
            d0_init = "00000000"
            d1_init = "00000000"
            f0_blk_sync = 1
            f0_bus_sync = 1
            f1_blk_sync = 1
            f1_bus_sync = 1
            ff0_sync = 1
            ff1_sync = 1
            ov_msb_sync = 1
            so_sync = 1
            z0_sync = 1
            z1_sync = 1
        }
        Clock Polarity: Active High
        Clock Enable: PosEdge(ClockBlock_1k__SYNC_OUT)
        Next in chain : \One_Hz_Timer:TimerUDB:sT16:timerdp:u1\

    datapathcell: Name =\One_Hz_Timer:TimerUDB:sT16:timerdp:u1\
        PORT MAP (
            clock => ClockBlock_BUS_CLK ,
            cs_addr_1 => \One_Hz_Timer:TimerUDB:control_7\ ,
            cs_addr_0 => \One_Hz_Timer:TimerUDB:per_zero\ ,
            z0_comb => \One_Hz_Timer:TimerUDB:per_zero\ ,
            f0_bus_stat_comb => \One_Hz_Timer:TimerUDB:status_3\ ,
            f0_blk_stat_comb => \One_Hz_Timer:TimerUDB:status_2\ ,
            chain_in => \One_Hz_Timer:TimerUDB:sT16:timerdp:carry\ ,
            clk_en => ClockBlock_1k__SYNC_OUT );
        Properties:
        {
            a0_init = "00000000"
            a1_init = "00000000"
            ce0_sync = 1
            ce1_sync = 1
            cl0_sync = 1
            cl1_sync = 1
            cmsb_sync = 1
            co_msb_sync = 1
            cy_dpconfig = "0000000001000000000000000100000001000000010000000000000010000000000000001000000000000000100000000000000010000000000000001000000011111111000000001111111111111111100000110000000000000001000000110000000000011000"
            d0_init = "00000000"
            d1_init = "00000000"
            f0_blk_sync = 1
            f0_bus_sync = 1
            f1_blk_sync = 1
            f1_bus_sync = 1
            ff0_sync = 1
            ff1_sync = 1
            ov_msb_sync = 1
            so_sync = 1
            z0_sync = 1
            z1_sync = 1
        }
        Clock Polarity: Active High
        Clock Enable: PosEdge(ClockBlock_1k__SYNC_OUT)
        Previous in chain : \One_Hz_Timer:TimerUDB:sT16:timerdp:u0\
    </CYPRESSTAG>
    <CYPRESSTAG name="Status register listing">
    </CYPRESSTAG>
    <CYPRESSTAG name="StatusI register listing">

    ------------------------------------------------------------
    StatusI register listing
    ------------------------------------------------------------

    statusicell: Name =\One_Hz_Timer:TimerUDB:rstSts:stsreg\
        PORT MAP (
            clock => ClockBlock_BUS_CLK ,
            status_3 => \One_Hz_Timer:TimerUDB:status_3\ ,
            status_2 => \One_Hz_Timer:TimerUDB:status_2\ ,
            status_0 => \One_Hz_Timer:TimerUDB:status_tc\ ,
            clk_en => ClockBlock_1k__SYNC_OUT );
        Properties:
        {
            cy_force_order = 1
            cy_int_mask = "1111111"
            cy_md_select = "0000011"
        }
        Clock Polarity: Active High
        Clock Enable: PosEdge(ClockBlock_1k__SYNC_OUT)
    </CYPRESSTAG>
    <CYPRESSTAG name="Sync listing">

    ------------------------------------------------------------
    Sync listing
    ------------------------------------------------------------

    synccell: Name =ClockBlock_1k__SYNC_1
        PORT MAP (
            in => ClockBlock_1k ,
            out => ClockBlock_1k__SYNC_OUT_1 ,
            clock => ClockBlock_BUS_CLK );
        Clock Polarity: Active High
        Clock Enable: True

    synccell: Name =ClockBlock_1k__SYNC
        PORT MAP (
            in => ClockBlock_1k ,
            out => ClockBlock_1k__SYNC_OUT ,
            clock => ClockBlock_BUS_CLK );
        Clock Polarity: Active High
        Clock Enable: True
    </CYPRESSTAG>
    <CYPRESSTAG name="Control register listing">

    ------------------------------------------------------------
    Control register listing
    ------------------------------------------------------------

    controlcell: Name =\Seven_Segment_Reg:Sync:ctrl_reg\
        PORT MAP (
            control_7 => Net_18 ,
            control_6 => Net_17 ,
            control_5 => Net_16 ,
            control_4 => Net_15 ,
            control_3 => Net_14 ,
            control_2 => Net_13 ,
            control_1 => Net_12 ,
            control_0 => Net_11 );
        Properties:
        {
            cy_ctrl_mode_0 = "00000000"
            cy_ctrl_mode_1 = "00000000"
            cy_ext_reset = 0
            cy_force_order = 1
            cy_init_value = "00000000"
        }
        Clock Enable: True

    controlcell: Name =\Digit_Reg:Sync:ctrl_reg\
        PORT MAP (
            control_7 => \Digit_Reg:control_7\ ,
            control_6 => \Digit_Reg:control_6\ ,
            control_5 => \Digit_Reg:control_5\ ,
            control_4 => \Digit_Reg:control_4\ ,
            control_3 => Net_92 ,
            control_2 => Net_91 ,
            control_1 => Net_90 ,
            control_0 => Net_89 );
        Properties:
        {
            cy_ctrl_mode_0 = "00000000"
            cy_ctrl_mode_1 = "00000000"
            cy_ext_reset = 0
            cy_force_order = 1
            cy_init_value = "00000000"
        }
        Clock Enable: True

    controlcell: Name =\One_Hz_Timer:TimerUDB:sCTRLReg:SyncCtl:ctrlreg\
        PORT MAP (
            clock => ClockBlock_BUS_CLK ,
            control_7 => \One_Hz_Timer:TimerUDB:control_7\ ,
            control_6 => \One_Hz_Timer:TimerUDB:control_6\ ,
            control_5 => \One_Hz_Timer:TimerUDB:control_5\ ,
            control_4 => \One_Hz_Timer:TimerUDB:control_4\ ,
            control_3 => \One_Hz_Timer:TimerUDB:control_3\ ,
            control_2 => \One_Hz_Timer:TimerUDB:control_2\ ,
            control_1 => \One_Hz_Timer:TimerUDB:control_1\ ,
            control_0 => \One_Hz_Timer:TimerUDB:control_0\ ,
            clk_en => ClockBlock_1k__SYNC_OUT_1 );
        Properties:
        {
            cy_ctrl_mode_0 = "11111111"
            cy_ctrl_mode_1 = "00000000"
            cy_ext_reset = 0
            cy_force_order = 1
            cy_init_value = "00000000"
        }
        Clock Polarity: Active High
        Clock Enable: PosEdge(ClockBlock_1k__SYNC_OUT_1)
    </CYPRESSTAG>
    <CYPRESSTAG name="Count7 listing">
    </CYPRESSTAG>
    <CYPRESSTAG name="DRQ listing">
    </CYPRESSTAG>
    <CYPRESSTAG name="Interrupt listing">

    ------------------------------------------------------------
    Interrupt listing
    ------------------------------------------------------------

    interrupt: Name =isr_1
        PORT MAP (
            interrupt => Net_46 );
        Properties:
        {
            int_type = "10"
            is_nmi = 0
        }
    </CYPRESSTAG>
</CYPRESSTAG>
<CYPRESSTAG name="Technology mapping summary" expanded>

------------------------------------------------------------
Technology mapping summary
------------------------------------------------------------

Resource Type                 : Used : Free :  Max :  % Used
============================================================
Digital Clocks                :    0 :    8 :    8 :  0.00 %
Analog Clocks                 :    0 :    4 :    4 :  0.00 %
CapSense Buffers              :    0 :    2 :    2 :  0.00 %
Digital Filter Block          :    0 :    1 :    1 :  0.00 %
Interrupts                    :    1 :   31 :   32 :  3.13 %
IO                            :   15 :   33 :   48 : 31.25 %
Segment LCD                   :    0 :    1 :    1 :  0.00 %
CAN 2.0b                      :    0 :    1 :    1 :  0.00 %
I2C                           :    0 :    1 :    1 :  0.00 %
USB                           :    0 :    1 :    1 :  0.00 %
DMA Channels                  :    0 :   24 :   24 :  0.00 %
Timer                         :    0 :    4 :    4 :  0.00 %
UDB                           :      :      :      :        
  Macrocells                  :    2 :  190 :  192 :  1.04 %
  Unique P-terms              :    1 :  383 :  384 :  0.26 %
  Total P-terms               :    2 :      :      :        
  Datapath Cells              :    2 :   22 :   24 :  8.33 %
  Status Cells                :    2 :   22 :   24 :  8.33 %
    StatusI Registers         :    1 :      :      :        
    Sync Cells (x2)           :    1 :      :      :        
  Control Cells               :    3 :   21 :   24 : 12.50 %
    Control Registers         :    3 :      :      :        
Opamp                         :    0 :    4 :    4 :  0.00 %
Comparator                    :    0 :    4 :    4 :  0.00 %
Delta-Sigma ADC               :    0 :    1 :    1 :  0.00 %
LPF                           :    0 :    2 :    2 :  0.00 %
SAR ADC                       :    0 :    2 :    2 :  0.00 %
Analog (SC/CT) Blocks         :    0 :    4 :    4 :  0.00 %
DAC                           :      :      :      :        
  VIDAC                       :    0 :    4 :    4 :  0.00 %
</CYPRESSTAG>
Technology Mapping: Elapsed time ==> 0s.146ms
Tech Mapping phase: Elapsed time ==> 0s.236ms
</CYPRESSTAG>
<CYPRESSTAG name="Analog Placement">
Initial Analog Placement Results:
IO_7@[IOP=(2)][IoId=(7)] : Decimal_place(0) (fixed)
IO_0@[IOP=(2)][IoId=(0)] : Seven_Segment(0) (fixed)
IO_1@[IOP=(2)][IoId=(1)] : Seven_Segment(1) (fixed)
IO_2@[IOP=(2)][IoId=(2)] : Seven_Segment(2) (fixed)
IO_3@[IOP=(2)][IoId=(3)] : Seven_Segment(3) (fixed)
IO_4@[IOP=(2)][IoId=(4)] : Seven_Segment(4) (fixed)
IO_5@[IOP=(2)][IoId=(5)] : Seven_Segment(5) (fixed)
IO_6@[IOP=(2)][IoId=(6)] : Seven_Segment(6) (fixed)
Analog Placement phase: Elapsed time ==> 0s.047ms
</CYPRESSTAG>
<CYPRESSTAG name="Analog Routing">
Analog Routing phase: Elapsed time ==> 0s.000ms
</CYPRESSTAG>
<CYPRESSTAG name="Analog Code Generation">
============ Analog Final Answer Routes ============
Dump of CyAnalogRoutingResultsDB
Map of net to items {
}
Map of item to net {
}
Mux Info {
}
Dump of CyP35AnalogRoutingResultsDB
IsVddaHalfUsedForComp = False
IsVddaHalfUsedForSar0 = False
IsVddaHalfUsedForSar1 = False
Analog Code Generation phase: Elapsed time ==> 0s.362ms
</CYPRESSTAG>
<CYPRESSTAG name="Digital Placement">
<CYPRESSTAG name="Detailed placement messages">
I2076: Total run-time: 0.9 sec.

</CYPRESSTAG>
<CYPRESSTAG name="PLD Packing">
<CYPRESSTAG name="PLD Packing Summary" expanded>

------------------------------------------------------------
PLD Packing Summary
------------------------------------------------------------
            Resource Type : Used : Free :  Max :  % Used
    ====================================================
                     PLDs :    1 :   47 :   48 :   2.08%

<CYPRESSTAG name="PLD Statistics">

        PLD Resource Type :     Average/LAB
    =======================================
                   Inputs :            2.00
                   Pterms :            1.00
               Macrocells :            2.00
</CYPRESSTAG>
<CYPRESSTAG name="Packed PLD Contents">
Packed PLD Contents not displayed at this verbose level.</CYPRESSTAG>
</CYPRESSTAG>
PLD Packing: Elapsed time ==> 0s.000ms
</CYPRESSTAG>
<CYPRESSTAG name="Partitioning">
<CYPRESSTAG name="Initial Partitioning Summary">
Initial Partitioning Summary not displayed at this verbose level.</CYPRESSTAG>
<CYPRESSTAG name="Final Partitioning Summary">
Final Partitioning Summary not displayed at this verbose level.</CYPRESSTAG>
Partitioning: Elapsed time ==> 0s.019ms
</CYPRESSTAG>
<CYPRESSTAG name="Final Placement Summary">

------------------------------------------------------------
Final Placement Summary
------------------------------------------------------------

       Resource Type :      Count : Avg Inputs : Avg Outputs
    ========================================================
                 UDB :          4 :       0.50 :       0.50
<CYPRESSTAG name="Final Placement Details">
<CYPRESSTAG name="Component Details">

------------------------------------------------------------
Component Placement Details
------------------------------------------------------------
UDB [UDB=(0,0)] contents:
datapathcell: Name =\One_Hz_Timer:TimerUDB:sT16:timerdp:u0\
    PORT MAP (
        clock => ClockBlock_BUS_CLK ,
        cs_addr_1 => \One_Hz_Timer:TimerUDB:control_7\ ,
        cs_addr_0 => \One_Hz_Timer:TimerUDB:per_zero\ ,
        chain_out => \One_Hz_Timer:TimerUDB:sT16:timerdp:carry\ ,
        clk_en => ClockBlock_1k__SYNC_OUT );
    Properties:
    {
        a0_init = "00000000"
        a1_init = "00000000"
        ce0_sync = 1
        ce1_sync = 1
        cl0_sync = 1
        cl1_sync = 1
        cmsb_sync = 1
        co_msb_sync = 1
        cy_dpconfig = "0000000001000000000000000100000001000000010000000000000010000000000000001000000000000000100000000000000010000000000000001000000011111111000000001111111111111111000000000000000000000001000000000000000000011000"
        d0_init = "00000000"
        d1_init = "00000000"
        f0_blk_sync = 1
        f0_bus_sync = 1
        f1_blk_sync = 1
        f1_bus_sync = 1
        ff0_sync = 1
        ff1_sync = 1
        ov_msb_sync = 1
        so_sync = 1
        z0_sync = 1
        z1_sync = 1
    }
    Clock Polarity: Active High
    Clock Enable: PosEdge(ClockBlock_1k__SYNC_OUT)
    Next in chain : \One_Hz_Timer:TimerUDB:sT16:timerdp:u1\

controlcell: Name =\One_Hz_Timer:TimerUDB:sCTRLReg:SyncCtl:ctrlreg\
    PORT MAP (
        clock => ClockBlock_BUS_CLK ,
        control_7 => \One_Hz_Timer:TimerUDB:control_7\ ,
        control_6 => \One_Hz_Timer:TimerUDB:control_6\ ,
        control_5 => \One_Hz_Timer:TimerUDB:control_5\ ,
        control_4 => \One_Hz_Timer:TimerUDB:control_4\ ,
        control_3 => \One_Hz_Timer:TimerUDB:control_3\ ,
        control_2 => \One_Hz_Timer:TimerUDB:control_2\ ,
        control_1 => \One_Hz_Timer:TimerUDB:control_1\ ,
        control_0 => \One_Hz_Timer:TimerUDB:control_0\ ,
        clk_en => ClockBlock_1k__SYNC_OUT_1 );
    Properties:
    {
        cy_ctrl_mode_0 = "11111111"
        cy_ctrl_mode_1 = "00000000"
        cy_ext_reset = 0
        cy_force_order = 1
        cy_init_value = "00000000"
    }
    Clock Polarity: Active High
    Clock Enable: PosEdge(ClockBlock_1k__SYNC_OUT_1)

UDB [UDB=(0,1)] contents:
controlcell: Name =\Digit_Reg:Sync:ctrl_reg\
    PORT MAP (
        control_7 => \Digit_Reg:control_7\ ,
        control_6 => \Digit_Reg:control_6\ ,
        control_5 => \Digit_Reg:control_5\ ,
        control_4 => \Digit_Reg:control_4\ ,
        control_3 => Net_92 ,
        control_2 => Net_91 ,
        control_1 => Net_90 ,
        control_0 => Net_89 );
    Properties:
    {
        cy_ctrl_mode_0 = "00000000"
        cy_ctrl_mode_1 = "00000000"
        cy_ext_reset = 0
        cy_force_order = 1
        cy_init_value = "00000000"
    }
    Clock Enable: True

synccell: Name =ClockBlock_1k__SYNC_1
    PORT MAP (
        in => ClockBlock_1k ,
        out => ClockBlock_1k__SYNC_OUT_1 ,
        clock => ClockBlock_BUS_CLK );
    Properties:
    {
    }
    Clock Polarity: Active High
    Clock Enable: True

synccell: Name =ClockBlock_1k__SYNC
    PORT MAP (
        in => ClockBlock_1k ,
        out => ClockBlock_1k__SYNC_OUT ,
        clock => ClockBlock_BUS_CLK );
    Properties:
    {
    }
    Clock Polarity: Active High
    Clock Enable: True

UDB [UDB=(0,2)] is empty.
UDB [UDB=(0,3)] is empty.
UDB [UDB=(0,4)] is empty.
UDB [UDB=(0,5)] is empty.
UDB [UDB=(1,0)] contents:
LAB@[UDB=(1,0)][LB=1] #macrocells=2, #inputs=2, #pterms=1
{
    [McSlotId=0]:     MacroCell: Name=\One_Hz_Timer:TimerUDB:status_tc\, Mode=(Combinatorial) @ [UDB=(1,0)][LB=1][MC=0]
        Total # of inputs        : 2
        Total # of product terms : 1
            Clock Enable: True
        Main Equation            : 1 pterm
        (
              \One_Hz_Timer:TimerUDB:control_7\ * 
              \One_Hz_Timer:TimerUDB:per_zero\
        );
        Output = \One_Hz_Timer:TimerUDB:status_tc\ (fanout=1)
        Properties               : 
        {
        }

    [McSlotId=1]:     MacroCell: Name=Net_46, Mode=(D-Register) @ [UDB=(1,0)][LB=1][MC=1]
        Total # of inputs        : 2
        Total # of product terms : 1
        List of special equations: 
            Clock  = (ClockBlock_BUS_CLK) => Global
            Clock Enable: PosEdge(ClockBlock_1k__SYNC_OUT)
        Main Equation            : 1 pterm
        (
              \One_Hz_Timer:TimerUDB:control_7\ * 
              \One_Hz_Timer:TimerUDB:per_zero\
        );
        Output = Net_46 (fanout=1)
        Properties               : 
        {
        }

    [McSlotId=2]: (empty)
    [McSlotId=3]: (empty)
}

datapathcell: Name =\One_Hz_Timer:TimerUDB:sT16:timerdp:u1\
    PORT MAP (
        clock => ClockBlock_BUS_CLK ,
        cs_addr_1 => \One_Hz_Timer:TimerUDB:control_7\ ,
        cs_addr_0 => \One_Hz_Timer:TimerUDB:per_zero\ ,
        z0_comb => \One_Hz_Timer:TimerUDB:per_zero\ ,
        f0_bus_stat_comb => \One_Hz_Timer:TimerUDB:status_3\ ,
        f0_blk_stat_comb => \One_Hz_Timer:TimerUDB:status_2\ ,
        chain_in => \One_Hz_Timer:TimerUDB:sT16:timerdp:carry\ ,
        clk_en => ClockBlock_1k__SYNC_OUT );
    Properties:
    {
        a0_init = "00000000"
        a1_init = "00000000"
        ce0_sync = 1
        ce1_sync = 1
        cl0_sync = 1
        cl1_sync = 1
        cmsb_sync = 1
        co_msb_sync = 1
        cy_dpconfig = "0000000001000000000000000100000001000000010000000000000010000000000000001000000000000000100000000000000010000000000000001000000011111111000000001111111111111111100000110000000000000001000000110000000000011000"
        d0_init = "00000000"
        d1_init = "00000000"
        f0_blk_sync = 1
        f0_bus_sync = 1
        f1_blk_sync = 1
        f1_bus_sync = 1
        ff0_sync = 1
        ff1_sync = 1
        ov_msb_sync = 1
        so_sync = 1
        z0_sync = 1
        z1_sync = 1
    }
    Clock Polarity: Active High
    Clock Enable: PosEdge(ClockBlock_1k__SYNC_OUT)
    Previous in chain : \One_Hz_Timer:TimerUDB:sT16:timerdp:u0\

statusicell: Name =\One_Hz_Timer:TimerUDB:rstSts:stsreg\
    PORT MAP (
        clock => ClockBlock_BUS_CLK ,
        status_3 => \One_Hz_Timer:TimerUDB:status_3\ ,
        status_2 => \One_Hz_Timer:TimerUDB:status_2\ ,
        status_0 => \One_Hz_Timer:TimerUDB:status_tc\ ,
        clk_en => ClockBlock_1k__SYNC_OUT );
    Properties:
    {
        cy_force_order = 1
        cy_int_mask = "1111111"
        cy_md_select = "0000011"
    }
    Clock Polarity: Active High
    Clock Enable: PosEdge(ClockBlock_1k__SYNC_OUT)

UDB [UDB=(1,1)] contents:
controlcell: Name =\Seven_Segment_Reg:Sync:ctrl_reg\
    PORT MAP (
        control_7 => Net_18 ,
        control_6 => Net_17 ,
        control_5 => Net_16 ,
        control_4 => Net_15 ,
        control_3 => Net_14 ,
        control_2 => Net_13 ,
        control_1 => Net_12 ,
        control_0 => Net_11 );
    Properties:
    {
        cy_ctrl_mode_0 = "00000000"
        cy_ctrl_mode_1 = "00000000"
        cy_ext_reset = 0
        cy_force_order = 1
        cy_init_value = "00000000"
    }
    Clock Enable: True

UDB [UDB=(1,2)] is empty.
UDB [UDB=(1,3)] is empty.
UDB [UDB=(1,4)] is empty.
UDB [UDB=(1,5)] is empty.
UDB [UDB=(2,0)] is empty.
UDB [UDB=(2,1)] is empty.
UDB [UDB=(2,2)] is empty.
UDB [UDB=(2,3)] is empty.
UDB [UDB=(2,4)] is empty.
UDB [UDB=(2,5)] is empty.
UDB [UDB=(3,0)] is empty.
UDB [UDB=(3,1)] is empty.
UDB [UDB=(3,2)] is empty.
UDB [UDB=(3,3)] is empty.
UDB [UDB=(3,4)] is empty.
UDB [UDB=(3,5)] is empty.
Intr container @ [IntrContainer=(0)]: 
  Intr@ [IntrContainer=(0)][IntrId=(0)] 
    interrupt: Name =isr_1
        PORT MAP (
            interrupt => Net_46 );
        Properties:
        {
            int_type = "10"
            is_nmi = 0
        }
Drq container @ [DrqContainer=(0)]: empty
Port 0 contains the following IO cells:
[IoId=0]: 
Pin : Name = Digit_3(0)
    Attributes:
        In Group/Port: True
        In Sync Option: AUTO
        Out Sync Option: NOSYNC
        Interrupt generated: False
        Interrupt mode: NONE
        Drive mode: CMOS_OUT
        VTrip: EITHER
        Slew: FAST
        Input Sync needed: False
        Output Sync needed: False
        SC shield enabled: False
        POR State: ANY
        LCD Mode: COMMON
        Register Mode: RegComb
        CaSense Mode: NEITHER
        Treat as pin: True
        Is OE Registered: False
        Uses Analog: False
        Can contain Digital: True
        Is SIO: False
        SIO Output Buf: NONREGULATED
        SIO Input Buf: SINGLE_ENDED
        SIO HiFreq: LOW
        SIO Hyst: DISABLED
        SIO Vtrip: MULTIPLIER_0_5
        SIO Multiplier Index: 0
        SIO RefSel: VCC_IO
        Required Capabilities: DIGITAL, ROUTABLE
        Initial Value: 0
        IO Voltage: 0
    PORT MAP (
        pa_out => Digit_3(0)__PA ,
        pin_input => Net_92 ,
        pad => Digit_3(0)_PAD );
    Properties:
    {
    }

[IoId=1]: 
Pin : Name = Digit_0(0)
    Attributes:
        In Group/Port: True
        In Sync Option: AUTO
        Out Sync Option: NOSYNC
        Interrupt generated: False
        Interrupt mode: NONE
        Drive mode: CMOS_OUT
        VTrip: EITHER
        Slew: FAST
        Input Sync needed: False
        Output Sync needed: False
        SC shield enabled: False
        POR State: ANY
        LCD Mode: COMMON
        Register Mode: RegComb
        CaSense Mode: NEITHER
        Treat as pin: True
        Is OE Registered: False
        Uses Analog: False
        Can contain Digital: True
        Is SIO: False
        SIO Output Buf: NONREGULATED
        SIO Input Buf: SINGLE_ENDED
        SIO HiFreq: LOW
        SIO Hyst: DISABLED
        SIO Vtrip: MULTIPLIER_0_5
        SIO Multiplier Index: 0
        SIO RefSel: VCC_IO
        Required Capabilities: DIGITAL, ROUTABLE
        Initial Value: 0
        IO Voltage: 0
    PORT MAP (
        pa_out => Digit_0(0)__PA ,
        pin_input => Net_89 ,
        pad => Digit_0(0)_PAD );
    Properties:
    {
    }

[IoId=2]: 
Pin : Name = Digit_2(0)
    Attributes:
        In Group/Port: True
        In Sync Option: AUTO
        Out Sync Option: NOSYNC
        Interrupt generated: False
        Interrupt mode: NONE
        Drive mode: CMOS_OUT
        VTrip: EITHER
        Slew: FAST
        Input Sync needed: False
        Output Sync needed: False
        SC shield enabled: False
        POR State: ANY
        LCD Mode: COMMON
        Register Mode: RegComb
        CaSense Mode: NEITHER
        Treat as pin: True
        Is OE Registered: False
        Uses Analog: False
        Can contain Digital: True
        Is SIO: False
        SIO Output Buf: NONREGULATED
        SIO Input Buf: SINGLE_ENDED
        SIO HiFreq: LOW
        SIO Hyst: DISABLED
        SIO Vtrip: MULTIPLIER_0_5
        SIO Multiplier Index: 0
        SIO RefSel: VCC_IO
        Required Capabilities: DIGITAL, ROUTABLE
        Initial Value: 0
        IO Voltage: 0
    PORT MAP (
        pa_out => Digit_2(0)__PA ,
        pin_input => Net_91 ,
        pad => Digit_2(0)_PAD );
    Properties:
    {
    }

[IoId=3]: 
Pin : Name = Digit_1(0)
    Attributes:
        In Group/Port: True
        In Sync Option: AUTO
        Out Sync Option: NOSYNC
        Interrupt generated: False
        Interrupt mode: NONE
        Drive mode: CMOS_OUT
        VTrip: EITHER
        Slew: FAST
        Input Sync needed: False
        Output Sync needed: False
        SC shield enabled: False
        POR State: ANY
        LCD Mode: COMMON
        Register Mode: RegComb
        CaSense Mode: NEITHER
        Treat as pin: True
        Is OE Registered: False
        Uses Analog: False
        Can contain Digital: True
        Is SIO: False
        SIO Output Buf: NONREGULATED
        SIO Input Buf: SINGLE_ENDED
        SIO HiFreq: LOW
        SIO Hyst: DISABLED
        SIO Vtrip: MULTIPLIER_0_5
        SIO Multiplier Index: 0
        SIO RefSel: VCC_IO
        Required Capabilities: DIGITAL, ROUTABLE
        Initial Value: 0
        IO Voltage: 0
    PORT MAP (
        pa_out => Digit_1(0)__PA ,
        pin_input => Net_90 ,
        pad => Digit_1(0)_PAD );
    Properties:
    {
    }

Port 1 contains the following IO cells:
Port 2 contains the following IO cells:
[IoId=0]: 
Pin : Name = Seven_Segment(0)
    Attributes:
        In Group/Port: True
        In Sync Option: AUTO
        Out Sync Option: NOSYNC
        Interrupt generated: False
        Interrupt mode: NONE
        Drive mode: CMOS_OUT
        VTrip: EITHER
        Slew: FAST
        Input Sync needed: False
        Output Sync needed: False
        SC shield enabled: False
        POR State: ANY
        LCD Mode: COMMON
        Register Mode: RegComb
        CaSense Mode: NEITHER
        Treat as pin: False
        Is OE Registered: False
        Uses Analog: False
        Can contain Digital: True
        Is SIO: False
        SIO Output Buf: NONREGULATED
        SIO Input Buf: SINGLE_ENDED
        SIO HiFreq: LOW
        SIO Hyst: DISABLED
        SIO Vtrip: MULTIPLIER_0_5
        SIO Multiplier Index: 0
        SIO RefSel: VCC_IO
        Required Capabilities: DIGITAL, ROUTABLE
        Initial Value: 0
        IO Voltage: 0
    PORT MAP (
        pa_out => Seven_Segment(0)__PA ,
        pin_input => Net_11 ,
        pad => Seven_Segment(0)_PAD );
    Properties:
    {
    }

[IoId=1]: 
Pin : Name = Seven_Segment(1)
    Attributes:
        In Group/Port: True
        In Sync Option: AUTO
        Out Sync Option: NOSYNC
        Interrupt generated: False
        Interrupt mode: NONE
        Drive mode: CMOS_OUT
        VTrip: EITHER
        Slew: FAST
        Input Sync needed: False
        Output Sync needed: False
        SC shield enabled: False
        POR State: ANY
        LCD Mode: COMMON
        Register Mode: RegComb
        CaSense Mode: NEITHER
        Treat as pin: False
        Is OE Registered: False
        Uses Analog: False
        Can contain Digital: True
        Is SIO: False
        SIO Output Buf: NONREGULATED
        SIO Input Buf: SINGLE_ENDED
        SIO HiFreq: LOW
        SIO Hyst: DISABLED
        SIO Vtrip: MULTIPLIER_0_5
        SIO Multiplier Index: 0
        SIO RefSel: VCC_IO
        Required Capabilities: DIGITAL, ROUTABLE
        Initial Value: 0
        IO Voltage: 0
    PORT MAP (
        pa_out => Seven_Segment(1)__PA ,
        pin_input => Net_12 ,
        pad => Seven_Segment(1)_PAD );
    Properties:
    {
    }

[IoId=2]: 
Pin : Name = Seven_Segment(2)
    Attributes:
        In Group/Port: True
        In Sync Option: AUTO
        Out Sync Option: NOSYNC
        Interrupt generated: False
        Interrupt mode: NONE
        Drive mode: CMOS_OUT
        VTrip: EITHER
        Slew: FAST
        Input Sync needed: False
        Output Sync needed: False
        SC shield enabled: False
        POR State: ANY
        LCD Mode: COMMON
        Register Mode: RegComb
        CaSense Mode: NEITHER
        Treat as pin: False
        Is OE Registered: False
        Uses Analog: False
        Can contain Digital: True
        Is SIO: False
        SIO Output Buf: NONREGULATED
        SIO Input Buf: SINGLE_ENDED
        SIO HiFreq: LOW
        SIO Hyst: DISABLED
        SIO Vtrip: MULTIPLIER_0_5
        SIO Multiplier Index: 0
        SIO RefSel: VCC_IO
        Required Capabilities: DIGITAL, ROUTABLE
        Initial Value: 0
        IO Voltage: 0
    PORT MAP (
        pa_out => Seven_Segment(2)__PA ,
        pin_input => Net_13 ,
        pad => Seven_Segment(2)_PAD );
    Properties:
    {
    }

[IoId=3]: 
Pin : Name = Seven_Segment(3)
    Attributes:
        In Group/Port: True
        In Sync Option: AUTO
        Out Sync Option: NOSYNC
        Interrupt generated: False
        Interrupt mode: NONE
        Drive mode: CMOS_OUT
        VTrip: EITHER
        Slew: FAST
        Input Sync needed: False
        Output Sync needed: False
        SC shield enabled: False
        POR State: ANY
        LCD Mode: COMMON
        Register Mode: RegComb
        CaSense Mode: NEITHER
        Treat as pin: False
        Is OE Registered: False
        Uses Analog: False
        Can contain Digital: True
        Is SIO: False
        SIO Output Buf: NONREGULATED
        SIO Input Buf: SINGLE_ENDED
        SIO HiFreq: LOW
        SIO Hyst: DISABLED
        SIO Vtrip: MULTIPLIER_0_5
        SIO Multiplier Index: 0
        SIO RefSel: VCC_IO
        Required Capabilities: DIGITAL, ROUTABLE
        Initial Value: 0
        IO Voltage: 0
    PORT MAP (
        pa_out => Seven_Segment(3)__PA ,
        pin_input => Net_14 ,
        pad => Seven_Segment(3)_PAD );
    Properties:
    {
    }

[IoId=4]: 
Pin : Name = Seven_Segment(4)
    Attributes:
        In Group/Port: True
        In Sync Option: AUTO
        Out Sync Option: NOSYNC
        Interrupt generated: False
        Interrupt mode: NONE
        Drive mode: CMOS_OUT
        VTrip: EITHER
        Slew: FAST
        Input Sync needed: False
        Output Sync needed: False
        SC shield enabled: False
        POR State: ANY
        LCD Mode: COMMON
        Register Mode: RegComb
        CaSense Mode: NEITHER
        Treat as pin: False
        Is OE Registered: False
        Uses Analog: False
        Can contain Digital: True
        Is SIO: False
        SIO Output Buf: NONREGULATED
        SIO Input Buf: SINGLE_ENDED
        SIO HiFreq: LOW
        SIO Hyst: DISABLED
        SIO Vtrip: MULTIPLIER_0_5
        SIO Multiplier Index: 0
        SIO RefSel: VCC_IO
        Required Capabilities: DIGITAL, ROUTABLE
        Initial Value: 0
        IO Voltage: 0
    PORT MAP (
        pa_out => Seven_Segment(4)__PA ,
        pin_input => Net_15 ,
        pad => Seven_Segment(4)_PAD );
    Properties:
    {
    }

[IoId=5]: 
Pin : Name = Seven_Segment(5)
    Attributes:
        In Group/Port: True
        In Sync Option: AUTO
        Out Sync Option: NOSYNC
        Interrupt generated: False
        Interrupt mode: NONE
        Drive mode: CMOS_OUT
        VTrip: EITHER
        Slew: FAST
        Input Sync needed: False
        Output Sync needed: False
        SC shield enabled: False
        POR State: ANY
        LCD Mode: COMMON
        Register Mode: RegComb
        CaSense Mode: NEITHER
        Treat as pin: False
        Is OE Registered: False
        Uses Analog: False
        Can contain Digital: True
        Is SIO: False
        SIO Output Buf: NONREGULATED
        SIO Input Buf: SINGLE_ENDED
        SIO HiFreq: LOW
        SIO Hyst: DISABLED
        SIO Vtrip: MULTIPLIER_0_5
        SIO Multiplier Index: 0
        SIO RefSel: VCC_IO
        Required Capabilities: DIGITAL, ROUTABLE
        Initial Value: 0
        IO Voltage: 0
    PORT MAP (
        pa_out => Seven_Segment(5)__PA ,
        pin_input => Net_16 ,
        pad => Seven_Segment(5)_PAD );
    Properties:
    {
    }

[IoId=6]: 
Pin : Name = Seven_Segment(6)
    Attributes:
        In Group/Port: True
        In Sync Option: AUTO
        Out Sync Option: NOSYNC
        Interrupt generated: False
        Interrupt mode: NONE
        Drive mode: CMOS_OUT
        VTrip: EITHER
        Slew: FAST
        Input Sync needed: False
        Output Sync needed: False
        SC shield enabled: False
        POR State: ANY
        LCD Mode: COMMON
        Register Mode: RegComb
        CaSense Mode: NEITHER
        Treat as pin: False
        Is OE Registered: False
        Uses Analog: False
        Can contain Digital: True
        Is SIO: False
        SIO Output Buf: NONREGULATED
        SIO Input Buf: SINGLE_ENDED
        SIO HiFreq: LOW
        SIO Hyst: DISABLED
        SIO Vtrip: MULTIPLIER_0_5
        SIO Multiplier Index: 0
        SIO RefSel: VCC_IO
        Required Capabilities: DIGITAL, ROUTABLE
        Initial Value: 0
        IO Voltage: 0
    PORT MAP (
        pa_out => Seven_Segment(6)__PA ,
        pin_input => Net_17 ,
        pad => Seven_Segment(6)_PAD );
    Properties:
    {
    }

[IoId=7]: 
Pin : Name = Decimal_place(0)
    Attributes:
        In Group/Port: True
        In Sync Option: AUTO
        Out Sync Option: NOSYNC
        Interrupt generated: False
        Interrupt mode: NONE
        Drive mode: CMOS_OUT
        VTrip: EITHER
        Slew: FAST
        Input Sync needed: False
        Output Sync needed: False
        SC shield enabled: False
        POR State: ANY
        LCD Mode: COMMON
        Register Mode: RegComb
        CaSense Mode: NEITHER
        Treat as pin: True
        Is OE Registered: False
        Uses Analog: False
        Can contain Digital: True
        Is SIO: False
        SIO Output Buf: NONREGULATED
        SIO Input Buf: SINGLE_ENDED
        SIO HiFreq: LOW
        SIO Hyst: DISABLED
        SIO Vtrip: MULTIPLIER_0_5
        SIO Multiplier Index: 0
        SIO RefSel: VCC_IO
        Required Capabilities: DIGITAL, ROUTABLE
        Initial Value: 0
        IO Voltage: 0
    PORT MAP (
        pa_out => Decimal_place(0)__PA ,
        pin_input => Net_18 ,
        pad => Decimal_place(0)_PAD );
    Properties:
    {
    }

Port 3 contains the following IO cells:
Port 12 contains the following IO cells:
Port 15 contains the following IO cells:
ARM group 0: empty
CAN group 0: empty
Cache group 0: empty
CapSense group 0: empty
Clock group 0: 
    Clock Block @ F(Clock,0): 
    clockblockcell: Name =ClockBlock
        PORT MAP (
            imo => ClockBlock_IMO ,
            pllout => ClockBlock_PLL_OUT ,
            ilo => ClockBlock_ILO ,
            clk_100k => ClockBlock_100k ,
            clk_1k => ClockBlock_1k ,
            clk_32k => ClockBlock_32k ,
            xtal => ClockBlock_XTAL ,
            clk_32k_xtal => ClockBlock_XTAL_32KHZ ,
            clk_sync => ClockBlock_MASTER_CLK ,
            clk_bus_glb => ClockBlock_BUS_CLK ,
            clk_bus => ClockBlock_BUS_CLK_local );
        Properties:
        {
        }
Comparator group 0: empty
DFB group 0: empty
DSM group 0: empty
Decimator group 0: empty
EMIF group 0: empty
I2C group 0: empty
LCD group 0: empty
LVD group 0: empty
PICU group 0: empty
PM group 0: empty
SC group 0: empty
SPC group 0: empty
Timer group 0: empty
USB group 0: empty
VIDAC group 0: empty
OpAmp group 0: empty
CsAbuf group 0: empty
Vref group 0: empty
LPF group 0: empty
SAR group 0: empty
ANAIF group 0: empty
PHUB group 0: empty
</CYPRESSTAG>
<CYPRESSTAG name="Port Configuration Details">

------------------------------------------------------------
Port Configuration report
------------------------------------------------------------
     |     |       | Interrupt |                  |                  | 
Port | Pin | Fixed |      Type |       Drive Mode |             Name | Connections
-----+-----+-------+-----------+------------------+------------------+------------
   0 |   0 |       |      NONE |         CMOS_OUT |       Digit_3(0) | In(Net_92)
     |   1 |       |      NONE |         CMOS_OUT |       Digit_0(0) | In(Net_89)
     |   2 |       |      NONE |         CMOS_OUT |       Digit_2(0) | In(Net_91)
     |   3 |       |      NONE |         CMOS_OUT |       Digit_1(0) | In(Net_90)
-----+-----+-------+-----------+------------------+------------------+------------
   2 |   0 |     * |      NONE |         CMOS_OUT | Seven_Segment(0) | In(Net_11)
     |   1 |     * |      NONE |         CMOS_OUT | Seven_Segment(1) | In(Net_12)
     |   2 |     * |      NONE |         CMOS_OUT | Seven_Segment(2) | In(Net_13)
     |   3 |     * |      NONE |         CMOS_OUT | Seven_Segment(3) | In(Net_14)
     |   4 |     * |      NONE |         CMOS_OUT | Seven_Segment(4) | In(Net_15)
     |   5 |     * |      NONE |         CMOS_OUT | Seven_Segment(5) | In(Net_16)
     |   6 |     * |      NONE |         CMOS_OUT | Seven_Segment(6) | In(Net_17)
     |   7 |     * |      NONE |         CMOS_OUT | Decimal_place(0) | In(Net_18)
----------------------------------------------------------------------------------
</CYPRESSTAG>
</CYPRESSTAG>
</CYPRESSTAG>
Digital component placer commit/Report: Elapsed time ==> 0s.029ms
Digital Placement phase: Elapsed time ==> 1s.266ms
</CYPRESSTAG>
<CYPRESSTAG name="Digital Routing">
"C:\Program Files (x86)\Cypress\PSoC Creator\4.4\PSoC Creator\bin/sjrouter.exe" --xml-path "C:\Program Files (x86)\Cypress\PSoC Creator\4.4\PSoC Creator\dev\psoc5/psoc5lp/route_arch-rrg.cydata" --vh2-path "HRMon_r.vh2" --pcf-path "HRMon.pco" --des-name "HRMon" --dsf-path "HRMon.dsf" --sdc-path "HRMon.sdc" --lib-path "HRMon_r.lib"
Routing successful.
Digital Routing phase: Elapsed time ==> 1s.853ms
</CYPRESSTAG>
<CYPRESSTAG name="Bitstream Generation">
Bitstream Generation phase: Elapsed time ==> 0s.222ms
</CYPRESSTAG>
<CYPRESSTAG name="Bitstream Verification">
Bitstream Verification phase: Elapsed time ==> 0s.055ms
</CYPRESSTAG>
<CYPRESSTAG name="Static timing analysis">
Timing report is in HRMon_timing.html.
Static timing analysis phase: Elapsed time ==> 0s.368ms
</CYPRESSTAG>
<CYPRESSTAG name="Data reporting">
Data reporting phase: Elapsed time ==> 0s.000ms
</CYPRESSTAG>
<CYPRESSTAG name="Database update...">
Design database save phase: Elapsed time ==> 0s.272ms
</CYPRESSTAG>
cydsfit: Elapsed time ==> 4s.751ms
</CYPRESSTAG>
Fitter phase: Elapsed time ==> 4s.752ms
API generation phase: Elapsed time ==> 1s.215ms
Dependency generation phase: Elapsed time ==> 0s.020ms
Cleanup phase: Elapsed time ==> 0s.000ms
