ARM GAS  C:\Users\CATHER~1\AppData\Local\Temp\ccPy1Ir7.s 			page 1


   1              		.syntax unified
   2              		.cpu cortex-m3
   3              		.fpu softvfp
   4              		.eabi_attribute 20, 1
   5              		.eabi_attribute 21, 1
   6              		.eabi_attribute 23, 3
   7              		.eabi_attribute 24, 1
   8              		.eabi_attribute 25, 1
   9              		.eabi_attribute 26, 1
  10              		.eabi_attribute 30, 1
  11              		.eabi_attribute 34, 1
  12              		.eabi_attribute 18, 4
  13              		.thumb
  14              		.syntax unified
  15              		.file	"cymetadata.c"
  16              		.text
  17              	.Ltext0:
  18              		.cfi_sections	.debug_frame
  19              		.global	cy_metadata
  20              		.global	cy_meta_flashprotect
  21              		.global	cy_meta_wonvl
  22              		.global	cy_meta_custnvl
  23              		.global	cy_meta_configecc
  24              		.section	.cyconfigecc,"a",%progbits
  25              		.align	2
  26              		.type	cy_meta_configecc, %object
  27              		.size	cy_meta_configecc, 532
  28              	cy_meta_configecc:
  29 0000 04       		.byte	4
  30 0001 52       		.byte	82
  31 0002 00       		.byte	0
  32 0003 40       		.byte	64
  33 0004 01       		.byte	1
  34 0005 65       		.byte	101
  35 0006 00       		.byte	0
  36 0007 40       		.byte	64
  37 0008 02       		.byte	2
  38 0009 05       		.byte	5
  39 000a 01       		.byte	1
  40 000b 40       		.byte	64
  41 000c 08       		.byte	8
  42 000d 09       		.byte	9
  43 000e 01       		.byte	1
  44 000f 40       		.byte	64
  45 0010 05       		.byte	5
  46 0011 0B       		.byte	11
  47 0012 01       		.byte	1
  48 0013 40       		.byte	64
  49 0014 01       		.byte	1
  50 0015 15       		.byte	21
  51 0016 01       		.byte	1
  52 0017 40       		.byte	64
  53 0018 02       		.byte	2
  54 0019 17       		.byte	23
  55 001a 01       		.byte	1
  56 001b 40       		.byte	64
  57 001c 06       		.byte	6
ARM GAS  C:\Users\CATHER~1\AppData\Local\Temp\ccPy1Ir7.s 			page 2


  58 001d 18       		.byte	24
  59 001e 01       		.byte	1
  60 001f 40       		.byte	64
  61 0020 1C       		.byte	28
  62 0021 19       		.byte	25
  63 0022 01       		.byte	1
  64 0023 40       		.byte	64
  65 0024 34       		.byte	52
  66 0025 1A       		.byte	26
  67 0026 01       		.byte	1
  68 0027 40       		.byte	64
  69 0028 1B       		.byte	27
  70 0029 1B       		.byte	27
  71 002a 01       		.byte	1
  72 002b 40       		.byte	64
  73 002c 02       		.byte	2
  74 002d 40       		.byte	64
  75 002e 01       		.byte	1
  76 002f 40       		.byte	64
  77 0030 07       		.byte	7
  78 0031 41       		.byte	65
  79 0032 01       		.byte	1
  80 0033 40       		.byte	64
  81 0034 07       		.byte	7
  82 0035 42       		.byte	66
  83 0036 01       		.byte	1
  84 0037 40       		.byte	64
  85 0038 03       		.byte	3
  86 0039 43       		.byte	67
  87 003a 01       		.byte	1
  88 003b 40       		.byte	64
  89 003c 0A       		.byte	10
  90 003d 45       		.byte	69
  91 003e 01       		.byte	1
  92 003f 40       		.byte	64
  93 0040 07       		.byte	7
  94 0041 46       		.byte	70
  95 0042 01       		.byte	1
  96 0043 40       		.byte	64
  97 0044 0A       		.byte	10
  98 0045 47       		.byte	71
  99 0046 01       		.byte	1
 100 0047 40       		.byte	64
 101 0048 0A       		.byte	10
 102 0049 48       		.byte	72
 103 004a 01       		.byte	1
 104 004b 40       		.byte	64
 105 004c 02       		.byte	2
 106 004d 49       		.byte	73
 107 004e 01       		.byte	1
 108 004f 40       		.byte	64
 109 0050 07       		.byte	7
 110 0051 4C       		.byte	76
 111 0052 01       		.byte	1
 112 0053 40       		.byte	64
 113 0054 02       		.byte	2
 114 0055 4D       		.byte	77
ARM GAS  C:\Users\CATHER~1\AppData\Local\Temp\ccPy1Ir7.s 			page 3


 115 0056 01       		.byte	1
 116 0057 40       		.byte	64
 117 0058 02       		.byte	2
 118 0059 50       		.byte	80
 119 005a 01       		.byte	1
 120 005b 40       		.byte	64
 121 005c 01       		.byte	1
 122 005d 51       		.byte	81
 123 005e 01       		.byte	1
 124 005f 40       		.byte	64
 125 0060 00       		.byte	0
 126 0061 06       		.byte	6
 127 0062 01       		.byte	1
 128 0063 0A       		.byte	10
 129 0064 10       		.byte	16
 130 0065 9A       		.byte	-102
 131 0066 11       		.byte	17
 132 0067 53       		.byte	83
 133 0068 8B       		.byte	-117
 134 0069 0D       		.byte	13
 135 006a E2       		.byte	-30
 136 006b 02       		.byte	2
 137 006c E6       		.byte	-26
 138 006d 40       		.byte	64
 139 006e 83       		.byte	-125
 140 006f 20       		.byte	32
 141 0070 8B       		.byte	-117
 142 0071 01       		.byte	1
 143 0072 95       		.byte	-107
 144 0073 20       		.byte	32
 145 0074 9D       		.byte	-99
 146 0075 08       		.byte	8
 147 0076 9F       		.byte	-97
 148 0077 10       		.byte	16
 149 0078 A4       		.byte	-92
 150 0079 10       		.byte	16
 151 007a B5       		.byte	-75
 152 007b 08       		.byte	8
 153 007c E4       		.byte	-28
 154 007d 04       		.byte	4
 155 007e 84       		.byte	-124
 156 007f 10       		.byte	16
 157 0080 85       		.byte	-123
 158 0081 10       		.byte	16
 159 0082 8F       		.byte	-113
 160 0083 10       		.byte	16
 161 0084 E0       		.byte	-32
 162 0085 08       		.byte	8
 163 0086 E6       		.byte	-26
 164 0087 40       		.byte	64
 165 0088 EE       		.byte	-18
 166 0089 08       		.byte	8
 167 008a E4       		.byte	-28
 168 008b 08       		.byte	8
 169 008c E6       		.byte	-26
 170 008d 41       		.byte	65
 171 008e 5B       		.byte	91
ARM GAS  C:\Users\CATHER~1\AppData\Local\Temp\ccPy1Ir7.s 			page 4


 172 008f 04       		.byte	4
 173 0090 5F       		.byte	95
 174 0091 01       		.byte	1
 175 0092 D6       		.byte	-42
 176 0093 08       		.byte	8
 177 0094 DB       		.byte	-37
 178 0095 04       		.byte	4
 179 0096 DD       		.byte	-35
 180 0097 90       		.byte	-112
 181 0098 DF       		.byte	-33
 182 0099 01       		.byte	1
 183 009a 58       		.byte	88
 184 009b 20       		.byte	32
 185 009c 59       		.byte	89
 186 009d 40       		.byte	64
 187 009e 60       		.byte	96
 188 009f 0A       		.byte	10
 189 00a0 62       		.byte	98
 190 00a1 20       		.byte	32
 191 00a2 68       		.byte	104
 192 00a3 80       		.byte	-128
 193 00a4 69       		.byte	105
 194 00a5 20       		.byte	32
 195 00a6 6A       		.byte	106
 196 00a7 08       		.byte	8
 197 00a8 6B       		.byte	107
 198 00a9 02       		.byte	2
 199 00aa 6C       		.byte	108
 200 00ab 01       		.byte	1
 201 00ac 6D       		.byte	109
 202 00ad 11       		.byte	17
 203 00ae 6F       		.byte	111
 204 00af 20       		.byte	32
 205 00b0 74       		.byte	116
 206 00b1 10       		.byte	16
 207 00b2 75       		.byte	117
 208 00b3 08       		.byte	8
 209 00b4 77       		.byte	119
 210 00b5 81       		.byte	-127
 211 00b6 83       		.byte	-125
 212 00b7 02       		.byte	2
 213 00b8 84       		.byte	-124
 214 00b9 20       		.byte	32
 215 00ba 85       		.byte	-123
 216 00bb 40       		.byte	64
 217 00bc 89       		.byte	-119
 218 00bd 11       		.byte	17
 219 00be 8C       		.byte	-116
 220 00bf 80       		.byte	-128
 221 00c0 8F       		.byte	-113
 222 00c1 80       		.byte	-128
 223 00c2 95       		.byte	-107
 224 00c3 20       		.byte	32
 225 00c4 9D       		.byte	-99
 226 00c5 08       		.byte	8
 227 00c6 9F       		.byte	-97
 228 00c7 11       		.byte	17
ARM GAS  C:\Users\CATHER~1\AppData\Local\Temp\ccPy1Ir7.s 			page 5


 229 00c8 A4       		.byte	-92
 230 00c9 10       		.byte	16
 231 00ca A7       		.byte	-89
 232 00cb 20       		.byte	32
 233 00cc D6       		.byte	-42
 234 00cd 0C       		.byte	12
 235 00ce D8       		.byte	-40
 236 00cf 0C       		.byte	12
 237 00d0 E6       		.byte	-26
 238 00d1 40       		.byte	64
 239 00d2 40       		.byte	64
 240 00d3 54       		.byte	84
 241 00d4 49       		.byte	73
 242 00d5 FF       		.byte	-1
 243 00d6 4A       		.byte	74
 244 00d7 FF       		.byte	-1
 245 00d8 4B       		.byte	75
 246 00d9 FF       		.byte	-1
 247 00da 4F       		.byte	79
 248 00db 01       		.byte	1
 249 00dc 50       		.byte	80
 250 00dd 18       		.byte	24
 251 00de 52       		.byte	82
 252 00df 80       		.byte	-128
 253 00e0 5A       		.byte	90
 254 00e1 0A       		.byte	10
 255 00e2 5B       		.byte	91
 256 00e3 0B       		.byte	11
 257 00e4 5D       		.byte	93
 258 00e5 99       		.byte	-103
 259 00e6 5F       		.byte	95
 260 00e7 01       		.byte	1
 261 00e8 60       		.byte	96
 262 00e9 40       		.byte	64
 263 00ea 62       		.byte	98
 264 00eb 40       		.byte	64
 265 00ec 64       		.byte	100
 266 00ed 40       		.byte	64
 267 00ee 65       		.byte	101
 268 00ef 40       		.byte	64
 269 00f0 66       		.byte	102
 270 00f1 80       		.byte	-128
 271 00f2 68       		.byte	104
 272 00f3 80       		.byte	-128
 273 00f4 6A       		.byte	106
 274 00f5 80       		.byte	-128
 275 00f6 6C       		.byte	108
 276 00f7 80       		.byte	-128
 277 00f8 6E       		.byte	110
 278 00f9 80       		.byte	-128
 279 00fa 93       		.byte	-109
 280 00fb 01       		.byte	1
 281 00fc AF       		.byte	-81
 282 00fd 01       		.byte	1
 283 00fe B3       		.byte	-77
 284 00ff 01       		.byte	1
 285 0100 B7       		.byte	-73
ARM GAS  C:\Users\CATHER~1\AppData\Local\Temp\ccPy1Ir7.s 			page 6


 286 0101 01       		.byte	1
 287 0102 BF       		.byte	-65
 288 0103 40       		.byte	64
 289 0104 C0       		.byte	-64
 290 0105 54       		.byte	84
 291 0106 C5       		.byte	-59
 292 0107 EC       		.byte	-20
 293 0108 C6       		.byte	-58
 294 0109 02       		.byte	2
 295 010a C8       		.byte	-56
 296 010b 07       		.byte	7
 297 010c C9       		.byte	-55
 298 010d FF       		.byte	-1
 299 010e CA       		.byte	-54
 300 010f FF       		.byte	-1
 301 0110 CB       		.byte	-53
 302 0111 FF       		.byte	-1
 303 0112 CD       		.byte	-51
 304 0113 83       		.byte	-125
 305 0114 CE       		.byte	-50
 306 0115 03       		.byte	3
 307 0116 CF       		.byte	-49
 308 0117 01       		.byte	1
 309 0118 D0       		.byte	-48
 310 0119 18       		.byte	24
 311 011a D4       		.byte	-44
 312 011b 01       		.byte	1
 313 011c D9       		.byte	-39
 314 011d 0A       		.byte	10
 315 011e DA       		.byte	-38
 316 011f 0A       		.byte	10
 317 0120 DB       		.byte	-37
 318 0121 0A       		.byte	10
 319 0122 DC       		.byte	-36
 320 0123 90       		.byte	-112
 321 0124 DD       		.byte	-35
 322 0125 99       		.byte	-103
 323 0126 DF       		.byte	-33
 324 0127 01       		.byte	1
 325 0128 E0       		.byte	-32
 326 0129 40       		.byte	64
 327 012a E2       		.byte	-30
 328 012b 40       		.byte	64
 329 012c E4       		.byte	-28
 330 012d 40       		.byte	64
 331 012e E5       		.byte	-27
 332 012f 40       		.byte	64
 333 0130 E6       		.byte	-26
 334 0131 80       		.byte	-128
 335 0132 E8       		.byte	-24
 336 0133 80       		.byte	-128
 337 0134 EA       		.byte	-22
 338 0135 80       		.byte	-128
 339 0136 EC       		.byte	-20
 340 0137 80       		.byte	-128
 341 0138 EE       		.byte	-18
 342 0139 80       		.byte	-128
ARM GAS  C:\Users\CATHER~1\AppData\Local\Temp\ccPy1Ir7.s 			page 7


 343 013a 26       		.byte	38
 344 013b 40       		.byte	64
 345 013c 27       		.byte	39
 346 013d 10       		.byte	16
 347 013e 2E       		.byte	46
 348 013f 80       		.byte	-128
 349 0140 35       		.byte	53
 350 0141 01       		.byte	1
 351 0142 42       		.byte	66
 352 0143 80       		.byte	-128
 353 0144 46       		.byte	70
 354 0145 80       		.byte	-128
 355 0146 48       		.byte	72
 356 0147 02       		.byte	2
 357 0148 4C       		.byte	76
 358 0149 02       		.byte	2
 359 014a 4F       		.byte	79
 360 014b 05       		.byte	5
 361 014c 56       		.byte	86
 362 014d 80       		.byte	-128
 363 014e 5E       		.byte	94
 364 014f 80       		.byte	-128
 365 0150 5F       		.byte	95
 366 0151 05       		.byte	5
 367 0152 70       		.byte	112
 368 0153 02       		.byte	2
 369 0154 71       		.byte	113
 370 0155 01       		.byte	1
 371 0156 78       		.byte	120
 372 0157 0A       		.byte	10
 373 0158 7E       		.byte	126
 374 0159 20       		.byte	32
 375 015a 98       		.byte	-104
 376 015b 0A       		.byte	10
 377 015c 9F       		.byte	-97
 378 015d 10       		.byte	16
 379 015e A2       		.byte	-94
 380 015f 20       		.byte	32
 381 0160 AE       		.byte	-82
 382 0161 04       		.byte	4
 383 0162 B4       		.byte	-76
 384 0163 01       		.byte	1
 385 0164 CA       		.byte	-54
 386 0165 10       		.byte	16
 387 0166 CC       		.byte	-52
 388 0167 80       		.byte	-128
 389 0168 D0       		.byte	-48
 390 0169 81       		.byte	-127
 391 016a D2       		.byte	-46
 392 016b 18       		.byte	24
 393 016c D6       		.byte	-42
 394 016d D0       		.byte	-48
 395 016e DE       		.byte	-34
 396 016f 43       		.byte	67
 397 0170 31       		.byte	49
 398 0171 20       		.byte	32
 399 0172 CC       		.byte	-52
ARM GAS  C:\Users\CATHER~1\AppData\Local\Temp\ccPy1Ir7.s 			page 8


 400 0173 10       		.byte	16
 401 0174 50       		.byte	80
 402 0175 80       		.byte	-128
 403 0176 55       		.byte	85
 404 0177 01       		.byte	1
 405 0178 57       		.byte	87
 406 0179 20       		.byte	32
 407 017a 5B       		.byte	91
 408 017b 20       		.byte	32
 409 017c A5       		.byte	-91
 410 017d 20       		.byte	32
 411 017e D4       		.byte	-44
 412 017f E0       		.byte	-32
 413 0180 D6       		.byte	-42
 414 0181 20       		.byte	32
 415 0182 87       		.byte	-121
 416 0183 20       		.byte	32
 417 0184 8D       		.byte	-115
 418 0185 20       		.byte	32
 419 0186 9F       		.byte	-97
 420 0187 20       		.byte	32
 421 0188 A4       		.byte	-92
 422 0189 80       		.byte	-128
 423 018a A5       		.byte	-91
 424 018b 21       		.byte	33
 425 018c A7       		.byte	-89
 426 018d 20       		.byte	32
 427 018e E2       		.byte	-30
 428 018f 40       		.byte	64
 429 0190 A4       		.byte	-92
 430 0191 80       		.byte	-128
 431 0192 A5       		.byte	-91
 432 0193 01       		.byte	1
 433 0194 A7       		.byte	-89
 434 0195 20       		.byte	32
 435 0196 53       		.byte	83
 436 0197 80       		.byte	-128
 437 0198 54       		.byte	84
 438 0199 11       		.byte	17
 439 019a 59       		.byte	89
 440 019b 10       		.byte	16
 441 019c 60       		.byte	96
 442 019d 40       		.byte	64
 443 019e 62       		.byte	98
 444 019f 40       		.byte	64
 445 01a0 66       		.byte	102
 446 01a1 80       		.byte	-128
 447 01a2 67       		.byte	103
 448 01a3 04       		.byte	4
 449 01a4 D4       		.byte	-44
 450 01a5 07       		.byte	7
 451 01a6 D6       		.byte	-42
 452 01a7 07       		.byte	7
 453 01a8 D8       		.byte	-40
 454 01a9 03       		.byte	3
 455 01aa 86       		.byte	-122
 456 01ab 40       		.byte	64
ARM GAS  C:\Users\CATHER~1\AppData\Local\Temp\ccPy1Ir7.s 			page 9


 457 01ac 94       		.byte	-108
 458 01ad 40       		.byte	64
 459 01ae 97       		.byte	-105
 460 01af 04       		.byte	4
 461 01b0 9D       		.byte	-99
 462 01b1 10       		.byte	16
 463 01b2 9E       		.byte	-98
 464 01b3 C0       		.byte	-64
 465 01b4 A4       		.byte	-92
 466 01b5 11       		.byte	17
 467 01b6 A7       		.byte	-89
 468 01b7 80       		.byte	-128
 469 01b8 83       		.byte	-125
 470 01b9 80       		.byte	-128
 471 01ba 8B       		.byte	-117
 472 01bb 04       		.byte	4
 473 01bc 97       		.byte	-105
 474 01bd 04       		.byte	4
 475 01be 9D       		.byte	-99
 476 01bf 10       		.byte	16
 477 01c0 9E       		.byte	-98
 478 01c1 80       		.byte	-128
 479 01c2 A4       		.byte	-92
 480 01c3 11       		.byte	17
 481 01c4 A7       		.byte	-89
 482 01c5 80       		.byte	-128
 483 01c6 B4       		.byte	-76
 484 01c7 40       		.byte	64
 485 01c8 E4       		.byte	-28
 486 01c9 04       		.byte	4
 487 01ca E8       		.byte	-24
 488 01cb 02       		.byte	2
 489 01cc 28       		.byte	40
 490 01cd 20       		.byte	32
 491 01ce 81       		.byte	-127
 492 01cf 01       		.byte	1
 493 01d0 84       		.byte	-124
 494 01d1 20       		.byte	32
 495 01d2 8C       		.byte	-116
 496 01d3 80       		.byte	-128
 497 01d4 A4       		.byte	-92
 498 01d5 80       		.byte	-128
 499 01d6 A5       		.byte	-91
 500 01d7 01       		.byte	1
 501 01d8 A7       		.byte	-89
 502 01d9 20       		.byte	32
 503 01da CA       		.byte	-54
 504 01db 40       		.byte	64
 505 01dc E4       		.byte	-28
 506 01dd 10       		.byte	16
 507 01de E6       		.byte	-26
 508 01df 80       		.byte	-128
 509 01e0 AF       		.byte	-81
 510 01e1 20       		.byte	32
 511 01e2 EE       		.byte	-18
 512 01e3 10       		.byte	16
 513 01e4 88       		.byte	-120
ARM GAS  C:\Users\CATHER~1\AppData\Local\Temp\ccPy1Ir7.s 			page 10


 514 01e5 11       		.byte	17
 515 01e6 8E       		.byte	-114
 516 01e7 80       		.byte	-128
 517 01e8 9D       		.byte	-99
 518 01e9 10       		.byte	16
 519 01ea 9E       		.byte	-98
 520 01eb 80       		.byte	-128
 521 01ec A4       		.byte	-92
 522 01ed 11       		.byte	17
 523 01ee E0       		.byte	-32
 524 01ef 01       		.byte	1
 525 01f0 E4       		.byte	-28
 526 01f1 09       		.byte	9
 527 01f2 B5       		.byte	-75
 528 01f3 10       		.byte	16
 529 01f4 E8       		.byte	-24
 530 01f5 02       		.byte	2
 531 01f6 11       		.byte	17
 532 01f7 01       		.byte	1
 533 01f8 1D       		.byte	29
 534 01f9 01       		.byte	1
 535 01fa 00       		.byte	0
 536 01fb 03       		.byte	3
 537 01fc 00       		.byte	0
 538 01fd 0F       		.byte	15
 539 01fe 0F       		.byte	15
 540 01ff 00       		.byte	0
 541 0200 0F       		.byte	15
 542 0201 00       		.byte	0
 543 0202 00       		.byte	0
 544 0203 00       		.byte	0
 545 0204 00       		.byte	0
 546 0205 0B       		.byte	11
 547 0206 0B       		.byte	11
 548 0207 00       		.byte	0
 549 0208 00       		.byte	0
 550 0209 00       		.byte	0
 551 020a 00       		.byte	0
 552 020b 00       		.byte	0
 553 020c 00       		.byte	0
 554 020d FF       		.byte	-1
 555 020e FF       		.byte	-1
 556 020f 00       		.byte	0
 557 0210 FF       		.byte	-1
 558 0211 00       		.byte	0
 559 0212 00       		.byte	0
 560 0213 00       		.byte	0
 561              		.section	.cywolatch,"a",%progbits
 562              		.align	2
 563              		.type	cy_meta_wonvl, %object
 564              		.size	cy_meta_wonvl, 4
 565              	cy_meta_wonvl:
 566 0000 BC       		.byte	-68
 567 0001 90       		.byte	-112
 568 0002 AC       		.byte	-84
 569 0003 AF       		.byte	-81
 570              		.section	.cycustnvl,"a",%progbits
ARM GAS  C:\Users\CATHER~1\AppData\Local\Temp\ccPy1Ir7.s 			page 11


 571              		.align	2
 572              		.type	cy_meta_custnvl, %object
 573              		.size	cy_meta_custnvl, 4
 574              	cy_meta_custnvl:
 575 0000 00       		.byte	0
 576 0001 00       		.byte	0
 577 0002 40       		.byte	64
 578 0003 05       		.byte	5
 579              		.section	.cymeta,"a",%progbits
 580              		.align	2
 581              		.type	cy_metadata, %object
 582              		.size	cy_metadata, 12
 583              	cy_metadata:
 584 0000 00       		.byte	0
 585 0001 01       		.byte	1
 586 0002 2E       		.byte	46
 587 0003 16       		.byte	22
 588 0004 10       		.byte	16
 589 0005 69       		.byte	105
 590 0006 00       		.byte	0
 591 0007 01       		.byte	1
 592 0008 00       		.byte	0
 593 0009 00       		.byte	0
 594 000a 00       		.byte	0
 595 000b 00       		.byte	0
 596              		.section	.cyflashprotect,"a",%progbits
 597              		.align	2
 598              		.type	cy_meta_flashprotect, %object
 599              		.size	cy_meta_flashprotect, 256
 600              	cy_meta_flashprotect:
 601 0000 00000000 		.space	256
 601      00000000 
 601      00000000 
 601      00000000 
 601      00000000 
 602              		.text
 603              	.Letext0:
 604              		.file 1 "c:\\program files (x86)\\cypress\\psoc creator\\4.4\\psoc creator\\import\\gnu\\arm\\5.4.
 605              		.file 2 "c:\\program files (x86)\\cypress\\psoc creator\\4.4\\psoc creator\\import\\gnu\\arm\\5.4.
 606              		.file 3 "Generated_Source\\PSoC5\\cymetadata.c"
 607              		.section	.debug_info,"",%progbits
 608              	.Ldebug_info0:
 609 0000 31010000 		.4byte	0x131
 610 0004 0400     		.2byte	0x4
 611 0006 00000000 		.4byte	.Ldebug_abbrev0
 612 000a 04       		.byte	0x4
 613 000b 01       		.uleb128 0x1
 614 000c 24000000 		.4byte	.LASF17
 615 0010 0C       		.byte	0xc
 616 0011 01020000 		.4byte	.LASF18
 617 0015 7E010000 		.4byte	.LASF19
 618 0019 00000000 		.4byte	.Ldebug_line0
 619 001d 02       		.uleb128 0x2
 620 001e 01       		.byte	0x1
 621 001f 06       		.byte	0x6
 622 0020 72010000 		.4byte	.LASF0
 623 0024 03       		.uleb128 0x3
ARM GAS  C:\Users\CATHER~1\AppData\Local\Temp\ccPy1Ir7.s 			page 12


 624 0025 00000000 		.4byte	.LASF9
 625 0029 01       		.byte	0x1
 626 002a 1D       		.byte	0x1d
 627 002b 2F000000 		.4byte	0x2f
 628 002f 02       		.uleb128 0x2
 629 0030 01       		.byte	0x1
 630 0031 08       		.byte	0x8
 631 0032 16000000 		.4byte	.LASF1
 632 0036 02       		.uleb128 0x2
 633 0037 02       		.byte	0x2
 634 0038 05       		.byte	0x5
 635 0039 5F010000 		.4byte	.LASF2
 636 003d 02       		.uleb128 0x2
 637 003e 02       		.byte	0x2
 638 003f 07       		.byte	0x7
 639 0040 C4000000 		.4byte	.LASF3
 640 0044 02       		.uleb128 0x2
 641 0045 04       		.byte	0x4
 642 0046 05       		.byte	0x5
 643 0047 69010000 		.4byte	.LASF4
 644 004b 02       		.uleb128 0x2
 645 004c 04       		.byte	0x4
 646 004d 07       		.byte	0x7
 647 004e B2000000 		.4byte	.LASF5
 648 0052 02       		.uleb128 0x2
 649 0053 08       		.byte	0x8
 650 0054 05       		.byte	0x5
 651 0055 51010000 		.4byte	.LASF6
 652 0059 02       		.uleb128 0x2
 653 005a 08       		.byte	0x8
 654 005b 07       		.byte	0x7
 655 005c 06010000 		.4byte	.LASF7
 656 0060 04       		.uleb128 0x4
 657 0061 04       		.byte	0x4
 658 0062 05       		.byte	0x5
 659 0063 696E7400 		.ascii	"int\000"
 660 0067 02       		.uleb128 0x2
 661 0068 04       		.byte	0x4
 662 0069 07       		.byte	0x7
 663 006a F9000000 		.4byte	.LASF8
 664 006e 03       		.uleb128 0x3
 665 006f 1D010000 		.4byte	.LASF10
 666 0073 02       		.byte	0x2
 667 0074 18       		.byte	0x18
 668 0075 24000000 		.4byte	0x24
 669 0079 05       		.uleb128 0x5
 670 007a 91000000 		.4byte	0x91
 671 007e 8A000000 		.4byte	0x8a
 672 0082 06       		.uleb128 0x6
 673 0083 8A000000 		.4byte	0x8a
 674 0087 1302     		.2byte	0x213
 675 0089 00       		.byte	0
 676 008a 02       		.uleb128 0x2
 677 008b 04       		.byte	0x4
 678 008c 07       		.byte	0x7
 679 008d 48010000 		.4byte	.LASF11
 680 0091 07       		.uleb128 0x7
ARM GAS  C:\Users\CATHER~1\AppData\Local\Temp\ccPy1Ir7.s 			page 13


 681 0092 6E000000 		.4byte	0x6e
 682 0096 08       		.uleb128 0x8
 683 0097 E7000000 		.4byte	.LASF12
 684 009b 03       		.byte	0x3
 685 009c 1F       		.byte	0x1f
 686 009d A7000000 		.4byte	0xa7
 687 00a1 05       		.uleb128 0x5
 688 00a2 03       		.byte	0x3
 689 00a3 00000000 		.4byte	cy_meta_configecc
 690 00a7 07       		.uleb128 0x7
 691 00a8 79000000 		.4byte	0x79
 692 00ac 05       		.uleb128 0x5
 693 00ad 91000000 		.4byte	0x91
 694 00b1 BC000000 		.4byte	0xbc
 695 00b5 09       		.uleb128 0x9
 696 00b6 8A000000 		.4byte	0x8a
 697 00ba 03       		.byte	0x3
 698 00bb 00       		.byte	0
 699 00bc 08       		.uleb128 0x8
 700 00bd D7000000 		.4byte	.LASF13
 701 00c1 03       		.byte	0x3
 702 00c2 6F       		.byte	0x6f
 703 00c3 CD000000 		.4byte	0xcd
 704 00c7 05       		.uleb128 0x5
 705 00c8 03       		.byte	0x3
 706 00c9 00000000 		.4byte	cy_meta_custnvl
 707 00cd 07       		.uleb128 0x7
 708 00ce AC000000 		.4byte	0xac
 709 00d2 08       		.uleb128 0x8
 710 00d3 3A010000 		.4byte	.LASF14
 711 00d7 03       		.byte	0x3
 712 00d8 7D       		.byte	0x7d
 713 00d9 E3000000 		.4byte	0xe3
 714 00dd 05       		.uleb128 0x5
 715 00de 03       		.byte	0x3
 716 00df 00000000 		.4byte	cy_meta_wonvl
 717 00e3 07       		.uleb128 0x7
 718 00e4 AC000000 		.4byte	0xac
 719 00e8 05       		.uleb128 0x5
 720 00e9 91000000 		.4byte	0x91
 721 00ed F8000000 		.4byte	0xf8
 722 00f1 09       		.uleb128 0x9
 723 00f2 8A000000 		.4byte	0x8a
 724 00f6 FF       		.byte	0xff
 725 00f7 00       		.byte	0
 726 00f8 08       		.uleb128 0x8
 727 00f9 25010000 		.4byte	.LASF15
 728 00fd 03       		.byte	0x3
 729 00fe 8B       		.byte	0x8b
 730 00ff 09010000 		.4byte	0x109
 731 0103 05       		.uleb128 0x5
 732 0104 03       		.byte	0x3
 733 0105 00000000 		.4byte	cy_meta_flashprotect
 734 0109 07       		.uleb128 0x7
 735 010a E8000000 		.4byte	0xe8
 736 010e 05       		.uleb128 0x5
 737 010f 91000000 		.4byte	0x91
ARM GAS  C:\Users\CATHER~1\AppData\Local\Temp\ccPy1Ir7.s 			page 14


 738 0113 1E010000 		.4byte	0x11e
 739 0117 09       		.uleb128 0x9
 740 0118 8A000000 		.4byte	0x8a
 741 011c 0B       		.byte	0xb
 742 011d 00       		.byte	0
 743 011e 08       		.uleb128 0x8
 744 011f 0A000000 		.4byte	.LASF16
 745 0123 03       		.byte	0x3
 746 0124 B8       		.byte	0xb8
 747 0125 2F010000 		.4byte	0x12f
 748 0129 05       		.uleb128 0x5
 749 012a 03       		.byte	0x3
 750 012b 00000000 		.4byte	cy_metadata
 751 012f 07       		.uleb128 0x7
 752 0130 0E010000 		.4byte	0x10e
 753 0134 00       		.byte	0
 754              		.section	.debug_abbrev,"",%progbits
 755              	.Ldebug_abbrev0:
 756 0000 01       		.uleb128 0x1
 757 0001 11       		.uleb128 0x11
 758 0002 01       		.byte	0x1
 759 0003 25       		.uleb128 0x25
 760 0004 0E       		.uleb128 0xe
 761 0005 13       		.uleb128 0x13
 762 0006 0B       		.uleb128 0xb
 763 0007 03       		.uleb128 0x3
 764 0008 0E       		.uleb128 0xe
 765 0009 1B       		.uleb128 0x1b
 766 000a 0E       		.uleb128 0xe
 767 000b 10       		.uleb128 0x10
 768 000c 17       		.uleb128 0x17
 769 000d 00       		.byte	0
 770 000e 00       		.byte	0
 771 000f 02       		.uleb128 0x2
 772 0010 24       		.uleb128 0x24
 773 0011 00       		.byte	0
 774 0012 0B       		.uleb128 0xb
 775 0013 0B       		.uleb128 0xb
 776 0014 3E       		.uleb128 0x3e
 777 0015 0B       		.uleb128 0xb
 778 0016 03       		.uleb128 0x3
 779 0017 0E       		.uleb128 0xe
 780 0018 00       		.byte	0
 781 0019 00       		.byte	0
 782 001a 03       		.uleb128 0x3
 783 001b 16       		.uleb128 0x16
 784 001c 00       		.byte	0
 785 001d 03       		.uleb128 0x3
 786 001e 0E       		.uleb128 0xe
 787 001f 3A       		.uleb128 0x3a
 788 0020 0B       		.uleb128 0xb
 789 0021 3B       		.uleb128 0x3b
 790 0022 0B       		.uleb128 0xb
 791 0023 49       		.uleb128 0x49
 792 0024 13       		.uleb128 0x13
 793 0025 00       		.byte	0
 794 0026 00       		.byte	0
ARM GAS  C:\Users\CATHER~1\AppData\Local\Temp\ccPy1Ir7.s 			page 15


 795 0027 04       		.uleb128 0x4
 796 0028 24       		.uleb128 0x24
 797 0029 00       		.byte	0
 798 002a 0B       		.uleb128 0xb
 799 002b 0B       		.uleb128 0xb
 800 002c 3E       		.uleb128 0x3e
 801 002d 0B       		.uleb128 0xb
 802 002e 03       		.uleb128 0x3
 803 002f 08       		.uleb128 0x8
 804 0030 00       		.byte	0
 805 0031 00       		.byte	0
 806 0032 05       		.uleb128 0x5
 807 0033 01       		.uleb128 0x1
 808 0034 01       		.byte	0x1
 809 0035 49       		.uleb128 0x49
 810 0036 13       		.uleb128 0x13
 811 0037 01       		.uleb128 0x1
 812 0038 13       		.uleb128 0x13
 813 0039 00       		.byte	0
 814 003a 00       		.byte	0
 815 003b 06       		.uleb128 0x6
 816 003c 21       		.uleb128 0x21
 817 003d 00       		.byte	0
 818 003e 49       		.uleb128 0x49
 819 003f 13       		.uleb128 0x13
 820 0040 2F       		.uleb128 0x2f
 821 0041 05       		.uleb128 0x5
 822 0042 00       		.byte	0
 823 0043 00       		.byte	0
 824 0044 07       		.uleb128 0x7
 825 0045 26       		.uleb128 0x26
 826 0046 00       		.byte	0
 827 0047 49       		.uleb128 0x49
 828 0048 13       		.uleb128 0x13
 829 0049 00       		.byte	0
 830 004a 00       		.byte	0
 831 004b 08       		.uleb128 0x8
 832 004c 34       		.uleb128 0x34
 833 004d 00       		.byte	0
 834 004e 03       		.uleb128 0x3
 835 004f 0E       		.uleb128 0xe
 836 0050 3A       		.uleb128 0x3a
 837 0051 0B       		.uleb128 0xb
 838 0052 3B       		.uleb128 0x3b
 839 0053 0B       		.uleb128 0xb
 840 0054 49       		.uleb128 0x49
 841 0055 13       		.uleb128 0x13
 842 0056 3F       		.uleb128 0x3f
 843 0057 19       		.uleb128 0x19
 844 0058 02       		.uleb128 0x2
 845 0059 18       		.uleb128 0x18
 846 005a 00       		.byte	0
 847 005b 00       		.byte	0
 848 005c 09       		.uleb128 0x9
 849 005d 21       		.uleb128 0x21
 850 005e 00       		.byte	0
 851 005f 49       		.uleb128 0x49
ARM GAS  C:\Users\CATHER~1\AppData\Local\Temp\ccPy1Ir7.s 			page 16


 852 0060 13       		.uleb128 0x13
 853 0061 2F       		.uleb128 0x2f
 854 0062 0B       		.uleb128 0xb
 855 0063 00       		.byte	0
 856 0064 00       		.byte	0
 857 0065 00       		.byte	0
 858              		.section	.debug_aranges,"",%progbits
 859 0000 14000000 		.4byte	0x14
 860 0004 0200     		.2byte	0x2
 861 0006 00000000 		.4byte	.Ldebug_info0
 862 000a 04       		.byte	0x4
 863 000b 00       		.byte	0
 864 000c 0000     		.2byte	0
 865 000e 0000     		.2byte	0
 866 0010 00000000 		.4byte	0
 867 0014 00000000 		.4byte	0
 868              		.section	.debug_line,"",%progbits
 869              	.Ldebug_line0:
 870 0000 3D010000 		.section	.debug_str,"MS",%progbits,1
 870      02003701 
 870      00000201 
 870      FB0E0D00 
 870      01010101 
 871              	.LASF9:
 872 0000 5F5F7569 		.ascii	"__uint8_t\000"
 872      6E74385F 
 872      7400
 873              	.LASF16:
 874 000a 63795F6D 		.ascii	"cy_metadata\000"
 874      65746164 
 874      61746100 
 875              	.LASF1:
 876 0016 756E7369 		.ascii	"unsigned char\000"
 876      676E6564 
 876      20636861 
 876      7200
 877              	.LASF17:
 878 0024 474E5520 		.ascii	"GNU C11 5.4.1 20160609 (release) [ARM/embedded-5-br"
 878      43313120 
 878      352E342E 
 878      31203230 
 878      31363036 
 879 0057 616E6368 		.ascii	"anch revision 237715] -mcpu=cortex-m3 -mthumb -g -O"
 879      20726576 
 879      6973696F 
 879      6E203233 
 879      37373135 
 880 008a 67202D66 		.ascii	"g -ffunction-sections -ffat-lto-objects\000"
 880      66756E63 
 880      74696F6E 
 880      2D736563 
 880      74696F6E 
 881              	.LASF5:
 882 00b2 6C6F6E67 		.ascii	"long unsigned int\000"
 882      20756E73 
 882      69676E65 
 882      6420696E 
ARM GAS  C:\Users\CATHER~1\AppData\Local\Temp\ccPy1Ir7.s 			page 17


 882      7400
 883              	.LASF3:
 884 00c4 73686F72 		.ascii	"short unsigned int\000"
 884      7420756E 
 884      7369676E 
 884      65642069 
 884      6E7400
 885              	.LASF13:
 886 00d7 63795F6D 		.ascii	"cy_meta_custnvl\000"
 886      6574615F 
 886      63757374 
 886      6E766C00 
 887              	.LASF12:
 888 00e7 63795F6D 		.ascii	"cy_meta_configecc\000"
 888      6574615F 
 888      636F6E66 
 888      69676563 
 888      6300
 889              	.LASF8:
 890 00f9 756E7369 		.ascii	"unsigned int\000"
 890      676E6564 
 890      20696E74 
 890      00
 891              	.LASF7:
 892 0106 6C6F6E67 		.ascii	"long long unsigned int\000"
 892      206C6F6E 
 892      6720756E 
 892      7369676E 
 892      65642069 
 893              	.LASF10:
 894 011d 75696E74 		.ascii	"uint8_t\000"
 894      385F7400 
 895              	.LASF15:
 896 0125 63795F6D 		.ascii	"cy_meta_flashprotect\000"
 896      6574615F 
 896      666C6173 
 896      6870726F 
 896      74656374 
 897              	.LASF14:
 898 013a 63795F6D 		.ascii	"cy_meta_wonvl\000"
 898      6574615F 
 898      776F6E76 
 898      6C00
 899              	.LASF11:
 900 0148 73697A65 		.ascii	"sizetype\000"
 900      74797065 
 900      00
 901              	.LASF6:
 902 0151 6C6F6E67 		.ascii	"long long int\000"
 902      206C6F6E 
 902      6720696E 
 902      7400
 903              	.LASF2:
 904 015f 73686F72 		.ascii	"short int\000"
 904      7420696E 
 904      7400
 905              	.LASF4:
ARM GAS  C:\Users\CATHER~1\AppData\Local\Temp\ccPy1Ir7.s 			page 18


 906 0169 6C6F6E67 		.ascii	"long int\000"
 906      20696E74 
 906      00
 907              	.LASF0:
 908 0172 7369676E 		.ascii	"signed char\000"
 908      65642063 
 908      68617200 
 909              	.LASF19:
 910 017e 433A5C55 		.ascii	"C:\\Users\\Catherine\\Desktop\\Monash\\0. 2021\\1. "
 910      73657273 
 910      5C436174 
 910      68657269 
 910      6E655C44 
 911 01ab 53656D20 		.ascii	"Sem 1\\TRC3500\\Heart Rate Monitor\\Repo\\HR-Mon\\H"
 911      315C5452 
 911      43333530 
 911      305C4865 
 911      61727420 
 912 01d9 65617274 		.ascii	"eart Rate Monitor Workspace\\HRMon.cydsn\000"
 912      20526174 
 912      65204D6F 
 912      6E69746F 
 912      7220576F 
 913              	.LASF18:
 914 0201 47656E65 		.ascii	"Generated_Source\\PSoC5\\cymetadata.c\000"
 914      72617465 
 914      645F536F 
 914      75726365 
 914      5C50536F 
 915              		.ident	"GCC: (GNU Tools for ARM Embedded Processors) 5.4.1 20160609 (release) [ARM/embedded-5-bran
