ARM GAS  C:\Users\Kurty\AppData\Local\Temp\ccrliFdf.s 			page 1


   1              		.syntax unified
   2              		.cpu cortex-m3
   3              		.fpu softvfp
   4              		.eabi_attribute 20, 1
   5              		.eabi_attribute 21, 1
   6              		.eabi_attribute 23, 3
   7              		.eabi_attribute 24, 1
   8              		.eabi_attribute 25, 1
   9              		.eabi_attribute 26, 1
  10              		.eabi_attribute 30, 1
  11              		.eabi_attribute 34, 1
  12              		.eabi_attribute 18, 4
  13              		.thumb
  14              		.syntax unified
  15              		.file	"main.c"
  16              		.text
  17              	.Ltext0:
  18              		.cfi_sections	.debug_frame
  19              		.global	__aeabi_ui2d
  20              		.global	__aeabi_dadd
  21              		.global	__aeabi_d2uiz
  22              		.section	.text.saveDigitsToRAM,"ax",%progbits
  23              		.align	2
  24              		.global	saveDigitsToRAM
  25              		.thumb
  26              		.thumb_func
  27              		.type	saveDigitsToRAM, %function
  28              	saveDigitsToRAM:
  29              	.LFB64:
  30              		.file 1 "main.c"
   1:main.c        **** /* ========================================
   2:main.c        ****  *
   3:main.c        ****  * Copyright YOUR COMPANY, THE YEAR
   4:main.c        ****  * All Rights Reserved
   5:main.c        ****  * UNPUBLISHED, LICENSED SOFTWARE.
   6:main.c        ****  *
   7:main.c        ****  * CONFIDENTIAL AND PROPRIETARY INFORMATION
   8:main.c        ****  * WHICH IS THE PROPERTY OF your company.
   9:main.c        ****  *
  10:main.c        ****  * ========================================
  11:main.c        **** */
  12:main.c        **** #include "project.h"
  13:main.c        **** #include "tgmath.h"
  14:main.c        **** 
  15:main.c        **** void saveDigitsToRAM();
  16:main.c        **** void pulseDot();
  17:main.c        **** 
  18:main.c        **** 
  19:main.c        **** // hex values to be sent to 7 seg display for active low
  20:main.c        **** // these could be preprocessor commands instead (#define)
  21:main.c        **** int zero = 0xC0;
  22:main.c        **** int one = 0xF9;
  23:main.c        **** int two = 0xA4;
  24:main.c        **** int three = 0xB0;
  25:main.c        **** int four = 0x99;
  26:main.c        **** int five = 0x92;
  27:main.c        **** int six = 0x82;
ARM GAS  C:\Users\Kurty\AppData\Local\Temp\ccrliFdf.s 			page 2


  28:main.c        **** int seven = 0xF8;
  29:main.c        **** int eight = 0x80;
  30:main.c        **** int nine = 0x98;
  31:main.c        **** 
  32:main.c        **** 
  33:main.c        **** // digit variables (not completely necessary, but a good indicator of one-hot display encoding)
  34:main.c        **** int digitThree = 1;
  35:main.c        **** int digitTwo = 2;
  36:main.c        **** int digitOne = 4;
  37:main.c        **** int digitZero = 8;
  38:main.c        **** 
  39:main.c        **** int dotFlag;
  40:main.c        **** 
  41:main.c        **** long unsigned int displayData[4]; // 0 = ones digit, MSB = decimal point, bits 0 to 7 are the numbe
  42:main.c        **** int digit[4]; // should be a local var
  43:main.c        **** 
  44:main.c        **** int main(void)
  45:main.c        **** {
  46:main.c        ****     CyGlobalIntEnable; /* Enable global interrupts. */
  47:main.c        **** 
  48:main.c        ****     /* Place your initialization/startup code here (e.g. MyInst_Start()) */
  49:main.c        **** 
  50:main.c        ****     digit[0] = 1;
  51:main.c        ****     digit[1] = 2;
  52:main.c        ****     digit[2] = 3;
  53:main.c        ****     digit[3] = 4;
  54:main.c        ****     saveDigitsToRAM();
  55:main.c        ****     
  56:main.c        ****     for(;;) {
  57:main.c        ****         for(int index = 0; index < 4; index++) { // loop through digits 0 to 3
  58:main.c        ****             int currentDigit = powl(2,index);
  59:main.c        ****             int currentDigitInverted = powl(2,8)-1 - currentDigit;
  60:main.c        ****             
  61:main.c        ****             
  62:main.c        ****             
  63:main.c        ****             Digit_Reg_Write(currentDigitInverted); // correct way, just inverts bits
  64:main.c        ****             //Digit_Reg_Write(15);
  65:main.c        ****             
  66:main.c        ****             Seven_Segment_Reg_Write(displayData[index]);
  67:main.c        ****             CyDelay(1);
  68:main.c        ****         }
  69:main.c        ****     }
  70:main.c        **** }
  71:main.c        **** 
  72:main.c        **** 
  73:main.c        **** void saveDigitsToRAM() {
  31              		.loc 1 73 0
  32              		.cfi_startproc
  33              		@ args = 0, pretend = 0, frame = 0
  34              		@ frame_needed = 0, uses_anonymous_args = 0
  35 0000 38B5     		push	{r3, r4, r5, lr}
  36              		.cfi_def_cfa_offset 16
  37              		.cfi_offset 3, -16
  38              		.cfi_offset 4, -12
  39              		.cfi_offset 5, -8
  40              		.cfi_offset 14, -4
  41              	.LVL0:
ARM GAS  C:\Users\Kurty\AppData\Local\Temp\ccrliFdf.s 			page 3


  42              	.LBB2:
  74:main.c        ****     for(int index = 0; index < 4; index++) { // loop through digits 0 to 3
  43              		.loc 1 74 0
  44 0002 0024     		movs	r4, #0
  45 0004 56E0     		b	.L2
  46              	.LVL1:
  47              	.L16:
  75:main.c        ****         //int currentDigit = powl(2,index);
  76:main.c        ****         //Digit_Reg_Write(currentDigit);
  77:main.c        ****         
  78:main.c        ****         switch(digit[index]) {
  48              		.loc 1 78 0
  49 0006 2D4B     		ldr	r3, .L18
  50 0008 53F82430 		ldr	r3, [r3, r4, lsl #2]
  51 000c 092B     		cmp	r3, #9
  52 000e 41D8     		bhi	.L3
  53 0010 DFE803F0 		tbb	[pc, r3]
  54              	.L5:
  55 0014 05       		.byte	(.L4-.L5)/2
  56 0015 0B       		.byte	(.L6-.L5)/2
  57 0016 11       		.byte	(.L7-.L5)/2
  58 0017 17       		.byte	(.L8-.L5)/2
  59 0018 1D       		.byte	(.L9-.L5)/2
  60 0019 23       		.byte	(.L10-.L5)/2
  61 001a 29       		.byte	(.L11-.L5)/2
  62 001b 2F       		.byte	(.L12-.L5)/2
  63 001c 35       		.byte	(.L13-.L5)/2
  64 001d 3B       		.byte	(.L14-.L5)/2
  65              		.p2align 1
  66              	.L4:
  79:main.c        ****         case 0:
  80:main.c        ****             //Seven_Segment_Reg_Write(zero);
  81:main.c        ****             displayData[index] = zero;
  67              		.loc 1 81 0
  68 001e 284B     		ldr	r3, .L18+4
  69 0020 1A68     		ldr	r2, [r3]
  70 0022 284B     		ldr	r3, .L18+8
  71 0024 43F82420 		str	r2, [r3, r4, lsl #2]
  82:main.c        ****             break;
  72              		.loc 1 82 0
  73 0028 34E0     		b	.L3
  74              	.L6:
  83:main.c        ****         case 1:
  84:main.c        ****             //Seven_Segment_Reg_Write(one);
  85:main.c        ****             displayData[index] = one;
  75              		.loc 1 85 0
  76 002a 254B     		ldr	r3, .L18+4
  77 002c 5A68     		ldr	r2, [r3, #4]
  78 002e 254B     		ldr	r3, .L18+8
  79 0030 43F82420 		str	r2, [r3, r4, lsl #2]
  86:main.c        ****             break;
  80              		.loc 1 86 0
  81 0034 2EE0     		b	.L3
  82              	.L7:
  87:main.c        ****         case 2:
  88:main.c        ****             //Seven_Segment_Reg_Write(two);
  89:main.c        ****             displayData[index] = two;
ARM GAS  C:\Users\Kurty\AppData\Local\Temp\ccrliFdf.s 			page 4


  83              		.loc 1 89 0
  84 0036 224B     		ldr	r3, .L18+4
  85 0038 9A68     		ldr	r2, [r3, #8]
  86 003a 224B     		ldr	r3, .L18+8
  87 003c 43F82420 		str	r2, [r3, r4, lsl #2]
  90:main.c        ****             break;
  88              		.loc 1 90 0
  89 0040 28E0     		b	.L3
  90              	.L8:
  91:main.c        ****         case 3:
  92:main.c        ****             //Seven_Segment_Reg_Write(three);
  93:main.c        ****             displayData[index] = three;
  91              		.loc 1 93 0
  92 0042 1F4B     		ldr	r3, .L18+4
  93 0044 DA68     		ldr	r2, [r3, #12]
  94 0046 1F4B     		ldr	r3, .L18+8
  95 0048 43F82420 		str	r2, [r3, r4, lsl #2]
  94:main.c        ****             break;
  96              		.loc 1 94 0
  97 004c 22E0     		b	.L3
  98              	.L9:
  95:main.c        ****         case 4:
  96:main.c        ****             //Seven_Segment_Reg_Write(four);
  97:main.c        ****             displayData[index] = four;
  99              		.loc 1 97 0
 100 004e 1C4B     		ldr	r3, .L18+4
 101 0050 1A69     		ldr	r2, [r3, #16]
 102 0052 1C4B     		ldr	r3, .L18+8
 103 0054 43F82420 		str	r2, [r3, r4, lsl #2]
  98:main.c        ****             break;
 104              		.loc 1 98 0
 105 0058 1CE0     		b	.L3
 106              	.L10:
  99:main.c        ****         case 5:
 100:main.c        ****             //Seven_Segment_Reg_Write(five);
 101:main.c        ****             displayData[index] = five;
 107              		.loc 1 101 0
 108 005a 194B     		ldr	r3, .L18+4
 109 005c 5A69     		ldr	r2, [r3, #20]
 110 005e 194B     		ldr	r3, .L18+8
 111 0060 43F82420 		str	r2, [r3, r4, lsl #2]
 102:main.c        ****             break;
 112              		.loc 1 102 0
 113 0064 16E0     		b	.L3
 114              	.L11:
 103:main.c        ****         case 6:
 104:main.c        ****             //Seven_Segment_Reg_Write(six);
 105:main.c        ****             displayData[index] = six;
 115              		.loc 1 105 0
 116 0066 164B     		ldr	r3, .L18+4
 117 0068 9A69     		ldr	r2, [r3, #24]
 118 006a 164B     		ldr	r3, .L18+8
 119 006c 43F82420 		str	r2, [r3, r4, lsl #2]
 106:main.c        ****             break;
 120              		.loc 1 106 0
 121 0070 10E0     		b	.L3
 122              	.L12:
ARM GAS  C:\Users\Kurty\AppData\Local\Temp\ccrliFdf.s 			page 5


 107:main.c        ****         case 7:
 108:main.c        ****             //Seven_Segment_Reg_Write(seven);
 109:main.c        ****             displayData[index] = seven;
 123              		.loc 1 109 0
 124 0072 134B     		ldr	r3, .L18+4
 125 0074 DA69     		ldr	r2, [r3, #28]
 126 0076 134B     		ldr	r3, .L18+8
 127 0078 43F82420 		str	r2, [r3, r4, lsl #2]
 110:main.c        ****             break;
 128              		.loc 1 110 0
 129 007c 0AE0     		b	.L3
 130              	.L13:
 111:main.c        ****         case 8:
 112:main.c        ****             //Seven_Segment_Reg_Write(eight);
 113:main.c        ****             displayData[index] = eight;
 131              		.loc 1 113 0
 132 007e 104B     		ldr	r3, .L18+4
 133 0080 1A6A     		ldr	r2, [r3, #32]
 134 0082 104B     		ldr	r3, .L18+8
 135 0084 43F82420 		str	r2, [r3, r4, lsl #2]
 114:main.c        ****             break;
 136              		.loc 1 114 0
 137 0088 04E0     		b	.L3
 138              	.L14:
 115:main.c        ****         case 9:
 116:main.c        ****             //Seven_Segment_Reg_Write(nine);
 117:main.c        ****             displayData[index] = nine;
 139              		.loc 1 117 0
 140 008a 0D4B     		ldr	r3, .L18+4
 141 008c 5A6A     		ldr	r2, [r3, #36]
 142 008e 0D4B     		ldr	r3, .L18+8
 143 0090 43F82420 		str	r2, [r3, r4, lsl #2]
 144              	.L3:
 118:main.c        ****             break;
 119:main.c        ****         }
 120:main.c        ****         
 121:main.c        ****         if(index == 1) { // 2nd most significant digit
 145              		.loc 1 121 0
 146 0094 012C     		cmp	r4, #1
 147 0096 0CD1     		bne	.L15
 122:main.c        ****             displayData[index] = displayData[index] + powl(2,7); //works
 148              		.loc 1 122 0
 149 0098 0A4D     		ldr	r5, .L18+8
 150 009a 55F82400 		ldr	r0, [r5, r4, lsl #2]
 151 009e FFF7FEFF 		bl	__aeabi_ui2d
 152              	.LVL2:
 153 00a2 0022     		movs	r2, #0
 154 00a4 084B     		ldr	r3, .L18+12
 155 00a6 FFF7FEFF 		bl	__aeabi_dadd
 156              	.LVL3:
 157 00aa FFF7FEFF 		bl	__aeabi_d2uiz
 158              	.LVL4:
 159 00ae 45F82400 		str	r0, [r5, r4, lsl #2]
 160              	.L15:
  74:main.c        ****         //int currentDigit = powl(2,index);
 161              		.loc 1 74 0 discriminator 2
 162 00b2 0134     		adds	r4, r4, #1
ARM GAS  C:\Users\Kurty\AppData\Local\Temp\ccrliFdf.s 			page 6


 163              	.LVL5:
 164              	.L2:
  74:main.c        ****         //int currentDigit = powl(2,index);
 165              		.loc 1 74 0 is_stmt 0 discriminator 1
 166 00b4 032C     		cmp	r4, #3
 167 00b6 A6DD     		ble	.L16
 168              	.LBE2:
 123:main.c        ****         }
 124:main.c        ****     }
 125:main.c        ****     
 126:main.c        ****     // digit pin high = digit SELECTED
 127:main.c        ****     // segment pin low = segment ILLUMINATED
 128:main.c        **** }
 169              		.loc 1 128 0 is_stmt 1
 170 00b8 38BD     		pop	{r3, r4, r5, pc}
 171              	.LVL6:
 172              	.L19:
 173 00ba 00BF     		.align	2
 174              	.L18:
 175 00bc 00000000 		.word	digit
 176 00c0 00000000 		.word	.LANCHOR0
 177 00c4 00000000 		.word	displayData
 178 00c8 00006040 		.word	1080033280
 179              		.cfi_endproc
 180              	.LFE64:
 181              		.size	saveDigitsToRAM, .-saveDigitsToRAM
 182              		.global	__aeabi_i2d
 183              		.global	__aeabi_d2iz
 184              		.global	__aeabi_dsub
 185              		.section	.text.main,"ax",%progbits
 186              		.align	2
 187              		.global	main
 188              		.thumb
 189              		.thumb_func
 190              		.type	main, %function
 191              	main:
 192              	.LFB63:
  45:main.c        ****     CyGlobalIntEnable; /* Enable global interrupts. */
 193              		.loc 1 45 0
 194              		.cfi_startproc
 195              		@ args = 0, pretend = 0, frame = 0
 196              		@ frame_needed = 0, uses_anonymous_args = 0
 197 0000 10B5     		push	{r4, lr}
 198              		.cfi_def_cfa_offset 8
 199              		.cfi_offset 4, -8
 200              		.cfi_offset 14, -4
  46:main.c        **** 
 201              		.loc 1 46 0
 202              		.syntax unified
 203              	@ 46 "main.c" 1
 204 0002 62B6     		CPSIE   i
 205              	@ 0 "" 2
  50:main.c        ****     digit[1] = 2;
 206              		.loc 1 50 0
 207              		.thumb
 208              		.syntax unified
 209 0004 1C4B     		ldr	r3, .L25+8
ARM GAS  C:\Users\Kurty\AppData\Local\Temp\ccrliFdf.s 			page 7


 210 0006 0122     		movs	r2, #1
 211 0008 1A60     		str	r2, [r3]
  51:main.c        ****     digit[2] = 3;
 212              		.loc 1 51 0
 213 000a 0222     		movs	r2, #2
 214 000c 5A60     		str	r2, [r3, #4]
  52:main.c        ****     digit[3] = 4;
 215              		.loc 1 52 0
 216 000e 0322     		movs	r2, #3
 217 0010 9A60     		str	r2, [r3, #8]
  53:main.c        ****     saveDigitsToRAM();
 218              		.loc 1 53 0
 219 0012 0422     		movs	r2, #4
 220 0014 DA60     		str	r2, [r3, #12]
  54:main.c        ****     
 221              		.loc 1 54 0
 222 0016 FFF7FEFF 		bl	saveDigitsToRAM
 223              	.LVL7:
 224              	.L23:
 225              	.LBB3:
  57:main.c        ****             int currentDigit = powl(2,index);
 226              		.loc 1 57 0
 227 001a 0024     		movs	r4, #0
 228 001c 22E0     		b	.L21
 229              	.LVL8:
 230              	.L22:
 231              	.LBB4:
  58:main.c        ****             int currentDigitInverted = powl(2,8)-1 - currentDigit;
 232              		.loc 1 58 0 discriminator 3
 233 001e 2046     		mov	r0, r4
 234 0020 FFF7FEFF 		bl	__aeabi_i2d
 235              	.LVL9:
 236 0024 0246     		mov	r2, r0
 237 0026 0B46     		mov	r3, r1
 238 0028 0020     		movs	r0, #0
 239 002a 4FF08041 		mov	r1, #1073741824
 240 002e FFF7FEFF 		bl	powl
 241              	.LVL10:
 242 0032 FFF7FEFF 		bl	__aeabi_d2iz
 243              	.LVL11:
  59:main.c        ****             
 244              		.loc 1 59 0 discriminator 3
 245 0036 FFF7FEFF 		bl	__aeabi_i2d
 246              	.LVL12:
 247 003a 0246     		mov	r2, r0
 248 003c 0B46     		mov	r3, r1
 249 003e 0CA1     		adr	r1, .L25
 250 0040 D1E90001 		ldrd	r0, [r1]
 251 0044 FFF7FEFF 		bl	__aeabi_dsub
 252              	.LVL13:
 253 0048 FFF7FEFF 		bl	__aeabi_d2iz
 254              	.LVL14:
  63:main.c        ****             //Digit_Reg_Write(15);
 255              		.loc 1 63 0 discriminator 3
 256 004c C0B2     		uxtb	r0, r0
 257              	.LVL15:
 258 004e FFF7FEFF 		bl	Digit_Reg_Write
ARM GAS  C:\Users\Kurty\AppData\Local\Temp\ccrliFdf.s 			page 8


 259              	.LVL16:
  66:main.c        ****             CyDelay(1);
 260              		.loc 1 66 0 discriminator 3
 261 0052 0A4B     		ldr	r3, .L25+12
 262 0054 13F82400 		ldrb	r0, [r3, r4, lsl #2]	@ zero_extendqisi2
 263 0058 FFF7FEFF 		bl	Seven_Segment_Reg_Write
 264              	.LVL17:
  67:main.c        ****         }
 265              		.loc 1 67 0 discriminator 3
 266 005c 0120     		movs	r0, #1
 267 005e FFF7FEFF 		bl	CyDelay
 268              	.LVL18:
 269              	.LBE4:
  57:main.c        ****             int currentDigit = powl(2,index);
 270              		.loc 1 57 0 discriminator 3
 271 0062 0134     		adds	r4, r4, #1
 272              	.LVL19:
 273              	.L21:
  57:main.c        ****             int currentDigit = powl(2,index);
 274              		.loc 1 57 0 is_stmt 0 discriminator 1
 275 0064 032C     		cmp	r4, #3
 276 0066 DADD     		ble	.L22
 277 0068 D7E7     		b	.L23
 278              	.L26:
 279 006a 00BFAFF3 		.align	3
 279      0080
 280              	.L25:
 281 0070 00000000 		.word	0
 282 0074 00E06F40 		.word	1081073664
 283 0078 00000000 		.word	digit
 284 007c 00000000 		.word	displayData
 285              	.LBE3:
 286              		.cfi_endproc
 287              	.LFE63:
 288              		.size	main, .-main
 289              		.section	.text.pulseDot,"ax",%progbits
 290              		.align	2
 291              		.global	pulseDot
 292              		.thumb
 293              		.thumb_func
 294              		.type	pulseDot, %function
 295              	pulseDot:
 296              	.LFB65:
 129:main.c        **** 
 130:main.c        **** void pulseDot() {
 297              		.loc 1 130 0 is_stmt 1
 298              		.cfi_startproc
 299              		@ args = 0, pretend = 0, frame = 0
 300              		@ frame_needed = 0, uses_anonymous_args = 0
 301 0000 10B5     		push	{r4, lr}
 302              		.cfi_def_cfa_offset 8
 303              		.cfi_offset 4, -8
 304              		.cfi_offset 14, -4
 131:main.c        ****     if(dotFlag == 0) { // dot is off
 305              		.loc 1 131 0
 306 0002 114B     		ldr	r3, .L31
 307 0004 1B68     		ldr	r3, [r3]
ARM GAS  C:\Users\Kurty\AppData\Local\Temp\ccrliFdf.s 			page 9


 308 0006 73B9     		cbnz	r3, .L28
 132:main.c        ****         displayData[3] = displayData[3] + powl(2,7);
 309              		.loc 1 132 0
 310 0008 104C     		ldr	r4, .L31+4
 311 000a E068     		ldr	r0, [r4, #12]
 312 000c FFF7FEFF 		bl	__aeabi_ui2d
 313              	.LVL20:
 314 0010 0022     		movs	r2, #0
 315 0012 0F4B     		ldr	r3, .L31+8
 316 0014 FFF7FEFF 		bl	__aeabi_dadd
 317              	.LVL21:
 318 0018 FFF7FEFF 		bl	__aeabi_d2uiz
 319              	.LVL22:
 320 001c E060     		str	r0, [r4, #12]
 133:main.c        ****         dotFlag = 1;
 321              		.loc 1 133 0
 322 001e 0122     		movs	r2, #1
 323 0020 094B     		ldr	r3, .L31
 324 0022 1A60     		str	r2, [r3]
 325 0024 10BD     		pop	{r4, pc}
 326              	.L28:
 134:main.c        ****     }
 135:main.c        ****     else if(dotFlag == 1) {
 327              		.loc 1 135 0
 328 0026 012B     		cmp	r3, #1
 329 0028 0DD1     		bne	.L27
 136:main.c        ****         displayData[3] = displayData[3] - powl(2,7);
 330              		.loc 1 136 0
 331 002a 084C     		ldr	r4, .L31+4
 332 002c E068     		ldr	r0, [r4, #12]
 333 002e FFF7FEFF 		bl	__aeabi_ui2d
 334              	.LVL23:
 335 0032 0022     		movs	r2, #0
 336 0034 064B     		ldr	r3, .L31+8
 337 0036 FFF7FEFF 		bl	__aeabi_dsub
 338              	.LVL24:
 339 003a FFF7FEFF 		bl	__aeabi_d2uiz
 340              	.LVL25:
 341 003e E060     		str	r0, [r4, #12]
 137:main.c        ****         dotFlag = 0;
 342              		.loc 1 137 0
 343 0040 0022     		movs	r2, #0
 344 0042 014B     		ldr	r3, .L31
 345 0044 1A60     		str	r2, [r3]
 346              	.L27:
 347 0046 10BD     		pop	{r4, pc}
 348              	.L32:
 349              		.align	2
 350              	.L31:
 351 0048 00000000 		.word	dotFlag
 352 004c 00000000 		.word	displayData
 353 0050 00006040 		.word	1080033280
 354              		.cfi_endproc
 355              	.LFE65:
 356              		.size	pulseDot, .-pulseDot
 357              		.comm	digit,16,4
 358              		.comm	displayData,16,4
ARM GAS  C:\Users\Kurty\AppData\Local\Temp\ccrliFdf.s 			page 10


 359              		.comm	dotFlag,4,4
 360              		.global	digitZero
 361              		.global	digitOne
 362              		.global	digitTwo
 363              		.global	digitThree
 364              		.global	nine
 365              		.global	eight
 366              		.global	seven
 367              		.global	six
 368              		.global	five
 369              		.global	four
 370              		.global	three
 371              		.global	two
 372              		.global	one
 373              		.global	zero
 374              		.data
 375              		.align	2
 376              		.set	.LANCHOR0,. + 0
 377              		.type	zero, %object
 378              		.size	zero, 4
 379              	zero:
 380 0000 C0000000 		.word	192
 381              		.type	one, %object
 382              		.size	one, 4
 383              	one:
 384 0004 F9000000 		.word	249
 385              		.type	two, %object
 386              		.size	two, 4
 387              	two:
 388 0008 A4000000 		.word	164
 389              		.type	three, %object
 390              		.size	three, 4
 391              	three:
 392 000c B0000000 		.word	176
 393              		.type	four, %object
 394              		.size	four, 4
 395              	four:
 396 0010 99000000 		.word	153
 397              		.type	five, %object
 398              		.size	five, 4
 399              	five:
 400 0014 92000000 		.word	146
 401              		.type	six, %object
 402              		.size	six, 4
 403              	six:
 404 0018 82000000 		.word	130
 405              		.type	seven, %object
 406              		.size	seven, 4
 407              	seven:
 408 001c F8000000 		.word	248
 409              		.type	eight, %object
 410              		.size	eight, 4
 411              	eight:
 412 0020 80000000 		.word	128
 413              		.type	nine, %object
 414              		.size	nine, 4
 415              	nine:
ARM GAS  C:\Users\Kurty\AppData\Local\Temp\ccrliFdf.s 			page 11


 416 0024 98000000 		.word	152
 417              		.type	digitZero, %object
 418              		.size	digitZero, 4
 419              	digitZero:
 420 0028 08000000 		.word	8
 421              		.type	digitOne, %object
 422              		.size	digitOne, 4
 423              	digitOne:
 424 002c 04000000 		.word	4
 425              		.type	digitTwo, %object
 426              		.size	digitTwo, 4
 427              	digitTwo:
 428 0030 02000000 		.word	2
 429              		.type	digitThree, %object
 430              		.size	digitThree, 4
 431              	digitThree:
 432 0034 01000000 		.word	1
 433              		.text
 434              	.Letext0:
 435              		.file 2 "c:\\program files (x86)\\cypress\\psoc creator\\4.4\\psoc creator\\import\\gnu\\arm\\5.4.
 436              		.file 3 "c:\\program files (x86)\\cypress\\psoc creator\\4.4\\psoc creator\\import\\gnu\\arm\\5.4.
 437              		.file 4 "Generated_Source\\PSoC5/core_cm3.h"
 438              		.file 5 "c:\\program files (x86)\\cypress\\psoc creator\\4.4\\psoc creator\\import\\gnu\\arm\\5.4.
 439              		.file 6 "Generated_Source\\PSoC5/Digit_Reg.h"
 440              		.file 7 "Generated_Source\\PSoC5/Seven_Segment_Reg.h"
 441              		.file 8 "Generated_Source\\PSoC5/CyLib.h"
 442              		.section	.debug_info,"",%progbits
 443              	.Ldebug_info0:
 444 0000 F2020000 		.4byte	0x2f2
 445 0004 0400     		.2byte	0x4
 446 0006 00000000 		.4byte	.Ldebug_abbrev0
 447 000a 04       		.byte	0x4
 448 000b 01       		.uleb128 0x1
 449 000c 6A000000 		.4byte	.LASF38
 450 0010 0C       		.byte	0xc
 451 0011 CD010000 		.4byte	.LASF39
 452 0015 11020000 		.4byte	.LASF40
 453 0019 00000000 		.4byte	.Ldebug_ranges0+0
 454 001d 00000000 		.4byte	0
 455 0021 00000000 		.4byte	.Ldebug_line0
 456 0025 02       		.uleb128 0x2
 457 0026 01       		.byte	0x1
 458 0027 06       		.byte	0x6
 459 0028 58000000 		.4byte	.LASF0
 460 002c 02       		.uleb128 0x2
 461 002d 01       		.byte	0x1
 462 002e 08       		.byte	0x8
 463 002f 39010000 		.4byte	.LASF1
 464 0033 02       		.uleb128 0x2
 465 0034 02       		.byte	0x2
 466 0035 05       		.byte	0x5
 467 0036 E8010000 		.4byte	.LASF2
 468 003a 02       		.uleb128 0x2
 469 003b 02       		.byte	0x2
 470 003c 07       		.byte	0x7
 471 003d 0F010000 		.4byte	.LASF3
 472 0041 03       		.uleb128 0x3
ARM GAS  C:\Users\Kurty\AppData\Local\Temp\ccrliFdf.s 			page 12


 473 0042 0B000000 		.4byte	.LASF9
 474 0046 02       		.byte	0x2
 475 0047 3F       		.byte	0x3f
 476 0048 4C000000 		.4byte	0x4c
 477 004c 02       		.uleb128 0x2
 478 004d 04       		.byte	0x4
 479 004e 05       		.byte	0x5
 480 004f 03020000 		.4byte	.LASF4
 481 0053 02       		.uleb128 0x2
 482 0054 04       		.byte	0x4
 483 0055 07       		.byte	0x7
 484 0056 FD000000 		.4byte	.LASF5
 485 005a 02       		.uleb128 0x2
 486 005b 08       		.byte	0x8
 487 005c 05       		.byte	0x5
 488 005d BF010000 		.4byte	.LASF6
 489 0061 02       		.uleb128 0x2
 490 0062 08       		.byte	0x8
 491 0063 07       		.byte	0x7
 492 0064 7A010000 		.4byte	.LASF7
 493 0068 04       		.uleb128 0x4
 494 0069 04       		.byte	0x4
 495 006a 05       		.byte	0x5
 496 006b 696E7400 		.ascii	"int\000"
 497 006f 02       		.uleb128 0x2
 498 0070 04       		.byte	0x4
 499 0071 07       		.byte	0x7
 500 0072 67010000 		.4byte	.LASF8
 501 0076 03       		.uleb128 0x3
 502 0077 AE010000 		.4byte	.LASF10
 503 007b 03       		.byte	0x3
 504 007c 2C       		.byte	0x2c
 505 007d 41000000 		.4byte	0x41
 506 0081 02       		.uleb128 0x2
 507 0082 04       		.byte	0x4
 508 0083 04       		.byte	0x4
 509 0084 52000000 		.4byte	.LASF11
 510 0088 02       		.uleb128 0x2
 511 0089 08       		.byte	0x8
 512 008a 04       		.byte	0x4
 513 008b 8A020000 		.4byte	.LASF12
 514 008f 02       		.uleb128 0x2
 515 0090 01       		.byte	0x1
 516 0091 08       		.byte	0x8
 517 0092 0C020000 		.4byte	.LASF13
 518 0096 02       		.uleb128 0x2
 519 0097 04       		.byte	0x4
 520 0098 07       		.byte	0x7
 521 0099 B6010000 		.4byte	.LASF14
 522 009d 02       		.uleb128 0x2
 523 009e 08       		.byte	0x8
 524 009f 04       		.byte	0x4
 525 00a0 72020000 		.4byte	.LASF15
 526 00a4 05       		.uleb128 0x5
 527 00a5 2D000000 		.4byte	.LASF41
 528 00a9 01       		.byte	0x1
 529 00aa 49       		.byte	0x49
ARM GAS  C:\Users\Kurty\AppData\Local\Temp\ccrliFdf.s 			page 13


 530 00ab 00000000 		.4byte	.LFB64
 531 00af CC000000 		.4byte	.LFE64-.LFB64
 532 00b3 01       		.uleb128 0x1
 533 00b4 9C       		.byte	0x9c
 534 00b5 D3000000 		.4byte	0xd3
 535 00b9 06       		.uleb128 0x6
 536 00ba 02000000 		.4byte	.LBB2
 537 00be B6000000 		.4byte	.LBE2-.LBB2
 538 00c2 07       		.uleb128 0x7
 539 00c3 FD010000 		.4byte	.LASF16
 540 00c7 01       		.byte	0x1
 541 00c8 4A       		.byte	0x4a
 542 00c9 68000000 		.4byte	0x68
 543 00cd 00000000 		.4byte	.LLST0
 544 00d1 00       		.byte	0
 545 00d2 00       		.byte	0
 546 00d3 08       		.uleb128 0x8
 547 00d4 54010000 		.4byte	.LASF42
 548 00d8 01       		.byte	0x1
 549 00d9 2C       		.byte	0x2c
 550 00da 68000000 		.4byte	0x68
 551 00de 00000000 		.4byte	.LFB63
 552 00e2 80000000 		.4byte	.LFE63-.LFB63
 553 00e6 01       		.uleb128 0x1
 554 00e7 9C       		.byte	0x9c
 555 00e8 65010000 		.4byte	0x165
 556 00ec 09       		.uleb128 0x9
 557 00ed 1A000000 		.4byte	.LBB3
 558 00f1 66000000 		.4byte	.LBE3-.LBB3
 559 00f5 5B010000 		.4byte	0x15b
 560 00f9 07       		.uleb128 0x7
 561 00fa FD010000 		.4byte	.LASF16
 562 00fe 01       		.byte	0x1
 563 00ff 39       		.byte	0x39
 564 0100 68000000 		.4byte	0x68
 565 0104 1F000000 		.4byte	.LLST1
 566 0108 06       		.uleb128 0x6
 567 0109 1E000000 		.4byte	.LBB4
 568 010d 44000000 		.4byte	.LBE4-.LBB4
 569 0111 07       		.uleb128 0x7
 570 0112 47010000 		.4byte	.LASF17
 571 0116 01       		.byte	0x1
 572 0117 3A       		.byte	0x3a
 573 0118 68000000 		.4byte	0x68
 574 011c 3E000000 		.4byte	.LLST2
 575 0120 07       		.uleb128 0x7
 576 0121 91010000 		.4byte	.LASF18
 577 0125 01       		.byte	0x1
 578 0126 3B       		.byte	0x3b
 579 0127 68000000 		.4byte	0x68
 580 012b 51000000 		.4byte	.LLST3
 581 012f 0A       		.uleb128 0xa
 582 0130 32000000 		.4byte	.LVL10
 583 0134 C8020000 		.4byte	0x2c8
 584 0138 0A       		.uleb128 0xa
 585 0139 52000000 		.4byte	.LVL16
 586 013d D4020000 		.4byte	0x2d4
ARM GAS  C:\Users\Kurty\AppData\Local\Temp\ccrliFdf.s 			page 14


 587 0141 0A       		.uleb128 0xa
 588 0142 5C000000 		.4byte	.LVL17
 589 0146 DF020000 		.4byte	0x2df
 590 014a 0B       		.uleb128 0xb
 591 014b 62000000 		.4byte	.LVL18
 592 014f EA020000 		.4byte	0x2ea
 593 0153 0C       		.uleb128 0xc
 594 0154 01       		.uleb128 0x1
 595 0155 50       		.byte	0x50
 596 0156 01       		.uleb128 0x1
 597 0157 31       		.byte	0x31
 598 0158 00       		.byte	0
 599 0159 00       		.byte	0
 600 015a 00       		.byte	0
 601 015b 0A       		.uleb128 0xa
 602 015c 1A000000 		.4byte	.LVL7
 603 0160 A4000000 		.4byte	0xa4
 604 0164 00       		.byte	0
 605 0165 0D       		.uleb128 0xd
 606 0166 DF010000 		.4byte	.LASF43
 607 016a 01       		.byte	0x1
 608 016b 82       		.byte	0x82
 609 016c 00000000 		.4byte	.LFB65
 610 0170 54000000 		.4byte	.LFE65-.LFB65
 611 0174 01       		.uleb128 0x1
 612 0175 9C       		.byte	0x9c
 613 0176 0E       		.uleb128 0xe
 614 0177 22010000 		.4byte	.LASF19
 615 017b 04       		.byte	0x4
 616 017c 1207     		.2byte	0x712
 617 017e 82010000 		.4byte	0x182
 618 0182 0F       		.uleb128 0xf
 619 0183 76000000 		.4byte	0x76
 620 0187 10       		.uleb128 0x10
 621 0188 DA010000 		.4byte	.LASF20
 622 018c 01       		.byte	0x1
 623 018d 15       		.byte	0x15
 624 018e 68000000 		.4byte	0x68
 625 0192 05       		.uleb128 0x5
 626 0193 03       		.byte	0x3
 627 0194 00000000 		.4byte	zero
 628 0198 11       		.uleb128 0x11
 629 0199 6F6E6500 		.ascii	"one\000"
 630 019d 01       		.byte	0x1
 631 019e 16       		.byte	0x16
 632 019f 68000000 		.4byte	0x68
 633 01a3 05       		.uleb128 0x5
 634 01a4 03       		.byte	0x3
 635 01a5 00000000 		.4byte	one
 636 01a9 11       		.uleb128 0x11
 637 01aa 74776F00 		.ascii	"two\000"
 638 01ae 01       		.byte	0x1
 639 01af 17       		.byte	0x17
 640 01b0 68000000 		.4byte	0x68
 641 01b4 05       		.uleb128 0x5
 642 01b5 03       		.byte	0x3
 643 01b6 00000000 		.4byte	two
ARM GAS  C:\Users\Kurty\AppData\Local\Temp\ccrliFdf.s 			page 15


 644 01ba 10       		.uleb128 0x10
 645 01bb D4010000 		.4byte	.LASF21
 646 01bf 01       		.byte	0x1
 647 01c0 18       		.byte	0x18
 648 01c1 68000000 		.4byte	0x68
 649 01c5 05       		.uleb128 0x5
 650 01c6 03       		.byte	0x3
 651 01c7 00000000 		.4byte	three
 652 01cb 10       		.uleb128 0x10
 653 01cc 3D000000 		.4byte	.LASF22
 654 01d0 01       		.byte	0x1
 655 01d1 19       		.byte	0x19
 656 01d2 68000000 		.4byte	0x68
 657 01d6 05       		.uleb128 0x5
 658 01d7 03       		.byte	0x3
 659 01d8 00000000 		.4byte	four
 660 01dc 10       		.uleb128 0x10
 661 01dd 62010000 		.4byte	.LASF23
 662 01e1 01       		.byte	0x1
 663 01e2 1A       		.byte	0x1a
 664 01e3 68000000 		.4byte	0x68
 665 01e7 05       		.uleb128 0x5
 666 01e8 03       		.byte	0x3
 667 01e9 00000000 		.4byte	five
 668 01ed 11       		.uleb128 0x11
 669 01ee 73697800 		.ascii	"six\000"
 670 01f2 01       		.byte	0x1
 671 01f3 1B       		.byte	0x1b
 672 01f4 68000000 		.4byte	0x68
 673 01f8 05       		.uleb128 0x5
 674 01f9 03       		.byte	0x3
 675 01fa 00000000 		.4byte	six
 676 01fe 10       		.uleb128 0x10
 677 01ff 05000000 		.4byte	.LASF24
 678 0203 01       		.byte	0x1
 679 0204 1C       		.byte	0x1c
 680 0205 68000000 		.4byte	0x68
 681 0209 05       		.uleb128 0x5
 682 020a 03       		.byte	0x3
 683 020b 00000000 		.4byte	seven
 684 020f 10       		.uleb128 0x10
 685 0210 64000000 		.4byte	.LASF25
 686 0214 01       		.byte	0x1
 687 0215 1D       		.byte	0x1d
 688 0216 68000000 		.4byte	0x68
 689 021a 05       		.uleb128 0x5
 690 021b 03       		.byte	0x3
 691 021c 00000000 		.4byte	eight
 692 0220 10       		.uleb128 0x10
 693 0221 00000000 		.4byte	.LASF26
 694 0225 01       		.byte	0x1
 695 0226 1E       		.byte	0x1e
 696 0227 68000000 		.4byte	0x68
 697 022b 05       		.uleb128 0x5
 698 022c 03       		.byte	0x3
 699 022d 00000000 		.4byte	nine
 700 0231 10       		.uleb128 0x10
ARM GAS  C:\Users\Kurty\AppData\Local\Temp\ccrliFdf.s 			page 16


 701 0232 F2010000 		.4byte	.LASF27
 702 0236 01       		.byte	0x1
 703 0237 22       		.byte	0x22
 704 0238 68000000 		.4byte	0x68
 705 023c 05       		.uleb128 0x5
 706 023d 03       		.byte	0x3
 707 023e 00000000 		.4byte	digitThree
 708 0242 10       		.uleb128 0x10
 709 0243 59010000 		.4byte	.LASF28
 710 0247 01       		.byte	0x1
 711 0248 23       		.byte	0x23
 712 0249 68000000 		.4byte	0x68
 713 024d 05       		.uleb128 0x5
 714 024e 03       		.byte	0x3
 715 024f 00000000 		.4byte	digitTwo
 716 0253 10       		.uleb128 0x10
 717 0254 91020000 		.4byte	.LASF29
 718 0258 01       		.byte	0x1
 719 0259 24       		.byte	0x24
 720 025a 68000000 		.4byte	0x68
 721 025e 05       		.uleb128 0x5
 722 025f 03       		.byte	0x3
 723 0260 00000000 		.4byte	digitOne
 724 0264 10       		.uleb128 0x10
 725 0265 2F010000 		.4byte	.LASF30
 726 0269 01       		.byte	0x1
 727 026a 25       		.byte	0x25
 728 026b 68000000 		.4byte	0x68
 729 026f 05       		.uleb128 0x5
 730 0270 03       		.byte	0x3
 731 0271 00000000 		.4byte	digitZero
 732 0275 10       		.uleb128 0x10
 733 0276 A6010000 		.4byte	.LASF31
 734 027a 01       		.byte	0x1
 735 027b 27       		.byte	0x27
 736 027c 68000000 		.4byte	0x68
 737 0280 05       		.uleb128 0x5
 738 0281 03       		.byte	0x3
 739 0282 00000000 		.4byte	dotFlag
 740 0286 12       		.uleb128 0x12
 741 0287 53000000 		.4byte	0x53
 742 028b 96020000 		.4byte	0x296
 743 028f 13       		.uleb128 0x13
 744 0290 96000000 		.4byte	0x96
 745 0294 03       		.byte	0x3
 746 0295 00       		.byte	0
 747 0296 10       		.uleb128 0x10
 748 0297 7E020000 		.4byte	.LASF32
 749 029b 01       		.byte	0x1
 750 029c 29       		.byte	0x29
 751 029d 86020000 		.4byte	0x286
 752 02a1 05       		.uleb128 0x5
 753 02a2 03       		.byte	0x3
 754 02a3 00000000 		.4byte	displayData
 755 02a7 12       		.uleb128 0x12
 756 02a8 68000000 		.4byte	0x68
 757 02ac B7020000 		.4byte	0x2b7
ARM GAS  C:\Users\Kurty\AppData\Local\Temp\ccrliFdf.s 			page 17


 758 02b0 13       		.uleb128 0x13
 759 02b1 96000000 		.4byte	0x96
 760 02b5 03       		.byte	0x3
 761 02b6 00       		.byte	0
 762 02b7 10       		.uleb128 0x10
 763 02b8 74010000 		.4byte	.LASF33
 764 02bc 01       		.byte	0x1
 765 02bd 2A       		.byte	0x2a
 766 02be A7020000 		.4byte	0x2a7
 767 02c2 05       		.uleb128 0x5
 768 02c3 03       		.byte	0x3
 769 02c4 00000000 		.4byte	digit
 770 02c8 14       		.uleb128 0x14
 771 02c9 F8000000 		.4byte	.LASF34
 772 02cd F8000000 		.4byte	.LASF34
 773 02d1 05       		.byte	0x5
 774 02d2 D601     		.2byte	0x1d6
 775 02d4 15       		.uleb128 0x15
 776 02d5 42000000 		.4byte	.LASF35
 777 02d9 42000000 		.4byte	.LASF35
 778 02dd 06       		.byte	0x6
 779 02de 2F       		.byte	0x2f
 780 02df 15       		.uleb128 0x15
 781 02e0 15000000 		.4byte	.LASF36
 782 02e4 15000000 		.4byte	.LASF36
 783 02e8 07       		.byte	0x7
 784 02e9 2F       		.byte	0x2f
 785 02ea 15       		.uleb128 0x15
 786 02eb 9A020000 		.4byte	.LASF37
 787 02ef 9A020000 		.4byte	.LASF37
 788 02f3 08       		.byte	0x8
 789 02f4 76       		.byte	0x76
 790 02f5 00       		.byte	0
 791              		.section	.debug_abbrev,"",%progbits
 792              	.Ldebug_abbrev0:
 793 0000 01       		.uleb128 0x1
 794 0001 11       		.uleb128 0x11
 795 0002 01       		.byte	0x1
 796 0003 25       		.uleb128 0x25
 797 0004 0E       		.uleb128 0xe
 798 0005 13       		.uleb128 0x13
 799 0006 0B       		.uleb128 0xb
 800 0007 03       		.uleb128 0x3
 801 0008 0E       		.uleb128 0xe
 802 0009 1B       		.uleb128 0x1b
 803 000a 0E       		.uleb128 0xe
 804 000b 55       		.uleb128 0x55
 805 000c 17       		.uleb128 0x17
 806 000d 11       		.uleb128 0x11
 807 000e 01       		.uleb128 0x1
 808 000f 10       		.uleb128 0x10
 809 0010 17       		.uleb128 0x17
 810 0011 00       		.byte	0
 811 0012 00       		.byte	0
 812 0013 02       		.uleb128 0x2
 813 0014 24       		.uleb128 0x24
 814 0015 00       		.byte	0
ARM GAS  C:\Users\Kurty\AppData\Local\Temp\ccrliFdf.s 			page 18


 815 0016 0B       		.uleb128 0xb
 816 0017 0B       		.uleb128 0xb
 817 0018 3E       		.uleb128 0x3e
 818 0019 0B       		.uleb128 0xb
 819 001a 03       		.uleb128 0x3
 820 001b 0E       		.uleb128 0xe
 821 001c 00       		.byte	0
 822 001d 00       		.byte	0
 823 001e 03       		.uleb128 0x3
 824 001f 16       		.uleb128 0x16
 825 0020 00       		.byte	0
 826 0021 03       		.uleb128 0x3
 827 0022 0E       		.uleb128 0xe
 828 0023 3A       		.uleb128 0x3a
 829 0024 0B       		.uleb128 0xb
 830 0025 3B       		.uleb128 0x3b
 831 0026 0B       		.uleb128 0xb
 832 0027 49       		.uleb128 0x49
 833 0028 13       		.uleb128 0x13
 834 0029 00       		.byte	0
 835 002a 00       		.byte	0
 836 002b 04       		.uleb128 0x4
 837 002c 24       		.uleb128 0x24
 838 002d 00       		.byte	0
 839 002e 0B       		.uleb128 0xb
 840 002f 0B       		.uleb128 0xb
 841 0030 3E       		.uleb128 0x3e
 842 0031 0B       		.uleb128 0xb
 843 0032 03       		.uleb128 0x3
 844 0033 08       		.uleb128 0x8
 845 0034 00       		.byte	0
 846 0035 00       		.byte	0
 847 0036 05       		.uleb128 0x5
 848 0037 2E       		.uleb128 0x2e
 849 0038 01       		.byte	0x1
 850 0039 3F       		.uleb128 0x3f
 851 003a 19       		.uleb128 0x19
 852 003b 03       		.uleb128 0x3
 853 003c 0E       		.uleb128 0xe
 854 003d 3A       		.uleb128 0x3a
 855 003e 0B       		.uleb128 0xb
 856 003f 3B       		.uleb128 0x3b
 857 0040 0B       		.uleb128 0xb
 858 0041 11       		.uleb128 0x11
 859 0042 01       		.uleb128 0x1
 860 0043 12       		.uleb128 0x12
 861 0044 06       		.uleb128 0x6
 862 0045 40       		.uleb128 0x40
 863 0046 18       		.uleb128 0x18
 864 0047 9642     		.uleb128 0x2116
 865 0049 19       		.uleb128 0x19
 866 004a 01       		.uleb128 0x1
 867 004b 13       		.uleb128 0x13
 868 004c 00       		.byte	0
 869 004d 00       		.byte	0
 870 004e 06       		.uleb128 0x6
 871 004f 0B       		.uleb128 0xb
ARM GAS  C:\Users\Kurty\AppData\Local\Temp\ccrliFdf.s 			page 19


 872 0050 01       		.byte	0x1
 873 0051 11       		.uleb128 0x11
 874 0052 01       		.uleb128 0x1
 875 0053 12       		.uleb128 0x12
 876 0054 06       		.uleb128 0x6
 877 0055 00       		.byte	0
 878 0056 00       		.byte	0
 879 0057 07       		.uleb128 0x7
 880 0058 34       		.uleb128 0x34
 881 0059 00       		.byte	0
 882 005a 03       		.uleb128 0x3
 883 005b 0E       		.uleb128 0xe
 884 005c 3A       		.uleb128 0x3a
 885 005d 0B       		.uleb128 0xb
 886 005e 3B       		.uleb128 0x3b
 887 005f 0B       		.uleb128 0xb
 888 0060 49       		.uleb128 0x49
 889 0061 13       		.uleb128 0x13
 890 0062 02       		.uleb128 0x2
 891 0063 17       		.uleb128 0x17
 892 0064 00       		.byte	0
 893 0065 00       		.byte	0
 894 0066 08       		.uleb128 0x8
 895 0067 2E       		.uleb128 0x2e
 896 0068 01       		.byte	0x1
 897 0069 3F       		.uleb128 0x3f
 898 006a 19       		.uleb128 0x19
 899 006b 03       		.uleb128 0x3
 900 006c 0E       		.uleb128 0xe
 901 006d 3A       		.uleb128 0x3a
 902 006e 0B       		.uleb128 0xb
 903 006f 3B       		.uleb128 0x3b
 904 0070 0B       		.uleb128 0xb
 905 0071 27       		.uleb128 0x27
 906 0072 19       		.uleb128 0x19
 907 0073 49       		.uleb128 0x49
 908 0074 13       		.uleb128 0x13
 909 0075 8701     		.uleb128 0x87
 910 0077 19       		.uleb128 0x19
 911 0078 11       		.uleb128 0x11
 912 0079 01       		.uleb128 0x1
 913 007a 12       		.uleb128 0x12
 914 007b 06       		.uleb128 0x6
 915 007c 40       		.uleb128 0x40
 916 007d 18       		.uleb128 0x18
 917 007e 9642     		.uleb128 0x2116
 918 0080 19       		.uleb128 0x19
 919 0081 01       		.uleb128 0x1
 920 0082 13       		.uleb128 0x13
 921 0083 00       		.byte	0
 922 0084 00       		.byte	0
 923 0085 09       		.uleb128 0x9
 924 0086 0B       		.uleb128 0xb
 925 0087 01       		.byte	0x1
 926 0088 11       		.uleb128 0x11
 927 0089 01       		.uleb128 0x1
 928 008a 12       		.uleb128 0x12
ARM GAS  C:\Users\Kurty\AppData\Local\Temp\ccrliFdf.s 			page 20


 929 008b 06       		.uleb128 0x6
 930 008c 01       		.uleb128 0x1
 931 008d 13       		.uleb128 0x13
 932 008e 00       		.byte	0
 933 008f 00       		.byte	0
 934 0090 0A       		.uleb128 0xa
 935 0091 898201   		.uleb128 0x4109
 936 0094 00       		.byte	0
 937 0095 11       		.uleb128 0x11
 938 0096 01       		.uleb128 0x1
 939 0097 31       		.uleb128 0x31
 940 0098 13       		.uleb128 0x13
 941 0099 00       		.byte	0
 942 009a 00       		.byte	0
 943 009b 0B       		.uleb128 0xb
 944 009c 898201   		.uleb128 0x4109
 945 009f 01       		.byte	0x1
 946 00a0 11       		.uleb128 0x11
 947 00a1 01       		.uleb128 0x1
 948 00a2 31       		.uleb128 0x31
 949 00a3 13       		.uleb128 0x13
 950 00a4 00       		.byte	0
 951 00a5 00       		.byte	0
 952 00a6 0C       		.uleb128 0xc
 953 00a7 8A8201   		.uleb128 0x410a
 954 00aa 00       		.byte	0
 955 00ab 02       		.uleb128 0x2
 956 00ac 18       		.uleb128 0x18
 957 00ad 9142     		.uleb128 0x2111
 958 00af 18       		.uleb128 0x18
 959 00b0 00       		.byte	0
 960 00b1 00       		.byte	0
 961 00b2 0D       		.uleb128 0xd
 962 00b3 2E       		.uleb128 0x2e
 963 00b4 00       		.byte	0
 964 00b5 3F       		.uleb128 0x3f
 965 00b6 19       		.uleb128 0x19
 966 00b7 03       		.uleb128 0x3
 967 00b8 0E       		.uleb128 0xe
 968 00b9 3A       		.uleb128 0x3a
 969 00ba 0B       		.uleb128 0xb
 970 00bb 3B       		.uleb128 0x3b
 971 00bc 0B       		.uleb128 0xb
 972 00bd 11       		.uleb128 0x11
 973 00be 01       		.uleb128 0x1
 974 00bf 12       		.uleb128 0x12
 975 00c0 06       		.uleb128 0x6
 976 00c1 40       		.uleb128 0x40
 977 00c2 18       		.uleb128 0x18
 978 00c3 9642     		.uleb128 0x2116
 979 00c5 19       		.uleb128 0x19
 980 00c6 00       		.byte	0
 981 00c7 00       		.byte	0
 982 00c8 0E       		.uleb128 0xe
 983 00c9 34       		.uleb128 0x34
 984 00ca 00       		.byte	0
 985 00cb 03       		.uleb128 0x3
ARM GAS  C:\Users\Kurty\AppData\Local\Temp\ccrliFdf.s 			page 21


 986 00cc 0E       		.uleb128 0xe
 987 00cd 3A       		.uleb128 0x3a
 988 00ce 0B       		.uleb128 0xb
 989 00cf 3B       		.uleb128 0x3b
 990 00d0 05       		.uleb128 0x5
 991 00d1 49       		.uleb128 0x49
 992 00d2 13       		.uleb128 0x13
 993 00d3 3F       		.uleb128 0x3f
 994 00d4 19       		.uleb128 0x19
 995 00d5 3C       		.uleb128 0x3c
 996 00d6 19       		.uleb128 0x19
 997 00d7 00       		.byte	0
 998 00d8 00       		.byte	0
 999 00d9 0F       		.uleb128 0xf
 1000 00da 35       		.uleb128 0x35
 1001 00db 00       		.byte	0
 1002 00dc 49       		.uleb128 0x49
 1003 00dd 13       		.uleb128 0x13
 1004 00de 00       		.byte	0
 1005 00df 00       		.byte	0
 1006 00e0 10       		.uleb128 0x10
 1007 00e1 34       		.uleb128 0x34
 1008 00e2 00       		.byte	0
 1009 00e3 03       		.uleb128 0x3
 1010 00e4 0E       		.uleb128 0xe
 1011 00e5 3A       		.uleb128 0x3a
 1012 00e6 0B       		.uleb128 0xb
 1013 00e7 3B       		.uleb128 0x3b
 1014 00e8 0B       		.uleb128 0xb
 1015 00e9 49       		.uleb128 0x49
 1016 00ea 13       		.uleb128 0x13
 1017 00eb 3F       		.uleb128 0x3f
 1018 00ec 19       		.uleb128 0x19
 1019 00ed 02       		.uleb128 0x2
 1020 00ee 18       		.uleb128 0x18
 1021 00ef 00       		.byte	0
 1022 00f0 00       		.byte	0
 1023 00f1 11       		.uleb128 0x11
 1024 00f2 34       		.uleb128 0x34
 1025 00f3 00       		.byte	0
 1026 00f4 03       		.uleb128 0x3
 1027 00f5 08       		.uleb128 0x8
 1028 00f6 3A       		.uleb128 0x3a
 1029 00f7 0B       		.uleb128 0xb
 1030 00f8 3B       		.uleb128 0x3b
 1031 00f9 0B       		.uleb128 0xb
 1032 00fa 49       		.uleb128 0x49
 1033 00fb 13       		.uleb128 0x13
 1034 00fc 3F       		.uleb128 0x3f
 1035 00fd 19       		.uleb128 0x19
 1036 00fe 02       		.uleb128 0x2
 1037 00ff 18       		.uleb128 0x18
 1038 0100 00       		.byte	0
 1039 0101 00       		.byte	0
 1040 0102 12       		.uleb128 0x12
 1041 0103 01       		.uleb128 0x1
 1042 0104 01       		.byte	0x1
ARM GAS  C:\Users\Kurty\AppData\Local\Temp\ccrliFdf.s 			page 22


 1043 0105 49       		.uleb128 0x49
 1044 0106 13       		.uleb128 0x13
 1045 0107 01       		.uleb128 0x1
 1046 0108 13       		.uleb128 0x13
 1047 0109 00       		.byte	0
 1048 010a 00       		.byte	0
 1049 010b 13       		.uleb128 0x13
 1050 010c 21       		.uleb128 0x21
 1051 010d 00       		.byte	0
 1052 010e 49       		.uleb128 0x49
 1053 010f 13       		.uleb128 0x13
 1054 0110 2F       		.uleb128 0x2f
 1055 0111 0B       		.uleb128 0xb
 1056 0112 00       		.byte	0
 1057 0113 00       		.byte	0
 1058 0114 14       		.uleb128 0x14
 1059 0115 2E       		.uleb128 0x2e
 1060 0116 00       		.byte	0
 1061 0117 3F       		.uleb128 0x3f
 1062 0118 19       		.uleb128 0x19
 1063 0119 3C       		.uleb128 0x3c
 1064 011a 19       		.uleb128 0x19
 1065 011b 6E       		.uleb128 0x6e
 1066 011c 0E       		.uleb128 0xe
 1067 011d 03       		.uleb128 0x3
 1068 011e 0E       		.uleb128 0xe
 1069 011f 3A       		.uleb128 0x3a
 1070 0120 0B       		.uleb128 0xb
 1071 0121 3B       		.uleb128 0x3b
 1072 0122 05       		.uleb128 0x5
 1073 0123 00       		.byte	0
 1074 0124 00       		.byte	0
 1075 0125 15       		.uleb128 0x15
 1076 0126 2E       		.uleb128 0x2e
 1077 0127 00       		.byte	0
 1078 0128 3F       		.uleb128 0x3f
 1079 0129 19       		.uleb128 0x19
 1080 012a 3C       		.uleb128 0x3c
 1081 012b 19       		.uleb128 0x19
 1082 012c 6E       		.uleb128 0x6e
 1083 012d 0E       		.uleb128 0xe
 1084 012e 03       		.uleb128 0x3
 1085 012f 0E       		.uleb128 0xe
 1086 0130 3A       		.uleb128 0x3a
 1087 0131 0B       		.uleb128 0xb
 1088 0132 3B       		.uleb128 0x3b
 1089 0133 0B       		.uleb128 0xb
 1090 0134 00       		.byte	0
 1091 0135 00       		.byte	0
 1092 0136 00       		.byte	0
 1093              		.section	.debug_loc,"",%progbits
 1094              	.Ldebug_loc0:
 1095              	.LLST0:
 1096 0000 02000000 		.4byte	.LVL0
 1097 0004 06000000 		.4byte	.LVL1
 1098 0008 0200     		.2byte	0x2
 1099 000a 30       		.byte	0x30
ARM GAS  C:\Users\Kurty\AppData\Local\Temp\ccrliFdf.s 			page 23


 1100 000b 9F       		.byte	0x9f
 1101 000c 06000000 		.4byte	.LVL1
 1102 0010 BA000000 		.4byte	.LVL6
 1103 0014 0100     		.2byte	0x1
 1104 0016 54       		.byte	0x54
 1105 0017 00000000 		.4byte	0
 1106 001b 00000000 		.4byte	0
 1107              	.LLST1:
 1108 001f 1A000000 		.4byte	.LVL7
 1109 0023 1E000000 		.4byte	.LVL8
 1110 0027 0200     		.2byte	0x2
 1111 0029 30       		.byte	0x30
 1112 002a 9F       		.byte	0x9f
 1113 002b 1E000000 		.4byte	.LVL8
 1114 002f 80000000 		.4byte	.LFE63
 1115 0033 0100     		.2byte	0x1
 1116 0035 54       		.byte	0x54
 1117 0036 00000000 		.4byte	0
 1118 003a 00000000 		.4byte	0
 1119              	.LLST2:
 1120 003e 36000000 		.4byte	.LVL11
 1121 0042 39000000 		.4byte	.LVL12-1
 1122 0046 0100     		.2byte	0x1
 1123 0048 50       		.byte	0x50
 1124 0049 00000000 		.4byte	0
 1125 004d 00000000 		.4byte	0
 1126              	.LLST3:
 1127 0051 4C000000 		.4byte	.LVL14
 1128 0055 4E000000 		.4byte	.LVL15
 1129 0059 0100     		.2byte	0x1
 1130 005b 50       		.byte	0x50
 1131 005c 00000000 		.4byte	0
 1132 0060 00000000 		.4byte	0
 1133              		.section	.debug_aranges,"",%progbits
 1134 0000 2C000000 		.4byte	0x2c
 1135 0004 0200     		.2byte	0x2
 1136 0006 00000000 		.4byte	.Ldebug_info0
 1137 000a 04       		.byte	0x4
 1138 000b 00       		.byte	0
 1139 000c 0000     		.2byte	0
 1140 000e 0000     		.2byte	0
 1141 0010 00000000 		.4byte	.LFB64
 1142 0014 CC000000 		.4byte	.LFE64-.LFB64
 1143 0018 00000000 		.4byte	.LFB63
 1144 001c 80000000 		.4byte	.LFE63-.LFB63
 1145 0020 00000000 		.4byte	.LFB65
 1146 0024 54000000 		.4byte	.LFE65-.LFB65
 1147 0028 00000000 		.4byte	0
 1148 002c 00000000 		.4byte	0
 1149              		.section	.debug_ranges,"",%progbits
 1150              	.Ldebug_ranges0:
 1151 0000 00000000 		.4byte	.LFB64
 1152 0004 CC000000 		.4byte	.LFE64
 1153 0008 00000000 		.4byte	.LFB63
 1154 000c 80000000 		.4byte	.LFE63
 1155 0010 00000000 		.4byte	.LFB65
 1156 0014 54000000 		.4byte	.LFE65
ARM GAS  C:\Users\Kurty\AppData\Local\Temp\ccrliFdf.s 			page 24


 1157 0018 00000000 		.4byte	0
 1158 001c 00000000 		.4byte	0
 1159              		.section	.debug_line,"",%progbits
 1160              	.Ldebug_line0:
 1161 0000 72020000 		.section	.debug_str,"MS",%progbits,1
 1161      0200E201 
 1161      00000201 
 1161      FB0E0D00 
 1161      01010101 
 1162              	.LASF26:
 1163 0000 6E696E65 		.ascii	"nine\000"
 1163      00
 1164              	.LASF24:
 1165 0005 73657665 		.ascii	"seven\000"
 1165      6E00
 1166              	.LASF9:
 1167 000b 5F5F696E 		.ascii	"__int32_t\000"
 1167      7433325F 
 1167      7400
 1168              	.LASF36:
 1169 0015 53657665 		.ascii	"Seven_Segment_Reg_Write\000"
 1169      6E5F5365 
 1169      676D656E 
 1169      745F5265 
 1169      675F5772 
 1170              	.LASF41:
 1171 002d 73617665 		.ascii	"saveDigitsToRAM\000"
 1171      44696769 
 1171      7473546F 
 1171      52414D00 
 1172              	.LASF22:
 1173 003d 666F7572 		.ascii	"four\000"
 1173      00
 1174              	.LASF35:
 1175 0042 44696769 		.ascii	"Digit_Reg_Write\000"
 1175      745F5265 
 1175      675F5772 
 1175      69746500 
 1176              	.LASF11:
 1177 0052 666C6F61 		.ascii	"float\000"
 1177      7400
 1178              	.LASF0:
 1179 0058 7369676E 		.ascii	"signed char\000"
 1179      65642063 
 1179      68617200 
 1180              	.LASF25:
 1181 0064 65696768 		.ascii	"eight\000"
 1181      7400
 1182              	.LASF38:
 1183 006a 474E5520 		.ascii	"GNU C11 5.4.1 20160609 (release) [ARM/embedded-5-br"
 1183      43313120 
 1183      352E342E 
 1183      31203230 
 1183      31363036 
 1184 009d 616E6368 		.ascii	"anch revision 237715] -mcpu=cortex-m3 -mthumb -g -O"
 1184      20726576 
 1184      6973696F 
ARM GAS  C:\Users\Kurty\AppData\Local\Temp\ccrliFdf.s 			page 25


 1184      6E203233 
 1184      37373135 
 1185 00d0 67202D66 		.ascii	"g -ffunction-sections -ffat-lto-objects\000"
 1185      66756E63 
 1185      74696F6E 
 1185      2D736563 
 1185      74696F6E 
 1186              	.LASF34:
 1187 00f8 706F776C 		.ascii	"powl\000"
 1187      00
 1188              	.LASF5:
 1189 00fd 6C6F6E67 		.ascii	"long unsigned int\000"
 1189      20756E73 
 1189      69676E65 
 1189      6420696E 
 1189      7400
 1190              	.LASF3:
 1191 010f 73686F72 		.ascii	"short unsigned int\000"
 1191      7420756E 
 1191      7369676E 
 1191      65642069 
 1191      6E7400
 1192              	.LASF19:
 1193 0122 49544D5F 		.ascii	"ITM_RxBuffer\000"
 1193      52784275 
 1193      66666572 
 1193      00
 1194              	.LASF30:
 1195 012f 64696769 		.ascii	"digitZero\000"
 1195      745A6572 
 1195      6F00
 1196              	.LASF1:
 1197 0139 756E7369 		.ascii	"unsigned char\000"
 1197      676E6564 
 1197      20636861 
 1197      7200
 1198              	.LASF17:
 1199 0147 63757272 		.ascii	"currentDigit\000"
 1199      656E7444 
 1199      69676974 
 1199      00
 1200              	.LASF42:
 1201 0154 6D61696E 		.ascii	"main\000"
 1201      00
 1202              	.LASF28:
 1203 0159 64696769 		.ascii	"digitTwo\000"
 1203      7454776F 
 1203      00
 1204              	.LASF23:
 1205 0162 66697665 		.ascii	"five\000"
 1205      00
 1206              	.LASF8:
 1207 0167 756E7369 		.ascii	"unsigned int\000"
 1207      676E6564 
 1207      20696E74 
 1207      00
 1208              	.LASF33:
ARM GAS  C:\Users\Kurty\AppData\Local\Temp\ccrliFdf.s 			page 26


 1209 0174 64696769 		.ascii	"digit\000"
 1209      7400
 1210              	.LASF7:
 1211 017a 6C6F6E67 		.ascii	"long long unsigned int\000"
 1211      206C6F6E 
 1211      6720756E 
 1211      7369676E 
 1211      65642069 
 1212              	.LASF18:
 1213 0191 63757272 		.ascii	"currentDigitInverted\000"
 1213      656E7444 
 1213      69676974 
 1213      496E7665 
 1213      72746564 
 1214              	.LASF31:
 1215 01a6 646F7446 		.ascii	"dotFlag\000"
 1215      6C616700 
 1216              	.LASF10:
 1217 01ae 696E7433 		.ascii	"int32_t\000"
 1217      325F7400 
 1218              	.LASF14:
 1219 01b6 73697A65 		.ascii	"sizetype\000"
 1219      74797065 
 1219      00
 1220              	.LASF6:
 1221 01bf 6C6F6E67 		.ascii	"long long int\000"
 1221      206C6F6E 
 1221      6720696E 
 1221      7400
 1222              	.LASF39:
 1223 01cd 6D61696E 		.ascii	"main.c\000"
 1223      2E6300
 1224              	.LASF21:
 1225 01d4 74687265 		.ascii	"three\000"
 1225      6500
 1226              	.LASF20:
 1227 01da 7A65726F 		.ascii	"zero\000"
 1227      00
 1228              	.LASF43:
 1229 01df 70756C73 		.ascii	"pulseDot\000"
 1229      65446F74 
 1229      00
 1230              	.LASF2:
 1231 01e8 73686F72 		.ascii	"short int\000"
 1231      7420696E 
 1231      7400
 1232              	.LASF27:
 1233 01f2 64696769 		.ascii	"digitThree\000"
 1233      74546872 
 1233      656500
 1234              	.LASF16:
 1235 01fd 696E6465 		.ascii	"index\000"
 1235      7800
 1236              	.LASF4:
 1237 0203 6C6F6E67 		.ascii	"long int\000"
 1237      20696E74 
 1237      00
ARM GAS  C:\Users\Kurty\AppData\Local\Temp\ccrliFdf.s 			page 27


 1238              	.LASF13:
 1239 020c 63686172 		.ascii	"char\000"
 1239      00
 1240              	.LASF40:
 1241 0211 433A5C55 		.ascii	"C:\\Users\\Kurty\\Documents\\Heart Rate Monitor PSo"
 1241      73657273 
 1241      5C4B7572 
 1241      74795C44 
 1241      6F63756D 
 1242 0240 435C4852 		.ascii	"C\\HR-Mon\\Heart Rate Monitor Workspace\\HRMon.cyds"
 1242      2D4D6F6E 
 1242      5C486561 
 1242      72742052 
 1242      61746520 
 1243 0270 6E00     		.ascii	"n\000"
 1244              	.LASF15:
 1245 0272 6C6F6E67 		.ascii	"long double\000"
 1245      20646F75 
 1245      626C6500 
 1246              	.LASF32:
 1247 027e 64697370 		.ascii	"displayData\000"
 1247      6C617944 
 1247      61746100 
 1248              	.LASF12:
 1249 028a 646F7562 		.ascii	"double\000"
 1249      6C6500
 1250              	.LASF29:
 1251 0291 64696769 		.ascii	"digitOne\000"
 1251      744F6E65 
 1251      00
 1252              	.LASF37:
 1253 029a 43794465 		.ascii	"CyDelay\000"
 1253      6C617900 
 1254              		.ident	"GCC: (GNU Tools for ARM Embedded Processors) 5.4.1 20160609 (release) [ARM/embedded-5-bran
